[ 2014-09-13T19:16:25+08:00 ] 127.0.0.1 /tp/index/Index/getPictures
INFO: [ route_check ] --START--
INFO: CheckRoute Behavior ::run [ RunTime:0.016001s ]
INFO: [ route_check ] --END-- [ RunTime:0.016001s ]
INFO: [ app_begin ] --START--
INFO: ReadHtmlCache Behavior ::run [ RunTime:0.002001s ]
INFO: [ app_begin ] --END-- [ RunTime:0.002001s ]
NOTIC: [2048] Declaration of BaseAction::ajaxReturn() should be compatible with Action::ajaxReturn($data, $type = '') E:\1.php\wamp\www\tp\Lib\Action\BaseAction.class.php 第 33 行.
SQL: tagsmedia.getCollection(pic) [ RunTime:0.000000s ]
NOTIC: [8] Undefined offset: 0 E:\1.php\wamp\www\tp\ThinkPHP\Extend\Driver\Db\DbMongo.class.php 第 715 行.
SQL: tagsmedia.pic.find({"pid":{"$lt":1000000022}},["_id","author_id","image","pid","description"]).sort({"pid":-1}).limit(10) [ RunTime:0.000000s ]

[ 2014-09-13T19:16:38+08:00 ] 127.0.0.1 /tp/pic/1000000027
INFO: [ route_check ] --START--
INFO: CheckRoute Behavior ::run [ RunTime:0.004001s ]
INFO: [ route_check ] --END-- [ RunTime:0.004001s ]
INFO: [ app_begin ] --START--
INFO: ReadHtmlCache Behavior ::run [ RunTime:0.002000s ]
INFO: [ app_begin ] --END-- [ RunTime:0.002000s ]
NOTIC: [2048] Declaration of BaseAction::ajaxReturn() should be compatible with Action::ajaxReturn($data, $type = '') E:\1.php\wamp\www\tp\Lib\Action\BaseAction.class.php 第 33 行.
INFO: [ view_parse ] --START--
INFO: ParseTemplate Behavior ::run [ RunTime:0.030002s ]
INFO: [ view_parse ] --END-- [ RunTime:0.030002s ]
INFO: [ view_filter ] --START--
INFO: ContentReplace Behavior ::run [ RunTime:0.006000s ]
INFO: TokenBuild Behavior ::run [ RunTime:0.001000s ]
INFO: WriteHtmlCache Behavior ::run [ RunTime:0.001001s ]
INFO: ShowRuntime Behavior ::run [ RunTime:0.002000s ]
INFO: [ view_filter ] --END-- [ RunTime:0.012001s ]
INFO: [ view_end ] --START--
INFO: ShowPageTrace Behavior ::run [ RunTime:0.002000s ]
INFO: [ view_end ] --END-- [ RunTime:0.002000s ]

[ 2014-09-13T19:16:41+08:00 ] 127.0.0.1 /tp/pic/1000000027
INFO: [ route_check ] --START--
INFO: CheckRoute Behavior ::run [ RunTime:0.001000s ]
INFO: [ route_check ] --END-- [ RunTime:0.002000s ]
INFO: [ app_begin ] --START--
INFO: ReadHtmlCache Behavior ::run [ RunTime:0.001000s ]
INFO: [ app_begin ] --END-- [ RunTime:0.001000s ]
NOTIC: [2048] Declaration of BaseAction::ajaxReturn() should be compatible with Action::ajaxReturn($data, $type = '') E:\1.php\wamp\www\tp\Lib\Action\BaseAction.class.php 第 33 行.
INFO: [ view_parse ] --START--
INFO: ParseTemplate Behavior ::run [ RunTime:0.014001s ]
INFO: [ view_parse ] --END-- [ RunTime:0.014001s ]
INFO: [ view_filter ] --START--
INFO: ContentReplace Behavior ::run [ RunTime:0.001000s ]
INFO: TokenBuild Behavior ::run [ RunTime:0.001000s ]
INFO: WriteHtmlCache Behavior ::run [ RunTime:0.000000s ]
INFO: ShowRuntime Behavior ::run [ RunTime:0.002000s ]
INFO: [ view_filter ] --END-- [ RunTime:0.005000s ]
INFO: [ view_end ] --START--
INFO: ShowPageTrace Behavior ::run [ RunTime:0.002000s ]
INFO: [ view_end ] --END-- [ RunTime:0.002000s ]

[ 2014-09-13T19:16:56+08:00 ] 127.0.0.1 /tp/
INFO: [ app_begin ] --START--
INFO: ReadHtmlCache Behavior ::run [ RunTime:0.002000s ]
INFO: [ app_begin ] --END-- [ RunTime:0.002000s ]
NOTIC: [2048] Declaration of BaseAction::ajaxReturn() should be compatible with Action::ajaxReturn($data, $type = '') E:\1.php\wamp\www\tp\Lib\Action\BaseAction.class.php 第 33 行.
INFO: [ view_parse ] --START--
INFO: ParseTemplate Behavior ::run [ RunTime:0.033002s ]
INFO: [ view_parse ] --END-- [ RunTime:0.033002s ]
INFO: [ view_filter ] --START--
INFO: ContentReplace Behavior ::run [ RunTime:0.001000s ]
INFO: TokenBuild Behavior ::run [ RunTime:0.001000s ]
INFO: WriteHtmlCache Behavior ::run [ RunTime:0.000000s ]
INFO: ShowRuntime Behavior ::run [ RunTime:0.002000s ]
INFO: [ view_filter ] --END-- [ RunTime:0.005000s ]
INFO: [ view_end ] --START--
INFO: ShowPageTrace Behavior ::run [ RunTime:0.001000s ]
INFO: [ view_end ] --END-- [ RunTime:0.002000s ]

[ 2014-09-13T19:16:59+08:00 ] 127.0.0.1 /tp/index/Index/getPictures
INFO: [ route_check ] --START--
INFO: CheckRoute Behavior ::run [ RunTime:0.002000s ]
INFO: [ route_check ] --END-- [ RunTime:0.002000s ]
INFO: [ app_begin ] --START--
INFO: ReadHtmlCache Behavior ::run [ RunTime:0.001000s ]
INFO: [ app_begin ] --END-- [ RunTime:0.003000s ]
NOTIC: [2048] Declaration of BaseAction::ajaxReturn() should be compatible with Action::ajaxReturn($data, $type = '') E:\1.php\wamp\www\tp\Lib\Action\BaseAction.class.php 第 33 行.
NOTIC: [8] Undefined index: lastPid E:\1.php\wamp\www\tp\Lib\Action\index\IndexAction.class.php 第 15 行.
SQL: tagsmedia.getCollection(pic) [ RunTime:0.000000s ]
NOTIC: [8] Undefined index: where E:\1.php\wamp\www\tp\ThinkPHP\Extend\Driver\Db\DbMongo.class.php 第 367 行.
NOTIC: [2] Invalid argument supplied for foreach() E:\1.php\wamp\www\tp\ThinkPHP\Extend\Driver\Db\DbMongo.class.php 第 648 行.
SQL: tagsmedia.pic.find({},["_id","author_id","image","pid","description"]).sort({"pid":-1}).limit(10) [ RunTime:0.000000s ]

[ 2014-09-13T19:17:04+08:00 ] 127.0.0.1 /tp/pic/1000000027
INFO: [ route_check ] --START--
INFO: CheckRoute Behavior ::run [ RunTime:0.002001s ]
INFO: [ route_check ] --END-- [ RunTime:0.002001s ]
INFO: [ app_begin ] --START--
INFO: ReadHtmlCache Behavior ::run [ RunTime:0.001000s ]
INFO: [ app_begin ] --END-- [ RunTime:0.002000s ]
NOTIC: [2048] Declaration of BaseAction::ajaxReturn() should be compatible with Action::ajaxReturn($data, $type = '') E:\1.php\wamp\www\tp\Lib\Action\BaseAction.class.php 第 33 行.
INFO: [ view_parse ] --START--
INFO: ParseTemplate Behavior ::run [ RunTime:0.014001s ]
INFO: [ view_parse ] --END-- [ RunTime:0.014001s ]
INFO: [ view_filter ] --START--
INFO: ContentReplace Behavior ::run [ RunTime:0.001000s ]
INFO: TokenBuild Behavior ::run [ RunTime:0.001000s ]
INFO: WriteHtmlCache Behavior ::run [ RunTime:0.001000s ]
INFO: ShowRuntime Behavior ::run [ RunTime:0.001000s ]
INFO: [ view_filter ] --END-- [ RunTime:0.004000s ]
INFO: [ view_end ] --START--
INFO: ShowPageTrace Behavior ::run [ RunTime:0.001000s ]
INFO: [ view_end ] --END-- [ RunTime:0.002000s ]

[ 2014-09-13T19:17:16+08:00 ] 127.0.0.1 /tp/
INFO: [ app_begin ] --START--
INFO: ReadHtmlCache Behavior ::run [ RunTime:0.002000s ]
INFO: [ app_begin ] --END-- [ RunTime:0.003000s ]
NOTIC: [2048] Declaration of BaseAction::ajaxReturn() should be compatible with Action::ajaxReturn($data, $type = '') E:\1.php\wamp\www\tp\Lib\Action\BaseAction.class.php 第 33 行.
INFO: [ view_parse ] --START--
INFO: ParseTemplate Behavior ::run [ RunTime:0.016001s ]
INFO: [ view_parse ] --END-- [ RunTime:0.016001s ]
INFO: [ view_filter ] --START--
INFO: ContentReplace Behavior ::run [ RunTime:0.001000s ]
INFO: TokenBuild Behavior ::run [ RunTime:0.002000s ]
INFO: WriteHtmlCache Behavior ::run [ RunTime:0.001000s ]
INFO: ShowRuntime Behavior ::run [ RunTime:0.001000s ]
INFO: [ view_filter ] --END-- [ RunTime:0.007000s ]
INFO: [ view_end ] --START--
INFO: ShowPageTrace Behavior ::run [ RunTime:0.003000s ]
INFO: [ view_end ] --END-- [ RunTime:0.003000s ]

[ 2014-09-13T19:17:19+08:00 ] 127.0.0.1 /tp/index/Index/getPictures
INFO: [ route_check ] --START--
INFO: CheckRoute Behavior ::run [ RunTime:0.004000s ]
INFO: [ route_check ] --END-- [ RunTime:0.005000s ]
INFO: [ app_begin ] --START--
INFO: ReadHtmlCache Behavior ::run [ RunTime:0.003000s ]
INFO: [ app_begin ] --END-- [ RunTime:0.003000s ]
NOTIC: [2048] Declaration of BaseAction::ajaxReturn() should be compatible with Action::ajaxReturn($data, $type = '') E:\1.php\wamp\www\tp\Lib\Action\BaseAction.class.php 第 33 行.
NOTIC: [8] Undefined index: lastPid E:\1.php\wamp\www\tp\Lib\Action\index\IndexAction.class.php 第 15 行.
SQL: tagsmedia.getCollection(pic) [ RunTime:0.000000s ]
NOTIC: [8] Undefined index: where E:\1.php\wamp\www\tp\ThinkPHP\Extend\Driver\Db\DbMongo.class.php 第 367 行.
NOTIC: [2] Invalid argument supplied for foreach() E:\1.php\wamp\www\tp\ThinkPHP\Extend\Driver\Db\DbMongo.class.php 第 648 行.
SQL: tagsmedia.pic.find({},["_id","author_id","image","pid","description"]).sort({"pid":-1}).limit(10) [ RunTime:0.001000s ]

[ 2014-09-13T19:27:48+08:00 ] 127.0.0.1 /tp/index/Index/getPictures
INFO: [ route_check ] --START--
INFO: CheckRoute Behavior ::run [ RunTime:0.000000s ]
INFO: [ route_check ] --END-- [ RunTime:0.000000s ]
INFO: [ app_begin ] --START--
INFO: ReadHtmlCache Behavior ::run [ RunTime:0.000000s ]
INFO: [ app_begin ] --END-- [ RunTime:0.000000s ]
NOTIC: [2048] Declaration of BaseAction::ajaxReturn() should be compatible with Action::ajaxReturn($data, $type = '') E:\1.php\wamp\www\tp\Lib\Action\BaseAction.class.php 第 33 行.
SQL: tagsmedia.getCollection(pic) [ RunTime:0.000000s ]
NOTIC: [8] Undefined offset: 0 E:\1.php\wamp\www\tp\ThinkPHP\Extend\Driver\Db\DbMongo.class.php 第 715 行.
SQL: tagsmedia.pic.find({"pid":{"$lt":1000000022}},["_id","author_id","image","pid","description"]).sort({"pid":-1}).limit(10) [ RunTime:0.000000s ]

[ 2014-09-13T19:28:06+08:00 ] 127.0.0.1 /tp/
INFO: [ app_begin ] --START--
INFO: ReadHtmlCache Behavior ::run [ RunTime:0.000000s ]
INFO: [ app_begin ] --END-- [ RunTime:0.000000s ]
NOTIC: [2048] Declaration of BaseAction::ajaxReturn() should be compatible with Action::ajaxReturn($data, $type = '') E:\1.php\wamp\www\tp\Lib\Action\BaseAction.class.php 第 33 行.
INFO: [ view_parse ] --START--
INFO: ParseTemplate Behavior ::run [ RunTime:0.015600s ]
INFO: [ view_parse ] --END-- [ RunTime:0.015600s ]
INFO: [ view_filter ] --START--
INFO: ContentReplace Behavior ::run [ RunTime:0.000000s ]
INFO: TokenBuild Behavior ::run [ RunTime:0.000000s ]
INFO: WriteHtmlCache Behavior ::run [ RunTime:0.000000s ]
INFO: ShowRuntime Behavior ::run [ RunTime:0.000000s ]
INFO: [ view_filter ] --END-- [ RunTime:0.000000s ]
INFO: [ view_end ] --START--
INFO: ShowPageTrace Behavior ::run [ RunTime:0.000000s ]
INFO: [ view_end ] --END-- [ RunTime:0.000000s ]

[ 2014-09-13T19:28:08+08:00 ] 127.0.0.1 /tp/index/Index/getPictures
INFO: [ route_check ] --START--
INFO: CheckRoute Behavior ::run [ RunTime:0.000000s ]
INFO: [ route_check ] --END-- [ RunTime:0.000000s ]
INFO: [ app_begin ] --START--
INFO: ReadHtmlCache Behavior ::run [ RunTime:0.000000s ]
INFO: [ app_begin ] --END-- [ RunTime:0.000000s ]
NOTIC: [2048] Declaration of BaseAction::ajaxReturn() should be compatible with Action::ajaxReturn($data, $type = '') E:\1.php\wamp\www\tp\Lib\Action\BaseAction.class.php 第 33 行.
NOTIC: [8] Undefined index: lastPid E:\1.php\wamp\www\tp\Lib\Action\index\IndexAction.class.php 第 15 行.
SQL: tagsmedia.getCollection(pic) [ RunTime:0.000000s ]
NOTIC: [8] Undefined index: where E:\1.php\wamp\www\tp\ThinkPHP\Extend\Driver\Db\DbMongo.class.php 第 367 行.
NOTIC: [2] Invalid argument supplied for foreach() E:\1.php\wamp\www\tp\ThinkPHP\Extend\Driver\Db\DbMongo.class.php 第 648 行.
SQL: tagsmedia.pic.find({},["_id","author_id","image","pid","description"]).sort({"pid":-1}).limit(10) [ RunTime:0.000000s ]

[ 2014-09-13T19:28:11+08:00 ] 127.0.0.1 /tp/index/Index/getPictures
INFO: [ route_check ] --START--
INFO: CheckRoute Behavior ::run [ RunTime:0.000000s ]
INFO: [ route_check ] --END-- [ RunTime:0.000000s ]
INFO: [ app_begin ] --START--
INFO: ReadHtmlCache Behavior ::run [ RunTime:0.000000s ]
INFO: [ app_begin ] --END-- [ RunTime:0.000000s ]
NOTIC: [2048] Declaration of BaseAction::ajaxReturn() should be compatible with Action::ajaxReturn($data, $type = '') E:\1.php\wamp\www\tp\Lib\Action\BaseAction.class.php 第 33 行.
SQL: tagsmedia.getCollection(pic) [ RunTime:0.000000s ]
NOTIC: [8] Undefined offset: 0 E:\1.php\wamp\www\tp\ThinkPHP\Extend\Driver\Db\DbMongo.class.php 第 715 行.
SQL: tagsmedia.pic.find({"pid":{"$lt":1000000022}},["_id","author_id","image","pid","description"]).sort({"pid":-1}).limit(10) [ RunTime:0.000000s ]

[ 2014-09-13T19:28:18+08:00 ] 127.0.0.1 /tp/index/Index/getPictures
INFO: [ route_check ] --START--
INFO: CheckRoute Behavior ::run [ RunTime:0.000000s ]
INFO: [ route_check ] --END-- [ RunTime:0.000000s ]
INFO: [ app_begin ] --START--
INFO: ReadHtmlCache Behavior ::run [ RunTime:0.000000s ]
INFO: [ app_begin ] --END-- [ RunTime:0.000000s ]
NOTIC: [2048] Declaration of BaseAction::ajaxReturn() should be compatible with Action::ajaxReturn($data, $type = '') E:\1.php\wamp\www\tp\Lib\Action\BaseAction.class.php 第 33 行.
SQL: tagsmedia.getCollection(pic) [ RunTime:0.000000s ]
NOTIC: [8] Undefined offset: 0 E:\1.php\wamp\www\tp\ThinkPHP\Extend\Driver\Db\DbMongo.class.php 第 715 行.
SQL: tagsmedia.pic.find({"pid":{"$lt":1000000012}},["_id","author_id","image","pid","description"]).sort({"pid":-1}).limit(10) [ RunTime:0.000000s ]

[ 2014-09-13T19:28:19+08:00 ] 127.0.0.1 /tp/index/Index/getPictures
INFO: [ route_check ] --START--
INFO: CheckRoute Behavior ::run [ RunTime:0.000000s ]
INFO: [ route_check ] --END-- [ RunTime:0.000000s ]
INFO: [ app_begin ] --START--
INFO: ReadHtmlCache Behavior ::run [ RunTime:0.000000s ]
INFO: [ app_begin ] --END-- [ RunTime:0.000000s ]
NOTIC: [2048] Declaration of BaseAction::ajaxReturn() should be compatible with Action::ajaxReturn($data, $type = '') E:\1.php\wamp\www\tp\Lib\Action\BaseAction.class.php 第 33 行.
SQL: tagsmedia.getCollection(pic) [ RunTime:0.000000s ]
NOTIC: [8] Undefined offset: 0 E:\1.php\wamp\www\tp\ThinkPHP\Extend\Driver\Db\DbMongo.class.php 第 715 行.
SQL: tagsmedia.pic.find({"pid":{"$lt":1000000002}},["_id","author_id","image","pid","description"]).sort({"pid":-1}).limit(10) [ RunTime:0.000000s ]

[ 2014-09-13T20:10:52+08:00 ] 127.0.0.1 /tp/pic/1000000027
INFO: [ route_check ] --START--
INFO: CheckRoute Behavior ::run [ RunTime:0.002001s ]
INFO: [ route_check ] --END-- [ RunTime:0.002001s ]
INFO: [ app_begin ] --START--
INFO: ReadHtmlCache Behavior ::run [ RunTime:0.002000s ]
INFO: [ app_begin ] --END-- [ RunTime:0.002000s ]
NOTIC: [2048] Declaration of BaseAction::ajaxReturn() should be compatible with Action::ajaxReturn($data, $type = '') E:\1.php\wamp\www\tp\Lib\Action\BaseAction.class.php 第 33 行.
INFO: [ view_parse ] --START--
INFO: ParseTemplate Behavior ::run [ RunTime:0.015001s ]
INFO: [ view_parse ] --END-- [ RunTime:0.015001s ]
INFO: [ view_filter ] --START--
INFO: ContentReplace Behavior ::run [ RunTime:0.001000s ]
INFO: TokenBuild Behavior ::run [ RunTime:0.001000s ]
INFO: WriteHtmlCache Behavior ::run [ RunTime:0.001000s ]
INFO: ShowRuntime Behavior ::run [ RunTime:0.002000s ]
INFO: [ view_filter ] --END-- [ RunTime:0.006000s ]
INFO: [ view_end ] --START--
INFO: ShowPageTrace Behavior ::run [ RunTime:0.001000s ]
INFO: [ view_end ] --END-- [ RunTime:0.002000s ]

[ 2014-09-13T20:10:54+08:00 ] 127.0.0.1 /tp/
INFO: [ app_begin ] --START--
INFO: ReadHtmlCache Behavior ::run [ RunTime:0.001000s ]
INFO: [ app_begin ] --END-- [ RunTime:0.002000s ]
NOTIC: [2048] Declaration of BaseAction::ajaxReturn() should be compatible with Action::ajaxReturn($data, $type = '') E:\1.php\wamp\www\tp\Lib\Action\BaseAction.class.php 第 33 行.
INFO: [ view_parse ] --START--
INFO: ParseTemplate Behavior ::run [ RunTime:0.041003s ]
INFO: [ view_parse ] --END-- [ RunTime:0.042003s ]
INFO: [ view_filter ] --START--
INFO: ContentReplace Behavior ::run [ RunTime:0.004000s ]
INFO: TokenBuild Behavior ::run [ RunTime:0.002000s ]
INFO: WriteHtmlCache Behavior ::run [ RunTime:0.001000s ]
INFO: ShowRuntime Behavior ::run [ RunTime:0.002000s ]
INFO: [ view_filter ] --END-- [ RunTime:0.011000s ]
INFO: [ view_end ] --START--
INFO: ShowPageTrace Behavior ::run [ RunTime:0.001000s ]
INFO: [ view_end ] --END-- [ RunTime:0.002000s ]

[ 2014-09-13T20:10:56+08:00 ] 127.0.0.1 /tp/index/Index/getPictures
INFO: [ route_check ] --START--
INFO: CheckRoute Behavior ::run [ RunTime:0.002000s ]
INFO: [ route_check ] --END-- [ RunTime:0.002000s ]
INFO: [ app_begin ] --START--
INFO: ReadHtmlCache Behavior ::run [ RunTime:0.003000s ]
INFO: [ app_begin ] --END-- [ RunTime:0.004000s ]
NOTIC: [2048] Declaration of BaseAction::ajaxReturn() should be compatible with Action::ajaxReturn($data, $type = '') E:\1.php\wamp\www\tp\Lib\Action\BaseAction.class.php 第 33 行.
NOTIC: [8] Undefined index: lastPid E:\1.php\wamp\www\tp\Lib\Action\index\IndexAction.class.php 第 15 行.
SQL: tagsmedia.getCollection(pic) [ RunTime:0.000000s ]
NOTIC: [8] Undefined index: where E:\1.php\wamp\www\tp\ThinkPHP\Extend\Driver\Db\DbMongo.class.php 第 367 行.
NOTIC: [2] Invalid argument supplied for foreach() E:\1.php\wamp\www\tp\ThinkPHP\Extend\Driver\Db\DbMongo.class.php 第 648 行.
SQL: tagsmedia.pic.find({},["_id","author_id","image","pid","description"]).sort({"pid":-1}).limit(10) [ RunTime:0.000000s ]

[ 2014-09-13T20:10:57+08:00 ] 127.0.0.1 /tp/
INFO: [ app_begin ] --START--
INFO: ReadHtmlCache Behavior ::run [ RunTime:0.001000s ]
INFO: [ app_begin ] --END-- [ RunTime:0.001000s ]
NOTIC: [2048] Declaration of BaseAction::ajaxReturn() should be compatible with Action::ajaxReturn($data, $type = '') E:\1.php\wamp\www\tp\Lib\Action\BaseAction.class.php 第 33 行.
INFO: [ view_parse ] --START--
INFO: ParseTemplate Behavior ::run [ RunTime:0.019001s ]
INFO: [ view_parse ] --END-- [ RunTime:0.019001s ]
INFO: [ view_filter ] --START--
INFO: ContentReplace Behavior ::run [ RunTime:0.001000s ]
INFO: TokenBuild Behavior ::run [ RunTime:0.001000s ]
INFO: WriteHtmlCache Behavior ::run [ RunTime:0.000000s ]
INFO: ShowRuntime Behavior ::run [ RunTime:0.001000s ]
INFO: [ view_filter ] --END-- [ RunTime:0.005000s ]
INFO: [ view_end ] --START--
INFO: ShowPageTrace Behavior ::run [ RunTime:0.001000s ]
INFO: [ view_end ] --END-- [ RunTime:0.001000s ]

[ 2014-09-13T20:10:59+08:00 ] 127.0.0.1 /tp/index/Index/getPictures
INFO: [ route_check ] --START--
INFO: CheckRoute Behavior ::run [ RunTime:0.003000s ]
INFO: [ route_check ] --END-- [ RunTime:0.003000s ]
INFO: [ app_begin ] --START--
INFO: ReadHtmlCache Behavior ::run [ RunTime:0.002000s ]
INFO: [ app_begin ] --END-- [ RunTime:0.003000s ]
NOTIC: [2048] Declaration of BaseAction::ajaxReturn() should be compatible with Action::ajaxReturn($data, $type = '') E:\1.php\wamp\www\tp\Lib\Action\BaseAction.class.php 第 33 行.
NOTIC: [8] Undefined index: lastPid E:\1.php\wamp\www\tp\Lib\Action\index\IndexAction.class.php 第 15 行.
SQL: tagsmedia.getCollection(pic) [ RunTime:0.000000s ]
NOTIC: [8] Undefined index: where E:\1.php\wamp\www\tp\ThinkPHP\Extend\Driver\Db\DbMongo.class.php 第 367 行.
NOTIC: [2] Invalid argument supplied for foreach() E:\1.php\wamp\www\tp\ThinkPHP\Extend\Driver\Db\DbMongo.class.php 第 648 行.
SQL: tagsmedia.pic.find({},["_id","author_id","image","pid","description"]).sort({"pid":-1}).limit(10) [ RunTime:0.001000s ]

[ 2014-09-13T20:11:05+08:00 ] 127.0.0.1 /tp/index/Index/getPictures
INFO: [ route_check ] --START--
INFO: CheckRoute Behavior ::run [ RunTime:0.001000s ]
INFO: [ route_check ] --END-- [ RunTime:0.002000s ]
INFO: [ app_begin ] --START--
INFO: ReadHtmlCache Behavior ::run [ RunTime:0.001000s ]
INFO: [ app_begin ] --END-- [ RunTime:0.001000s ]
NOTIC: [2048] Declaration of BaseAction::ajaxReturn() should be compatible with Action::ajaxReturn($data, $type = '') E:\1.php\wamp\www\tp\Lib\Action\BaseAction.class.php 第 33 行.
SQL: tagsmedia.getCollection(pic) [ RunTime:0.000000s ]
NOTIC: [8] Undefined offset: 0 E:\1.php\wamp\www\tp\ThinkPHP\Extend\Driver\Db\DbMongo.class.php 第 715 行.
SQL: tagsmedia.pic.find({"pid":{"$lt":1000000022}},["_id","author_id","image","pid","description"]).sort({"pid":-1}).limit(10) [ RunTime:0.001000s ]

[ 2014-09-13T20:11:10+08:00 ] 127.0.0.1 /tp/index/Index/getPictures
INFO: [ route_check ] --START--
INFO: CheckRoute Behavior ::run [ RunTime:0.002000s ]
INFO: [ route_check ] --END-- [ RunTime:0.003000s ]
INFO: [ app_begin ] --START--
INFO: ReadHtmlCache Behavior ::run [ RunTime:0.001000s ]
INFO: [ app_begin ] --END-- [ RunTime:0.002000s ]
NOTIC: [2048] Declaration of BaseAction::ajaxReturn() should be compatible with Action::ajaxReturn($data, $type = '') E:\1.php\wamp\www\tp\Lib\Action\BaseAction.class.php 第 33 行.
SQL: tagsmedia.getCollection(pic) [ RunTime:0.000000s ]
NOTIC: [8] Undefined offset: 0 E:\1.php\wamp\www\tp\ThinkPHP\Extend\Driver\Db\DbMongo.class.php 第 715 行.
SQL: tagsmedia.pic.find({"pid":{"$lt":1000000012}},["_id","author_id","image","pid","description"]).sort({"pid":-1}).limit(10) [ RunTime:0.001001s ]

[ 2014-09-13T20:11:12+08:00 ] 127.0.0.1 /tp/index/Index/getPictures
INFO: [ route_check ] --START--
INFO: CheckRoute Behavior ::run [ RunTime:0.001000s ]
INFO: [ route_check ] --END-- [ RunTime:0.002000s ]
INFO: [ app_begin ] --START--
INFO: ReadHtmlCache Behavior ::run [ RunTime:0.001000s ]
INFO: [ app_begin ] --END-- [ RunTime:0.001000s ]
NOTIC: [2048] Declaration of BaseAction::ajaxReturn() should be compatible with Action::ajaxReturn($data, $type = '') E:\1.php\wamp\www\tp\Lib\Action\BaseAction.class.php 第 33 行.
SQL: tagsmedia.getCollection(pic) [ RunTime:0.000000s ]
NOTIC: [8] Undefined offset: 0 E:\1.php\wamp\www\tp\ThinkPHP\Extend\Driver\Db\DbMongo.class.php 第 715 行.
SQL: tagsmedia.pic.find({"pid":{"$lt":1000000002}},["_id","author_id","image","pid","description"]).sort({"pid":-1}).limit(10) [ RunTime:0.000000s ]

[ 2014-09-13T20:16:35+08:00 ] 127.0.0.1 /tp/pic/1000000027
INFO: [ route_check ] --START--
INFO: CheckRoute Behavior ::run [ RunTime:0.004000s ]
INFO: [ route_check ] --END-- [ RunTime:0.004000s ]
INFO: [ app_begin ] --START--
INFO: ReadHtmlCache Behavior ::run [ RunTime:0.002000s ]
INFO: [ app_begin ] --END-- [ RunTime:0.003000s ]
NOTIC: [2048] Declaration of BaseAction::ajaxReturn() should be compatible with Action::ajaxReturn($data, $type = '') E:\1.php\wamp\www\tp\Lib\Action\BaseAction.class.php 第 33 行.
INFO: [ view_parse ] --START--
INFO: ParseTemplate Behavior ::run [ RunTime:0.020001s ]
INFO: [ view_parse ] --END-- [ RunTime:0.020001s ]
INFO: [ view_filter ] --START--
INFO: ContentReplace Behavior ::run [ RunTime:0.001000s ]
INFO: TokenBuild Behavior ::run [ RunTime:0.001000s ]
INFO: WriteHtmlCache Behavior ::run [ RunTime:0.001000s ]
INFO: ShowRuntime Behavior ::run [ RunTime:0.002000s ]
INFO: [ view_filter ] --END-- [ RunTime:0.008000s ]
INFO: [ view_end ] --START--
INFO: ShowPageTrace Behavior ::run [ RunTime:0.002001s ]
INFO: [ view_end ] --END-- [ RunTime:0.003001s ]

[ 2014-09-13T20:16:37+08:00 ] 127.0.0.1 /tp/
INFO: [ app_begin ] --START--
INFO: ReadHtmlCache Behavior ::run [ RunTime:0.002000s ]
INFO: [ app_begin ] --END-- [ RunTime:0.002000s ]
NOTIC: [2048] Declaration of BaseAction::ajaxReturn() should be compatible with Action::ajaxReturn($data, $type = '') E:\1.php\wamp\www\tp\Lib\Action\BaseAction.class.php 第 33 行.
INFO: [ view_parse ] --START--
INFO: ParseTemplate Behavior ::run [ RunTime:0.016001s ]
INFO: [ view_parse ] --END-- [ RunTime:0.016001s ]
INFO: [ view_filter ] --START--
INFO: ContentReplace Behavior ::run [ RunTime:0.001000s ]
INFO: TokenBuild Behavior ::run [ RunTime:0.001000s ]
INFO: WriteHtmlCache Behavior ::run [ RunTime:0.000000s ]
INFO: ShowRuntime Behavior ::run [ RunTime:0.001000s ]
INFO: [ view_filter ] --END-- [ RunTime:0.005000s ]
INFO: [ view_end ] --START--
INFO: ShowPageTrace Behavior ::run [ RunTime:0.001000s ]
INFO: [ view_end ] --END-- [ RunTime:0.001000s ]

[ 2014-09-13T20:16:39+08:00 ] 127.0.0.1 /tp/index/Index/getPictures
INFO: [ route_check ] --START--
INFO: CheckRoute Behavior ::run [ RunTime:0.003000s ]
INFO: [ route_check ] --END-- [ RunTime:0.003000s ]
INFO: [ app_begin ] --START--
INFO: ReadHtmlCache Behavior ::run [ RunTime:0.001000s ]
INFO: [ app_begin ] --END-- [ RunTime:0.002000s ]
NOTIC: [2048] Declaration of BaseAction::ajaxReturn() should be compatible with Action::ajaxReturn($data, $type = '') E:\1.php\wamp\www\tp\Lib\Action\BaseAction.class.php 第 33 行.
NOTIC: [8] Undefined index: lastPid E:\1.php\wamp\www\tp\Lib\Action\index\IndexAction.class.php 第 15 行.
SQL: tagsmedia.getCollection(pic) [ RunTime:0.000000s ]
NOTIC: [8] Undefined index: where E:\1.php\wamp\www\tp\ThinkPHP\Extend\Driver\Db\DbMongo.class.php 第 367 行.
NOTIC: [2] Invalid argument supplied for foreach() E:\1.php\wamp\www\tp\ThinkPHP\Extend\Driver\Db\DbMongo.class.php 第 648 行.
SQL: tagsmedia.pic.find({},["_id","author_id","image","pid","description"]).sort({"pid":-1}).limit(10) [ RunTime:0.001000s ]

[ 2014-09-13T20:24:30+08:00 ] 127.0.0.1 /tp/
INFO: [ app_begin ] --START--
INFO: ReadHtmlCache Behavior ::run [ RunTime:0.002000s ]
INFO: [ app_begin ] --END-- [ RunTime:0.002000s ]
NOTIC: [2048] Declaration of BaseAction::ajaxReturn() should be compatible with Action::ajaxReturn($data, $type = '') E:\1.php\wamp\www\tp\Lib\Action\BaseAction.class.php 第 33 行.
INFO: [ view_parse ] --START--
INFO: ParseTemplate Behavior ::run [ RunTime:0.021002s ]
INFO: [ view_parse ] --END-- [ RunTime:0.021002s ]
INFO: [ view_filter ] --START--
INFO: ContentReplace Behavior ::run [ RunTime:0.001000s ]
INFO: TokenBuild Behavior ::run [ RunTime:0.001000s ]
INFO: WriteHtmlCache Behavior ::run [ RunTime:0.001000s ]
INFO: ShowRuntime Behavior ::run [ RunTime:0.002000s ]
INFO: [ view_filter ] --END-- [ RunTime:0.006000s ]
INFO: [ view_end ] --START--
INFO: ShowPageTrace Behavior ::run [ RunTime:0.002000s ]
INFO: [ view_end ] --END-- [ RunTime:0.003000s ]

[ 2014-09-13T20:24:33+08:00 ] 127.0.0.1 /tp/index/Index/getPictures
INFO: [ route_check ] --START--
INFO: CheckRoute Behavior ::run [ RunTime:0.002000s ]
INFO: [ route_check ] --END-- [ RunTime:0.002000s ]
INFO: [ app_begin ] --START--
INFO: ReadHtmlCache Behavior ::run [ RunTime:0.002000s ]
INFO: [ app_begin ] --END-- [ RunTime:0.002000s ]
NOTIC: [2048] Declaration of BaseAction::ajaxReturn() should be compatible with Action::ajaxReturn($data, $type = '') E:\1.php\wamp\www\tp\Lib\Action\BaseAction.class.php 第 33 行.
NOTIC: [8] Undefined index: lastPid E:\1.php\wamp\www\tp\Lib\Action\index\IndexAction.class.php 第 15 行.
SQL: tagsmedia.getCollection(pic) [ RunTime:0.000000s ]
NOTIC: [8] Undefined index: where E:\1.php\wamp\www\tp\ThinkPHP\Extend\Driver\Db\DbMongo.class.php 第 367 行.
NOTIC: [2] Invalid argument supplied for foreach() E:\1.php\wamp\www\tp\ThinkPHP\Extend\Driver\Db\DbMongo.class.php 第 648 行.
SQL: tagsmedia.pic.find({},["_id","author_id","image","pid","description"]).sort({"pid":-1}).limit(10) [ RunTime:0.000000s ]

[ 2014-09-13T20:24:44+08:00 ] 127.0.0.1 /tp/index/Index/uploadPage
INFO: [ route_check ] --START--
INFO: CheckRoute Behavior ::run [ RunTime:0.002001s ]
INFO: [ route_check ] --END-- [ RunTime:0.003001s ]
INFO: [ app_begin ] --START--
INFO: ReadHtmlCache Behavior ::run [ RunTime:0.002000s ]
INFO: [ app_begin ] --END-- [ RunTime:0.002000s ]
NOTIC: [2048] Declaration of BaseAction::ajaxReturn() should be compatible with Action::ajaxReturn($data, $type = '') E:\1.php\wamp\www\tp\Lib\Action\BaseAction.class.php 第 33 行.
INFO: [ view_parse ] --START--
INFO: ParseTemplate Behavior ::run [ RunTime:0.021001s ]
INFO: [ view_parse ] --END-- [ RunTime:0.022001s ]
INFO: [ view_filter ] --START--
INFO: ContentReplace Behavior ::run [ RunTime:0.002001s ]
INFO: TokenBuild Behavior ::run [ RunTime:0.002000s ]
INFO: WriteHtmlCache Behavior ::run [ RunTime:0.001000s ]
INFO: ShowRuntime Behavior ::run [ RunTime:0.002000s ]
INFO: [ view_filter ] --END-- [ RunTime:0.009001s ]
INFO: [ view_end ] --START--
INFO: ShowPageTrace Behavior ::run [ RunTime:0.001000s ]
INFO: [ view_end ] --END-- [ RunTime:0.003000s ]

[ 2014-09-13T20:24:54+08:00 ] 127.0.0.1 /tp/
INFO: [ app_begin ] --START--
INFO: ReadHtmlCache Behavior ::run [ RunTime:0.002000s ]
INFO: [ app_begin ] --END-- [ RunTime:0.002000s ]
NOTIC: [2048] Declaration of BaseAction::ajaxReturn() should be compatible with Action::ajaxReturn($data, $type = '') E:\1.php\wamp\www\tp\Lib\Action\BaseAction.class.php 第 33 行.
INFO: [ view_parse ] --START--
INFO: ParseTemplate Behavior ::run [ RunTime:0.015001s ]
INFO: [ view_parse ] --END-- [ RunTime:0.015001s ]
INFO: [ view_filter ] --START--
INFO: ContentReplace Behavior ::run [ RunTime:0.001000s ]
INFO: TokenBuild Behavior ::run [ RunTime:0.002000s ]
INFO: WriteHtmlCache Behavior ::run [ RunTime:0.001000s ]
INFO: ShowRuntime Behavior ::run [ RunTime:0.002000s ]
INFO: [ view_filter ] --END-- [ RunTime:0.008000s ]
INFO: [ view_end ] --START--
INFO: ShowPageTrace Behavior ::run [ RunTime:0.003001s ]
INFO: [ view_end ] --END-- [ RunTime:0.003001s ]

[ 2014-09-13T20:24:56+08:00 ] 127.0.0.1 /tp/index/Index/getPictures
INFO: [ route_check ] --START--
INFO: CheckRoute Behavior ::run [ RunTime:0.002000s ]
INFO: [ route_check ] --END-- [ RunTime:0.002000s ]
INFO: [ app_begin ] --START--
INFO: ReadHtmlCache Behavior ::run [ RunTime:0.001000s ]
INFO: [ app_begin ] --END-- [ RunTime:0.001000s ]
NOTIC: [2048] Declaration of BaseAction::ajaxReturn() should be compatible with Action::ajaxReturn($data, $type = '') E:\1.php\wamp\www\tp\Lib\Action\BaseAction.class.php 第 33 行.
NOTIC: [8] Undefined index: lastPid E:\1.php\wamp\www\tp\Lib\Action\index\IndexAction.class.php 第 15 行.
SQL: tagsmedia.getCollection(pic) [ RunTime:0.001001s ]
NOTIC: [8] Undefined index: where E:\1.php\wamp\www\tp\ThinkPHP\Extend\Driver\Db\DbMongo.class.php 第 367 行.
NOTIC: [2] Invalid argument supplied for foreach() E:\1.php\wamp\www\tp\ThinkPHP\Extend\Driver\Db\DbMongo.class.php 第 648 行.
SQL: tagsmedia.pic.find({},["_id","author_id","image","pid","description"]).sort({"pid":-1}).limit(10) [ RunTime:0.001000s ]

[ 2014-09-13T20:25:42+08:00 ] 127.0.0.1 /tp/index/Index/getPictures
INFO: [ route_check ] --START--
INFO: CheckRoute Behavior ::run [ RunTime:0.002000s ]
INFO: [ route_check ] --END-- [ RunTime:0.002000s ]
INFO: [ app_begin ] --START--
INFO: ReadHtmlCache Behavior ::run [ RunTime:0.001000s ]
INFO: [ app_begin ] --END-- [ RunTime:0.003000s ]
NOTIC: [2048] Declaration of BaseAction::ajaxReturn() should be compatible with Action::ajaxReturn($data, $type = '') E:\1.php\wamp\www\tp\Lib\Action\BaseAction.class.php 第 33 行.
SQL: tagsmedia.getCollection(pic) [ RunTime:0.000000s ]
NOTIC: [8] Undefined offset: 0 E:\1.php\wamp\www\tp\ThinkPHP\Extend\Driver\Db\DbMongo.class.php 第 715 行.
SQL: tagsmedia.pic.find({"pid":{"$lt":1000000022}},["_id","author_id","image","pid","description"]).sort({"pid":-1}).limit(10) [ RunTime:0.000000s ]

[ 2014-09-13T20:30:05+08:00 ] 127.0.0.1 /tp/index/Index/getPictures
INFO: [ route_check ] --START--
INFO: CheckRoute Behavior ::run [ RunTime:0.002000s ]
INFO: [ route_check ] --END-- [ RunTime:0.004000s ]
INFO: [ app_begin ] --START--
INFO: ReadHtmlCache Behavior ::run [ RunTime:0.003000s ]
INFO: [ app_begin ] --END-- [ RunTime:0.004000s ]
NOTIC: [2048] Declaration of BaseAction::ajaxReturn() should be compatible with Action::ajaxReturn($data, $type = '') E:\1.php\wamp\www\tp\Lib\Action\BaseAction.class.php 第 33 行.
SQL: tagsmedia.getCollection(pic) [ RunTime:0.000000s ]
NOTIC: [8] Undefined offset: 0 E:\1.php\wamp\www\tp\ThinkPHP\Extend\Driver\Db\DbMongo.class.php 第 715 行.
SQL: tagsmedia.pic.find({"pid":{"$lt":1000000012}},["_id","author_id","image","pid","description"]).sort({"pid":-1}).limit(10) [ RunTime:0.001000s ]

[ 2014-09-13T20:37:38+08:00 ] 127.0.0.1 /tp/index/Index/getPictures
INFO: [ route_check ] --START--
INFO: CheckRoute Behavior ::run [ RunTime:0.002000s ]
INFO: [ route_check ] --END-- [ RunTime:0.002000s ]
INFO: [ app_begin ] --START--
INFO: ReadHtmlCache Behavior ::run [ RunTime:0.001000s ]
INFO: [ app_begin ] --END-- [ RunTime:0.002000s ]
NOTIC: [2048] Declaration of BaseAction::ajaxReturn() should be compatible with Action::ajaxReturn($data, $type = '') E:\1.php\wamp\www\tp\Lib\Action\BaseAction.class.php 第 33 行.
SQL: tagsmedia.getCollection(pic) [ RunTime:0.000000s ]
NOTIC: [8] Undefined offset: 0 E:\1.php\wamp\www\tp\ThinkPHP\Extend\Driver\Db\DbMongo.class.php 第 715 行.
SQL: tagsmedia.pic.find({"pid":{"$lt":1000000002}},["_id","author_id","image","pid","description"]).sort({"pid":-1}).limit(10) [ RunTime:0.000000s ]

[ 2014-09-13T20:37:54+08:00 ] 127.0.0.1 /tp/index/Index/getPictures
INFO: [ route_check ] --START--
INFO: CheckRoute Behavior ::run [ RunTime:0.002000s ]
INFO: [ route_check ] --END-- [ RunTime:0.003000s ]
INFO: [ app_begin ] --START--
INFO: ReadHtmlCache Behavior ::run [ RunTime:0.002000s ]
INFO: [ app_begin ] --END-- [ RunTime:0.003000s ]
NOTIC: [2048] Declaration of BaseAction::ajaxReturn() should be compatible with Action::ajaxReturn($data, $type = '') E:\1.php\wamp\www\tp\Lib\Action\BaseAction.class.php 第 33 行.
SQL: tagsmedia.getCollection(pic) [ RunTime:0.000000s ]
NOTIC: [8] Undefined offset: 0 E:\1.php\wamp\www\tp\ThinkPHP\Extend\Driver\Db\DbMongo.class.php 第 715 行.
SQL: tagsmedia.pic.find({"pid":{"$lt":1000000001}},["_id","author_id","image","pid","description"]).sort({"pid":-1}).limit(10) [ RunTime:0.001000s ]

[ 2014-09-13T20:42:11+08:00 ] 127.0.0.1 /tp/pic/1000000027
INFO: [ route_check ] --START--
INFO: CheckRoute Behavior ::run [ RunTime:0.002000s ]
INFO: [ route_check ] --END-- [ RunTime:0.002000s ]
INFO: [ app_begin ] --START--
INFO: ReadHtmlCache Behavior ::run [ RunTime:0.001000s ]
INFO: [ app_begin ] --END-- [ RunTime:0.002000s ]
NOTIC: [2048] Declaration of BaseAction::ajaxReturn() should be compatible with Action::ajaxReturn($data, $type = '') E:\1.php\wamp\www\tp\Lib\Action\BaseAction.class.php 第 33 行.
INFO: [ view_parse ] --START--
INFO: ParseTemplate Behavior ::run [ RunTime:0.016001s ]
INFO: [ view_parse ] --END-- [ RunTime:0.016001s ]
INFO: [ view_filter ] --START--
INFO: ContentReplace Behavior ::run [ RunTime:0.002000s ]
INFO: TokenBuild Behavior ::run [ RunTime:0.002000s ]
INFO: WriteHtmlCache Behavior ::run [ RunTime:0.001000s ]
INFO: ShowRuntime Behavior ::run [ RunTime:0.003000s ]
INFO: [ view_filter ] --END-- [ RunTime:0.009000s ]
INFO: [ view_end ] --START--
INFO: ShowPageTrace Behavior ::run [ RunTime:0.002000s ]
INFO: [ view_end ] --END-- [ RunTime:0.002000s ]

[ 2014-09-13T20:42:32+08:00 ] 127.0.0.1 /tp/pic/1000000027
INFO: [ route_check ] --START--
INFO: CheckRoute Behavior ::run [ RunTime:0.003000s ]
INFO: [ route_check ] --END-- [ RunTime:0.003000s ]
INFO: [ app_begin ] --START--
INFO: ReadHtmlCache Behavior ::run [ RunTime:0.002000s ]
INFO: [ app_begin ] --END-- [ RunTime:0.002000s ]
NOTIC: [2048] Declaration of BaseAction::ajaxReturn() should be compatible with Action::ajaxReturn($data, $type = '') E:\1.php\wamp\www\tp\Lib\Action\BaseAction.class.php 第 33 行.
INFO: [ view_parse ] --START--
INFO: ParseTemplate Behavior ::run [ RunTime:0.015001s ]
INFO: [ view_parse ] --END-- [ RunTime:0.015001s ]
INFO: [ view_filter ] --START--
INFO: ContentReplace Behavior ::run [ RunTime:0.001000s ]
INFO: TokenBuild Behavior ::run [ RunTime:0.002000s ]
INFO: WriteHtmlCache Behavior ::run [ RunTime:0.000000s ]
INFO: ShowRuntime Behavior ::run [ RunTime:0.001001s ]
INFO: [ view_filter ] --END-- [ RunTime:0.005001s ]
INFO: [ view_end ] --START--
INFO: ShowPageTrace Behavior ::run [ RunTime:0.002000s ]
INFO: [ view_end ] --END-- [ RunTime:0.002000s ]

[ 2014-09-13T20:42:35+08:00 ] 127.0.0.1 /tp/pic/1000000027
INFO: [ route_check ] --START--
INFO: CheckRoute Behavior ::run [ RunTime:0.002000s ]
INFO: [ route_check ] --END-- [ RunTime:0.002000s ]
INFO: [ app_begin ] --START--
INFO: ReadHtmlCache Behavior ::run [ RunTime:0.002000s ]
INFO: [ app_begin ] --END-- [ RunTime:0.002000s ]
NOTIC: [2048] Declaration of BaseAction::ajaxReturn() should be compatible with Action::ajaxReturn($data, $type = '') E:\1.php\wamp\www\tp\Lib\Action\BaseAction.class.php 第 33 行.
INFO: [ view_parse ] --START--
INFO: ParseTemplate Behavior ::run [ RunTime:0.020002s ]
INFO: [ view_parse ] --END-- [ RunTime:0.020002s ]
INFO: [ view_filter ] --START--
INFO: ContentReplace Behavior ::run [ RunTime:0.001000s ]
INFO: TokenBuild Behavior ::run [ RunTime:0.001000s ]
INFO: WriteHtmlCache Behavior ::run [ RunTime:0.000000s ]
INFO: ShowRuntime Behavior ::run [ RunTime:0.001000s ]
INFO: [ view_filter ] --END-- [ RunTime:0.007000s ]
INFO: [ view_end ] --START--
INFO: ShowPageTrace Behavior ::run [ RunTime:0.001000s ]
INFO: [ view_end ] --END-- [ RunTime:0.001000s ]

[ 2014-09-13T20:42:38+08:00 ] 127.0.0.1 /tp/pic/1000000027
INFO: [ route_check ] --START--
INFO: CheckRoute Behavior ::run [ RunTime:0.002001s ]
INFO: [ route_check ] --END-- [ RunTime:0.002001s ]
INFO: [ app_begin ] --START--
INFO: ReadHtmlCache Behavior ::run [ RunTime:0.001000s ]
INFO: [ app_begin ] --END-- [ RunTime:0.002000s ]
NOTIC: [2048] Declaration of BaseAction::ajaxReturn() should be compatible with Action::ajaxReturn($data, $type = '') E:\1.php\wamp\www\tp\Lib\Action\BaseAction.class.php 第 33 行.
INFO: [ view_parse ] --START--
INFO: ParseTemplate Behavior ::run [ RunTime:0.015001s ]
INFO: [ view_parse ] --END-- [ RunTime:0.015001s ]
INFO: [ view_filter ] --START--
INFO: ContentReplace Behavior ::run [ RunTime:0.001000s ]
INFO: TokenBuild Behavior ::run [ RunTime:0.002000s ]
INFO: WriteHtmlCache Behavior ::run [ RunTime:0.001000s ]
INFO: ShowRuntime Behavior ::run [ RunTime:0.002000s ]
INFO: [ view_filter ] --END-- [ RunTime:0.007000s ]
INFO: [ view_end ] --START--
INFO: ShowPageTrace Behavior ::run [ RunTime:0.002000s ]
INFO: [ view_end ] --END-- [ RunTime:0.002000s ]

[ 2014-09-13T20:42:41+08:00 ] 127.0.0.1 /tp/pic/1000000027
INFO: [ route_check ] --START--
INFO: CheckRoute Behavior ::run [ RunTime:0.002000s ]
INFO: [ route_check ] --END-- [ RunTime:0.002000s ]
INFO: [ app_begin ] --START--
INFO: ReadHtmlCache Behavior ::run [ RunTime:0.002000s ]
INFO: [ app_begin ] --END-- [ RunTime:0.002000s ]
NOTIC: [2048] Declaration of BaseAction::ajaxReturn() should be compatible with Action::ajaxReturn($data, $type = '') E:\1.php\wamp\www\tp\Lib\Action\BaseAction.class.php 第 33 行.
INFO: [ view_parse ] --START--
INFO: ParseTemplate Behavior ::run [ RunTime:0.021002s ]
INFO: [ view_parse ] --END-- [ RunTime:0.022002s ]
INFO: [ view_filter ] --START--
INFO: ContentReplace Behavior ::run [ RunTime:0.001000s ]
INFO: TokenBuild Behavior ::run [ RunTime:0.001000s ]
INFO: WriteHtmlCache Behavior ::run [ RunTime:0.001000s ]
INFO: ShowRuntime Behavior ::run [ RunTime:0.003000s ]
INFO: [ view_filter ] --END-- [ RunTime:0.006000s ]
INFO: [ view_end ] --START--
INFO: ShowPageTrace Behavior ::run [ RunTime:0.001000s ]
INFO: [ view_end ] --END-- [ RunTime:0.002000s ]

[ 2014-09-13T20:42:44+08:00 ] 127.0.0.1 /tp/pic/1000000027
INFO: [ route_check ] --START--
INFO: CheckRoute Behavior ::run [ RunTime:0.002000s ]
INFO: [ route_check ] --END-- [ RunTime:0.003000s ]
INFO: [ app_begin ] --START--
INFO: ReadHtmlCache Behavior ::run [ RunTime:0.002000s ]
INFO: [ app_begin ] --END-- [ RunTime:0.003000s ]
NOTIC: [2048] Declaration of BaseAction::ajaxReturn() should be compatible with Action::ajaxReturn($data, $type = '') E:\1.php\wamp\www\tp\Lib\Action\BaseAction.class.php 第 33 行.
INFO: [ view_parse ] --START--
INFO: ParseTemplate Behavior ::run [ RunTime:0.023001s ]
INFO: [ view_parse ] --END-- [ RunTime:0.023001s ]
INFO: [ view_filter ] --START--
INFO: ContentReplace Behavior ::run [ RunTime:0.001000s ]
INFO: TokenBuild Behavior ::run [ RunTime:0.002000s ]
INFO: WriteHtmlCache Behavior ::run [ RunTime:0.001000s ]
INFO: ShowRuntime Behavior ::run [ RunTime:0.002000s ]
INFO: [ view_filter ] --END-- [ RunTime:0.007000s ]
INFO: [ view_end ] --START--
INFO: ShowPageTrace Behavior ::run [ RunTime:0.001001s ]
INFO: [ view_end ] --END-- [ RunTime:0.003001s ]

[ 2014-09-13T20:43:32+08:00 ] 127.0.0.1 /tp/
INFO: [ app_begin ] --START--
INFO: ReadHtmlCache Behavior ::run [ RunTime:0.001000s ]
INFO: [ app_begin ] --END-- [ RunTime:0.001000s ]
NOTIC: [2048] Declaration of BaseAction::ajaxReturn() should be compatible with Action::ajaxReturn($data, $type = '') E:\1.php\wamp\www\tp\Lib\Action\BaseAction.class.php 第 33 行.
INFO: [ view_parse ] --START--
INFO: ParseTemplate Behavior ::run [ RunTime:0.016001s ]
INFO: [ view_parse ] --END-- [ RunTime:0.016001s ]
INFO: [ view_filter ] --START--
INFO: ContentReplace Behavior ::run [ RunTime:0.001000s ]
INFO: TokenBuild Behavior ::run [ RunTime:0.002000s ]
INFO: WriteHtmlCache Behavior ::run [ RunTime:0.002001s ]
INFO: ShowRuntime Behavior ::run [ RunTime:0.002000s ]
INFO: [ view_filter ] --END-- [ RunTime:0.010001s ]
INFO: [ view_end ] --START--
INFO: ShowPageTrace Behavior ::run [ RunTime:0.002000s ]
INFO: [ view_end ] --END-- [ RunTime:0.003000s ]

[ 2014-09-13T20:43:34+08:00 ] 127.0.0.1 /tp/index/Index/getPictures
INFO: [ route_check ] --START--
INFO: CheckRoute Behavior ::run [ RunTime:0.002000s ]
INFO: [ route_check ] --END-- [ RunTime:0.002000s ]
INFO: [ app_begin ] --START--
INFO: ReadHtmlCache Behavior ::run [ RunTime:0.002000s ]
INFO: [ app_begin ] --END-- [ RunTime:0.002000s ]
NOTIC: [2048] Declaration of BaseAction::ajaxReturn() should be compatible with Action::ajaxReturn($data, $type = '') E:\1.php\wamp\www\tp\Lib\Action\BaseAction.class.php 第 33 行.
NOTIC: [8] Undefined index: lastPid E:\1.php\wamp\www\tp\Lib\Action\index\IndexAction.class.php 第 15 行.
SQL: tagsmedia.getCollection(pic) [ RunTime:0.000000s ]
NOTIC: [8] Undefined index: where E:\1.php\wamp\www\tp\ThinkPHP\Extend\Driver\Db\DbMongo.class.php 第 367 行.
NOTIC: [2] Invalid argument supplied for foreach() E:\1.php\wamp\www\tp\ThinkPHP\Extend\Driver\Db\DbMongo.class.php 第 648 行.
SQL: tagsmedia.pic.find({},["_id","author_id","image","pid","description"]).sort({"pid":-1}).limit(10) [ RunTime:0.000000s ]

[ 2014-09-13T20:43:41+08:00 ] 127.0.0.1 /tp/pic/1000000027
INFO: [ route_check ] --START--
INFO: CheckRoute Behavior ::run [ RunTime:0.002000s ]
INFO: [ route_check ] --END-- [ RunTime:0.002000s ]
INFO: [ app_begin ] --START--
INFO: ReadHtmlCache Behavior ::run [ RunTime:0.001000s ]
INFO: [ app_begin ] --END-- [ RunTime:0.002000s ]
NOTIC: [2048] Declaration of BaseAction::ajaxReturn() should be compatible with Action::ajaxReturn($data, $type = '') E:\1.php\wamp\www\tp\Lib\Action\BaseAction.class.php 第 33 行.
INFO: [ view_parse ] --START--
INFO: ParseTemplate Behavior ::run [ RunTime:0.017001s ]
INFO: [ view_parse ] --END-- [ RunTime:0.017001s ]
INFO: [ view_filter ] --START--
INFO: ContentReplace Behavior ::run [ RunTime:0.001000s ]
INFO: TokenBuild Behavior ::run [ RunTime:0.002000s ]
INFO: WriteHtmlCache Behavior ::run [ RunTime:0.001000s ]
INFO: ShowRuntime Behavior ::run [ RunTime:0.002000s ]
INFO: [ view_filter ] --END-- [ RunTime:0.006000s ]
INFO: [ view_end ] --START--
INFO: ShowPageTrace Behavior ::run [ RunTime:0.001000s ]
INFO: [ view_end ] --END-- [ RunTime:0.001000s ]

[ 2014-09-13T20:47:43+08:00 ] 127.0.0.1 /tp/index/Index/getPictures
INFO: [ route_check ] --START--
INFO: CheckRoute Behavior ::run [ RunTime:0.006000s ]
INFO: [ route_check ] --END-- [ RunTime:0.007000s ]
INFO: [ app_begin ] --START--
INFO: ReadHtmlCache Behavior ::run [ RunTime:0.005000s ]
INFO: [ app_begin ] --END-- [ RunTime:0.005000s ]
NOTIC: [2048] Declaration of BaseAction::ajaxReturn() should be compatible with Action::ajaxReturn($data, $type = '') E:\1.php\wamp\www\tp\Lib\Action\BaseAction.class.php 第 33 行.
NOTIC: [8] Undefined index: lastPid E:\1.php\wamp\www\tp\Lib\Action\index\IndexAction.class.php 第 15 行.
SQL: tagsmedia.getCollection(pic) [ RunTime:0.000000s ]
NOTIC: [8] Undefined index: where E:\1.php\wamp\www\tp\ThinkPHP\Extend\Driver\Db\DbMongo.class.php 第 367 行.
NOTIC: [2] Invalid argument supplied for foreach() E:\1.php\wamp\www\tp\ThinkPHP\Extend\Driver\Db\DbMongo.class.php 第 648 行.
SQL: tagsmedia.pic.find({},["_id","author_id","image","pid","description"]).sort({"pid":-1}).limit(10) [ RunTime:0.000000s ]

[ 2014-09-13T20:48:47+08:00 ] 127.0.0.1 /tp/index/Index/getPictures
INFO: [ route_check ] --START--
INFO: CheckRoute Behavior ::run [ RunTime:0.003001s ]
INFO: [ route_check ] --END-- [ RunTime:0.004001s ]
INFO: [ app_begin ] --START--
INFO: ReadHtmlCache Behavior ::run [ RunTime:0.002000s ]
INFO: [ app_begin ] --END-- [ RunTime:0.003000s ]
NOTIC: [2048] Declaration of BaseAction::ajaxReturn() should be compatible with Action::ajaxReturn($data, $type = '') E:\1.php\wamp\www\tp\Lib\Action\BaseAction.class.php 第 33 行.
SQL: tagsmedia.getCollection(pic) [ RunTime:0.000000s ]
NOTIC: [8] Undefined offset: 0 E:\1.php\wamp\www\tp\ThinkPHP\Extend\Driver\Db\DbMongo.class.php 第 715 行.
SQL: tagsmedia.pic.find({"pid":{"$lt":1000000022}},["_id","author_id","image","pid","description"]).sort({"pid":-1}).limit(10) [ RunTime:0.001000s ]

[ 2014-09-13T20:48:49+08:00 ] 127.0.0.1 /tp/
INFO: [ app_begin ] --START--
INFO: ReadHtmlCache Behavior ::run [ RunTime:0.003000s ]
INFO: [ app_begin ] --END-- [ RunTime:0.003000s ]
NOTIC: [2048] Declaration of BaseAction::ajaxReturn() should be compatible with Action::ajaxReturn($data, $type = '') E:\1.php\wamp\www\tp\Lib\Action\BaseAction.class.php 第 33 行.
INFO: [ view_parse ] --START--
INFO: ParseTemplate Behavior ::run [ RunTime:0.028001s ]
INFO: [ view_parse ] --END-- [ RunTime:0.029001s ]
INFO: [ view_filter ] --START--
INFO: ContentReplace Behavior ::run [ RunTime:0.002000s ]
INFO: TokenBuild Behavior ::run [ RunTime:0.002000s ]
INFO: WriteHtmlCache Behavior ::run [ RunTime:0.001000s ]
INFO: ShowRuntime Behavior ::run [ RunTime:0.003000s ]
INFO: [ view_filter ] --END-- [ RunTime:0.011001s ]
INFO: [ view_end ] --START--
INFO: ShowPageTrace Behavior ::run [ RunTime:0.003000s ]
INFO: [ view_end ] --END-- [ RunTime:0.003000s ]

[ 2014-09-13T20:48:52+08:00 ] 127.0.0.1 /tp/index/Index/getPictures
INFO: [ route_check ] --START--
INFO: CheckRoute Behavior ::run [ RunTime:0.002001s ]
INFO: [ route_check ] --END-- [ RunTime:0.002001s ]
INFO: [ app_begin ] --START--
INFO: ReadHtmlCache Behavior ::run [ RunTime:0.002000s ]
INFO: [ app_begin ] --END-- [ RunTime:0.002000s ]
NOTIC: [2048] Declaration of BaseAction::ajaxReturn() should be compatible with Action::ajaxReturn($data, $type = '') E:\1.php\wamp\www\tp\Lib\Action\BaseAction.class.php 第 33 行.
NOTIC: [8] Undefined index: lastPid E:\1.php\wamp\www\tp\Lib\Action\index\IndexAction.class.php 第 15 行.
SQL: tagsmedia.getCollection(pic) [ RunTime:0.001000s ]
NOTIC: [8] Undefined index: where E:\1.php\wamp\www\tp\ThinkPHP\Extend\Driver\Db\DbMongo.class.php 第 367 行.
NOTIC: [2] Invalid argument supplied for foreach() E:\1.php\wamp\www\tp\ThinkPHP\Extend\Driver\Db\DbMongo.class.php 第 648 行.
SQL: tagsmedia.pic.find({},["_id","author_id","image","pid","description"]).sort({"pid":-1}).limit(10) [ RunTime:0.001000s ]

[ 2014-09-13T20:48:55+08:00 ] 127.0.0.1 /tp/pic/1000000027
INFO: [ route_check ] --START--
INFO: CheckRoute Behavior ::run [ RunTime:0.002000s ]
INFO: [ route_check ] --END-- [ RunTime:0.003000s ]
INFO: [ app_begin ] --START--
INFO: ReadHtmlCache Behavior ::run [ RunTime:0.002000s ]
INFO: [ app_begin ] --END-- [ RunTime:0.002000s ]
NOTIC: [2048] Declaration of BaseAction::ajaxReturn() should be compatible with Action::ajaxReturn($data, $type = '') E:\1.php\wamp\www\tp\Lib\Action\BaseAction.class.php 第 33 行.
INFO: [ view_parse ] --START--
INFO: ParseTemplate Behavior ::run [ RunTime:0.016001s ]
INFO: [ view_parse ] --END-- [ RunTime:0.016001s ]
INFO: [ view_filter ] --START--
INFO: ContentReplace Behavior ::run [ RunTime:0.002000s ]
INFO: TokenBuild Behavior ::run [ RunTime:0.001000s ]
INFO: WriteHtmlCache Behavior ::run [ RunTime:0.001001s ]
INFO: ShowRuntime Behavior ::run [ RunTime:0.001000s ]
INFO: [ view_filter ] --END-- [ RunTime:0.005001s ]
INFO: [ view_end ] --START--
INFO: ShowPageTrace Behavior ::run [ RunTime:0.001000s ]
INFO: [ view_end ] --END-- [ RunTime:0.002000s ]

[ 2014-09-13T20:51:04+08:00 ] 127.0.0.1 /tp/
INFO: [ app_begin ] --START--
INFO: ReadHtmlCache Behavior ::run [ RunTime:0.002000s ]
INFO: [ app_begin ] --END-- [ RunTime:0.003000s ]
NOTIC: [2048] Declaration of BaseAction::ajaxReturn() should be compatible with Action::ajaxReturn($data, $type = '') E:\1.php\wamp\www\tp\Lib\Action\BaseAction.class.php 第 33 行.
INFO: [ view_parse ] --START--
INFO: ParseTemplate Behavior ::run [ RunTime:0.024001s ]
INFO: [ view_parse ] --END-- [ RunTime:0.025001s ]
INFO: [ view_filter ] --START--
INFO: ContentReplace Behavior ::run [ RunTime:0.001000s ]
INFO: TokenBuild Behavior ::run [ RunTime:0.002000s ]
INFO: WriteHtmlCache Behavior ::run [ RunTime:0.001000s ]
INFO: ShowRuntime Behavior ::run [ RunTime:0.003001s ]
INFO: [ view_filter ] --END-- [ RunTime:0.008001s ]
INFO: [ view_end ] --START--
INFO: ShowPageTrace Behavior ::run [ RunTime:0.002000s ]
INFO: [ view_end ] --END-- [ RunTime:0.003000s ]

[ 2014-09-13T20:51:06+08:00 ] 127.0.0.1 /tp/index/Index/getPictures
INFO: [ route_check ] --START--
INFO: CheckRoute Behavior ::run [ RunTime:0.003000s ]
INFO: [ route_check ] --END-- [ RunTime:0.004000s ]
INFO: [ app_begin ] --START--
INFO: ReadHtmlCache Behavior ::run [ RunTime:0.003000s ]
INFO: [ app_begin ] --END-- [ RunTime:0.003000s ]
NOTIC: [2048] Declaration of BaseAction::ajaxReturn() should be compatible with Action::ajaxReturn($data, $type = '') E:\1.php\wamp\www\tp\Lib\Action\BaseAction.class.php 第 33 行.
NOTIC: [8] Undefined index: lastPid E:\1.php\wamp\www\tp\Lib\Action\index\IndexAction.class.php 第 15 行.
SQL: tagsmedia.getCollection(pic) [ RunTime:0.001000s ]
NOTIC: [8] Undefined index: where E:\1.php\wamp\www\tp\ThinkPHP\Extend\Driver\Db\DbMongo.class.php 第 367 行.
NOTIC: [2] Invalid argument supplied for foreach() E:\1.php\wamp\www\tp\ThinkPHP\Extend\Driver\Db\DbMongo.class.php 第 648 行.
SQL: tagsmedia.pic.find({},["_id","author_id","image","pid","description"]).sort({"pid":-1}).limit(10) [ RunTime:0.001000s ]

[ 2014-09-13T20:54:56+08:00 ] 127.0.0.1 /tp/index/Index/getPictures
INFO: [ route_check ] --START--
INFO: CheckRoute Behavior ::run [ RunTime:0.002000s ]
INFO: [ route_check ] --END-- [ RunTime:0.002000s ]
INFO: [ app_begin ] --START--
INFO: ReadHtmlCache Behavior ::run [ RunTime:0.001000s ]
INFO: [ app_begin ] --END-- [ RunTime:0.002000s ]
NOTIC: [2048] Declaration of BaseAction::ajaxReturn() should be compatible with Action::ajaxReturn($data, $type = '') E:\1.php\wamp\www\tp\Lib\Action\BaseAction.class.php 第 33 行.
SQL: tagsmedia.getCollection(pic) [ RunTime:0.001000s ]
NOTIC: [8] Undefined offset: 0 E:\1.php\wamp\www\tp\ThinkPHP\Extend\Driver\Db\DbMongo.class.php 第 715 行.
SQL: tagsmedia.pic.find({"pid":{"$lt":1000000022}},["_id","author_id","image","pid","description"]).sort({"pid":-1}).limit(10) [ RunTime:0.000000s ]

[ 2014-09-13T20:54:57+08:00 ] 127.0.0.1 /tp/index/Index/getPictures
INFO: [ route_check ] --START--
INFO: CheckRoute Behavior ::run [ RunTime:0.002000s ]
INFO: [ route_check ] --END-- [ RunTime:0.002000s ]
INFO: [ app_begin ] --START--
INFO: ReadHtmlCache Behavior ::run [ RunTime:0.001000s ]
INFO: [ app_begin ] --END-- [ RunTime:0.002000s ]
NOTIC: [2048] Declaration of BaseAction::ajaxReturn() should be compatible with Action::ajaxReturn($data, $type = '') E:\1.php\wamp\www\tp\Lib\Action\BaseAction.class.php 第 33 行.
SQL: tagsmedia.getCollection(pic) [ RunTime:0.001000s ]
NOTIC: [8] Undefined offset: 0 E:\1.php\wamp\www\tp\ThinkPHP\Extend\Driver\Db\DbMongo.class.php 第 715 行.
SQL: tagsmedia.pic.find({"pid":{"$lt":1000000022}},["_id","author_id","image","pid","description"]).sort({"pid":-1}).limit(10) [ RunTime:0.000000s ]

[ 2014-09-13T21:03:12+08:00 ] 127.0.0.1 /tp/index/Index/getPictures
INFO: [ route_check ] --START--
INFO: CheckRoute Behavior ::run [ RunTime:0.002000s ]
INFO: [ route_check ] --END-- [ RunTime:0.002000s ]
INFO: [ app_begin ] --START--
INFO: ReadHtmlCache Behavior ::run [ RunTime:0.002000s ]
INFO: [ app_begin ] --END-- [ RunTime:0.002000s ]
NOTIC: [2048] Declaration of BaseAction::ajaxReturn() should be compatible with Action::ajaxReturn($data, $type = '') E:\1.php\wamp\www\tp\Lib\Action\BaseAction.class.php 第 33 行.
NOTIC: [8] Undefined index: lastPid E:\1.php\wamp\www\tp\Lib\Action\index\IndexAction.class.php 第 15 行.
SQL: tagsmedia.getCollection(pic) [ RunTime:0.001000s ]
NOTIC: [8] Undefined index: where E:\1.php\wamp\www\tp\ThinkPHP\Extend\Driver\Db\DbMongo.class.php 第 367 行.
NOTIC: [2] Invalid argument supplied for foreach() E:\1.php\wamp\www\tp\ThinkPHP\Extend\Driver\Db\DbMongo.class.php 第 648 行.
SQL: tagsmedia.pic.find({},["_id","author_id","image","pid","description"]).sort({"pid":-1}).limit(10) [ RunTime:0.001000s ]

[ 2014-09-13T21:03:25+08:00 ] 127.0.0.1 /tp/index/Index/getPictures
INFO: [ route_check ] --START--
INFO: CheckRoute Behavior ::run [ RunTime:0.003000s ]
INFO: [ route_check ] --END-- [ RunTime:0.004000s ]
INFO: [ app_begin ] --START--
INFO: ReadHtmlCache Behavior ::run [ RunTime:0.001000s ]
INFO: [ app_begin ] --END-- [ RunTime:0.002000s ]
NOTIC: [2048] Declaration of BaseAction::ajaxReturn() should be compatible with Action::ajaxReturn($data, $type = '') E:\1.php\wamp\www\tp\Lib\Action\BaseAction.class.php 第 33 行.
SQL: tagsmedia.getCollection(pic) [ RunTime:0.000000s ]
NOTIC: [8] Undefined offset: 0 E:\1.php\wamp\www\tp\ThinkPHP\Extend\Driver\Db\DbMongo.class.php 第 715 行.
SQL: tagsmedia.pic.find({"pid":{"$lt":1000000022}},["_id","author_id","image","pid","description"]).sort({"pid":-1}).limit(10) [ RunTime:0.001000s ]

[ 2014-09-13T21:03:45+08:00 ] 127.0.0.1 /tp/index/Index/getPictures
INFO: [ route_check ] --START--
INFO: CheckRoute Behavior ::run [ RunTime:0.005000s ]
INFO: [ route_check ] --END-- [ RunTime:0.006000s ]
INFO: [ app_begin ] --START--
INFO: ReadHtmlCache Behavior ::run [ RunTime:0.004000s ]
INFO: [ app_begin ] --END-- [ RunTime:0.006000s ]
NOTIC: [2048] Declaration of BaseAction::ajaxReturn() should be compatible with Action::ajaxReturn($data, $type = '') E:\1.php\wamp\www\tp\Lib\Action\BaseAction.class.php 第 33 行.
SQL: tagsmedia.getCollection(pic) [ RunTime:0.001000s ]
NOTIC: [8] Undefined offset: 0 E:\1.php\wamp\www\tp\ThinkPHP\Extend\Driver\Db\DbMongo.class.php 第 715 行.
SQL: tagsmedia.pic.find({"pid":{"$lt":1000000012}},["_id","author_id","image","pid","description"]).sort({"pid":-1}).limit(10) [ RunTime:0.001000s ]

[ 2014-09-13T21:15:31+08:00 ] 127.0.0.1 /tp/pic/1000000027
INFO: [ route_check ] --START--
INFO: CheckRoute Behavior ::run [ RunTime:0.003001s ]
INFO: [ route_check ] --END-- [ RunTime:0.004001s ]
INFO: [ app_begin ] --START--
INFO: ReadHtmlCache Behavior ::run [ RunTime:0.002000s ]
INFO: [ app_begin ] --END-- [ RunTime:0.002000s ]
NOTIC: [2048] Declaration of BaseAction::ajaxReturn() should be compatible with Action::ajaxReturn($data, $type = '') E:\1.php\wamp\www\tp\Lib\Action\BaseAction.class.php 第 33 行.
INFO: [ view_parse ] --START--
INFO: ParseTemplate Behavior ::run [ RunTime:0.019001s ]
INFO: [ view_parse ] --END-- [ RunTime:0.019001s ]
INFO: [ view_filter ] --START--
INFO: ContentReplace Behavior ::run [ RunTime:0.001000s ]
INFO: TokenBuild Behavior ::run [ RunTime:0.001000s ]
INFO: WriteHtmlCache Behavior ::run [ RunTime:0.001001s ]
INFO: ShowRuntime Behavior ::run [ RunTime:0.002000s ]
INFO: [ view_filter ] --END-- [ RunTime:0.005001s ]
INFO: [ view_end ] --START--
INFO: ShowPageTrace Behavior ::run [ RunTime:0.001000s ]
INFO: [ view_end ] --END-- [ RunTime:0.002000s ]

[ 2014-09-13T21:15:34+08:00 ] 127.0.0.1 /tp/pic/1000000027
INFO: [ route_check ] --START--
INFO: CheckRoute Behavior ::run [ RunTime:0.002000s ]
INFO: [ route_check ] --END-- [ RunTime:0.002000s ]
INFO: [ app_begin ] --START--
INFO: ReadHtmlCache Behavior ::run [ RunTime:0.001000s ]
INFO: [ app_begin ] --END-- [ RunTime:0.001000s ]
NOTIC: [2048] Declaration of BaseAction::ajaxReturn() should be compatible with Action::ajaxReturn($data, $type = '') E:\1.php\wamp\www\tp\Lib\Action\BaseAction.class.php 第 33 行.
INFO: [ view_parse ] --START--
INFO: ParseTemplate Behavior ::run [ RunTime:0.020001s ]
INFO: [ view_parse ] --END-- [ RunTime:0.020001s ]
INFO: [ view_filter ] --START--
INFO: ContentReplace Behavior ::run [ RunTime:0.001000s ]
INFO: TokenBuild Behavior ::run [ RunTime:0.002000s ]
INFO: WriteHtmlCache Behavior ::run [ RunTime:0.001001s ]
INFO: ShowRuntime Behavior ::run [ RunTime:0.002000s ]
INFO: [ view_filter ] --END-- [ RunTime:0.007001s ]
INFO: [ view_end ] --START--
INFO: ShowPageTrace Behavior ::run [ RunTime:0.001000s ]
INFO: [ view_end ] --END-- [ RunTime:0.002000s ]

[ 2014-09-13T21:15:36+08:00 ] 127.0.0.1 /tp/
INFO: [ app_begin ] --START--
INFO: ReadHtmlCache Behavior ::run [ RunTime:0.003001s ]
INFO: [ app_begin ] --END-- [ RunTime:0.003001s ]
NOTIC: [2048] Declaration of BaseAction::ajaxReturn() should be compatible with Action::ajaxReturn($data, $type = '') E:\1.php\wamp\www\tp\Lib\Action\BaseAction.class.php 第 33 行.
INFO: [ view_parse ] --START--
INFO: ParseTemplate Behavior ::run [ RunTime:0.023001s ]
INFO: [ view_parse ] --END-- [ RunTime:0.025001s ]
INFO: [ view_filter ] --START--
INFO: ContentReplace Behavior ::run [ RunTime:0.001000s ]
INFO: TokenBuild Behavior ::run [ RunTime:0.002001s ]
INFO: WriteHtmlCache Behavior ::run [ RunTime:0.001000s ]
INFO: ShowRuntime Behavior ::run [ RunTime:0.002000s ]
INFO: [ view_filter ] --END-- [ RunTime:0.006001s ]
INFO: [ view_end ] --START--
INFO: ShowPageTrace Behavior ::run [ RunTime:0.002000s ]
INFO: [ view_end ] --END-- [ RunTime:0.002000s ]

[ 2014-09-13T21:15:39+08:00 ] 127.0.0.1 /tp/index/Index/getPictures
INFO: [ route_check ] --START--
INFO: CheckRoute Behavior ::run [ RunTime:0.002000s ]
INFO: [ route_check ] --END-- [ RunTime:0.003000s ]
INFO: [ app_begin ] --START--
INFO: ReadHtmlCache Behavior ::run [ RunTime:0.001001s ]
INFO: [ app_begin ] --END-- [ RunTime:0.002001s ]
NOTIC: [2048] Declaration of BaseAction::ajaxReturn() should be compatible with Action::ajaxReturn($data, $type = '') E:\1.php\wamp\www\tp\Lib\Action\BaseAction.class.php 第 33 行.
NOTIC: [8] Undefined index: lastPid E:\1.php\wamp\www\tp\Lib\Action\index\IndexAction.class.php 第 15 行.
SQL: tagsmedia.getCollection(pic) [ RunTime:0.000000s ]
NOTIC: [8] Undefined index: where E:\1.php\wamp\www\tp\ThinkPHP\Extend\Driver\Db\DbMongo.class.php 第 367 行.
NOTIC: [2] Invalid argument supplied for foreach() E:\1.php\wamp\www\tp\ThinkPHP\Extend\Driver\Db\DbMongo.class.php 第 648 行.
SQL: tagsmedia.pic.find({},["_id","author_id","image","pid","description"]).sort({"pid":-1}).limit(10) [ RunTime:0.000000s ]

[ 2014-09-13T21:25:17+08:00 ] 127.0.0.1 /tp/
INFO: [ app_begin ] --START--
INFO: ReadHtmlCache Behavior ::run [ RunTime:0.002000s ]
INFO: [ app_begin ] --END-- [ RunTime:0.002000s ]
NOTIC: [2048] Declaration of BaseAction::ajaxReturn() should be compatible with Action::ajaxReturn($data, $type = '') E:\1.php\wamp\www\tp\Lib\Action\BaseAction.class.php 第 33 行.
INFO: [ view_parse ] --START--
INFO: ParseTemplate Behavior ::run [ RunTime:0.016001s ]
INFO: [ view_parse ] --END-- [ RunTime:0.017001s ]
INFO: [ view_filter ] --START--
INFO: ContentReplace Behavior ::run [ RunTime:0.002000s ]
INFO: TokenBuild Behavior ::run [ RunTime:0.001000s ]
INFO: WriteHtmlCache Behavior ::run [ RunTime:0.001000s ]
INFO: ShowRuntime Behavior ::run [ RunTime:0.003000s ]
INFO: [ view_filter ] --END-- [ RunTime:0.009001s ]
INFO: [ view_end ] --START--
INFO: ShowPageTrace Behavior ::run [ RunTime:0.002000s ]
INFO: [ view_end ] --END-- [ RunTime:0.003000s ]

[ 2014-09-13T21:25:19+08:00 ] 127.0.0.1 /tp/index/Index/getPictures
INFO: [ route_check ] --START--
INFO: CheckRoute Behavior ::run [ RunTime:0.003001s ]
INFO: [ route_check ] --END-- [ RunTime:0.003001s ]
INFO: [ app_begin ] --START--
INFO: ReadHtmlCache Behavior ::run [ RunTime:0.002000s ]
INFO: [ app_begin ] --END-- [ RunTime:0.003000s ]
NOTIC: [2048] Declaration of BaseAction::ajaxReturn() should be compatible with Action::ajaxReturn($data, $type = '') E:\1.php\wamp\www\tp\Lib\Action\BaseAction.class.php 第 33 行.
NOTIC: [8] Undefined index: lastPid E:\1.php\wamp\www\tp\Lib\Action\index\IndexAction.class.php 第 15 行.
SQL: tagsmedia.getCollection(pic) [ RunTime:0.000000s ]
NOTIC: [8] Undefined index: where E:\1.php\wamp\www\tp\ThinkPHP\Extend\Driver\Db\DbMongo.class.php 第 367 行.
NOTIC: [2] Invalid argument supplied for foreach() E:\1.php\wamp\www\tp\ThinkPHP\Extend\Driver\Db\DbMongo.class.php 第 648 行.
SQL: tagsmedia.pic.find({},["_id","author_id","image","pid","description"]).sort({"pid":-1}).limit(10) [ RunTime:0.000000s ]

[ 2014-09-13T21:25:22+08:00 ] 127.0.0.1 /tp/index/Index/getPictures
INFO: [ route_check ] --START--
INFO: CheckRoute Behavior ::run [ RunTime:0.002000s ]
INFO: [ route_check ] --END-- [ RunTime:0.003000s ]
INFO: [ app_begin ] --START--
INFO: ReadHtmlCache Behavior ::run [ RunTime:0.001000s ]
INFO: [ app_begin ] --END-- [ RunTime:0.001000s ]
NOTIC: [2048] Declaration of BaseAction::ajaxReturn() should be compatible with Action::ajaxReturn($data, $type = '') E:\1.php\wamp\www\tp\Lib\Action\BaseAction.class.php 第 33 行.
SQL: tagsmedia.getCollection(pic) [ RunTime:0.000000s ]
NOTIC: [8] Undefined offset: 0 E:\1.php\wamp\www\tp\ThinkPHP\Extend\Driver\Db\DbMongo.class.php 第 715 行.
SQL: tagsmedia.pic.find({"pid":{"$lt":1000000022}},["_id","author_id","image","pid","description"]).sort({"pid":-1}).limit(10) [ RunTime:0.000000s ]

