[ 2014-09-07T14:49:37+08:00 ] 127.0.0.1 /tp/
INFO: [ app_begin ] --START--
INFO: ReadHtmlCache Behavior ::run [ RunTime:0.001000s ]
INFO: [ app_begin ] --END-- [ RunTime:0.002000s ]
NOTIC: [2048] Declaration of BaseAction::ajaxReturn() should be compatible with Action::ajaxReturn($data, $type = '') E:\1.php\wamp\www\tp\Lib\Action\BaseAction.class.php 第 33 行.
INFO: [ view_parse ] --START--
INFO: ParseTemplate Behavior ::run [ RunTime:0.043002s ]
INFO: [ view_parse ] --END-- [ RunTime:0.044002s ]
INFO: [ view_filter ] --START--
INFO: ContentReplace Behavior ::run [ RunTime:0.001000s ]
INFO: TokenBuild Behavior ::run [ RunTime:0.002001s ]
INFO: WriteHtmlCache Behavior ::run [ RunTime:0.001000s ]
INFO: ShowRuntime Behavior ::run [ RunTime:0.016001s ]
INFO: [ view_filter ] --END-- [ RunTime:0.021002s ]
INFO: [ view_end ] --START--
INFO: ShowPageTrace Behavior ::run [ RunTime:0.002000s ]
INFO: [ view_end ] --END-- [ RunTime:0.002000s ]

[ 2014-09-07T14:49:39+08:00 ] 127.0.0.1 /tp/index/Index/getPictures
INFO: [ route_check ] --START--
INFO: CheckRoute Behavior ::run [ RunTime:0.002000s ]
INFO: [ route_check ] --END-- [ RunTime:0.002000s ]
INFO: [ app_begin ] --START--
INFO: ReadHtmlCache Behavior ::run [ RunTime:0.001000s ]
INFO: [ app_begin ] --END-- [ RunTime:0.001000s ]
NOTIC: [2048] Declaration of BaseAction::ajaxReturn() should be compatible with Action::ajaxReturn($data, $type = '') E:\1.php\wamp\www\tp\Lib\Action\BaseAction.class.php 第 33 行.
SQL: tagsmedia.getCollection(picture) [ RunTime:0.000000s ]
NOTIC: [8] Undefined index: where E:\1.php\wamp\www\tp\ThinkPHP\Extend\Driver\Db\DbMongo.class.php 第 367 行.
NOTIC: [2] Invalid argument supplied for foreach() E:\1.php\wamp\www\tp\ThinkPHP\Extend\Driver\Db\DbMongo.class.php 第 648 行.
NOTIC: [8] Undefined index: order E:\1.php\wamp\www\tp\ThinkPHP\Extend\Driver\Db\DbMongo.class.php 第 379 行.
SQL: tagsmedia.picture.find({},["_id","author","file","pid","description"]).limit(100) [ RunTime:0.001000s ]

[ 2014-09-07T14:56:19+08:00 ] 127.0.0.1 /tp/
INFO: [ app_begin ] --START--
INFO: ReadHtmlCache Behavior ::run [ RunTime:0.000000s ]
INFO: [ app_begin ] --END-- [ RunTime:0.000000s ]
NOTIC: [2048] Declaration of BaseAction::ajaxReturn() should be compatible with Action::ajaxReturn($data, $type = '') E:\1.php\wamp\www\tp\Lib\Action\BaseAction.class.php 第 33 行.
INFO: [ view_parse ] --START--
INFO: ParseTemplate Behavior ::run [ RunTime:0.015600s ]
INFO: [ view_parse ] --END-- [ RunTime:0.015600s ]
INFO: [ view_filter ] --START--
INFO: ContentReplace Behavior ::run [ RunTime:0.000000s ]
INFO: TokenBuild Behavior ::run [ RunTime:0.000000s ]
INFO: WriteHtmlCache Behavior ::run [ RunTime:0.000000s ]
INFO: ShowRuntime Behavior ::run [ RunTime:0.000000s ]
INFO: [ view_filter ] --END-- [ RunTime:0.000000s ]
INFO: [ view_end ] --START--
INFO: ShowPageTrace Behavior ::run [ RunTime:0.000000s ]
INFO: [ view_end ] --END-- [ RunTime:0.000000s ]

[ 2014-09-07T14:56:21+08:00 ] 127.0.0.1 /tp/index/Index/getPictures
INFO: [ route_check ] --START--
INFO: CheckRoute Behavior ::run [ RunTime:0.015600s ]
INFO: [ route_check ] --END-- [ RunTime:0.015600s ]
INFO: [ app_begin ] --START--
INFO: ReadHtmlCache Behavior ::run [ RunTime:0.000000s ]
INFO: [ app_begin ] --END-- [ RunTime:0.000000s ]
NOTIC: [2048] Declaration of BaseAction::ajaxReturn() should be compatible with Action::ajaxReturn($data, $type = '') E:\1.php\wamp\www\tp\Lib\Action\BaseAction.class.php 第 33 行.
SQL: tagsmedia.getCollection(picture) [ RunTime:0.000000s ]
NOTIC: [8] Undefined index: where E:\1.php\wamp\www\tp\ThinkPHP\Extend\Driver\Db\DbMongo.class.php 第 367 行.
NOTIC: [2] Invalid argument supplied for foreach() E:\1.php\wamp\www\tp\ThinkPHP\Extend\Driver\Db\DbMongo.class.php 第 648 行.
NOTIC: [8] Undefined index: order E:\1.php\wamp\www\tp\ThinkPHP\Extend\Driver\Db\DbMongo.class.php 第 379 行.
SQL: tagsmedia.picture.find({},["_id","author","file","pid","description"]).limit(100) [ RunTime:0.000000s ]

[ 2014-09-07T14:58:47+08:00 ] 127.0.0.1 /tp/
INFO: [ app_begin ] --START--
INFO: ReadHtmlCache Behavior ::run [ RunTime:0.000000s ]
INFO: [ app_begin ] --END-- [ RunTime:0.000000s ]
NOTIC: [2048] Declaration of BaseAction::ajaxReturn() should be compatible with Action::ajaxReturn($data, $type = '') E:\1.php\wamp\www\tp\Lib\Action\BaseAction.class.php 第 33 行.
INFO: [ view_parse ] --START--
INFO: ParseTemplate Behavior ::run [ RunTime:0.015600s ]
INFO: [ view_parse ] --END-- [ RunTime:0.015600s ]
INFO: [ view_filter ] --START--
INFO: ContentReplace Behavior ::run [ RunTime:0.000000s ]
INFO: TokenBuild Behavior ::run [ RunTime:0.000000s ]
INFO: WriteHtmlCache Behavior ::run [ RunTime:0.015600s ]
INFO: ShowRuntime Behavior ::run [ RunTime:0.000000s ]
INFO: [ view_filter ] --END-- [ RunTime:0.015600s ]
INFO: [ view_end ] --START--
INFO: ShowPageTrace Behavior ::run [ RunTime:0.000000s ]
INFO: [ view_end ] --END-- [ RunTime:0.000000s ]

[ 2014-09-07T14:58:49+08:00 ] 127.0.0.1 /tp/index/Index/getPictures
INFO: [ route_check ] --START--
INFO: CheckRoute Behavior ::run [ RunTime:0.015600s ]
INFO: [ route_check ] --END-- [ RunTime:0.015600s ]
INFO: [ app_begin ] --START--
INFO: ReadHtmlCache Behavior ::run [ RunTime:0.000000s ]
INFO: [ app_begin ] --END-- [ RunTime:0.000000s ]
NOTIC: [2048] Declaration of BaseAction::ajaxReturn() should be compatible with Action::ajaxReturn($data, $type = '') E:\1.php\wamp\www\tp\Lib\Action\BaseAction.class.php 第 33 行.
SQL: tagsmedia.getCollection(picture) [ RunTime:0.000000s ]
NOTIC: [8] Undefined index: where E:\1.php\wamp\www\tp\ThinkPHP\Extend\Driver\Db\DbMongo.class.php 第 367 行.
NOTIC: [2] Invalid argument supplied for foreach() E:\1.php\wamp\www\tp\ThinkPHP\Extend\Driver\Db\DbMongo.class.php 第 648 行.
NOTIC: [8] Undefined index: order E:\1.php\wamp\www\tp\ThinkPHP\Extend\Driver\Db\DbMongo.class.php 第 379 行.
SQL: tagsmedia.picture.find({},["_id","author","file","pid","description"]).limit(100) [ RunTime:0.000000s ]

[ 2014-09-07T14:59:02+08:00 ] 127.0.0.1 /tp/
INFO: [ app_begin ] --START--
INFO: ReadHtmlCache Behavior ::run [ RunTime:0.000000s ]
INFO: [ app_begin ] --END-- [ RunTime:0.000000s ]
NOTIC: [2048] Declaration of BaseAction::ajaxReturn() should be compatible with Action::ajaxReturn($data, $type = '') E:\1.php\wamp\www\tp\Lib\Action\BaseAction.class.php 第 33 行.
INFO: [ view_parse ] --START--
INFO: ParseTemplate Behavior ::run [ RunTime:0.015600s ]
INFO: [ view_parse ] --END-- [ RunTime:0.015600s ]
INFO: [ view_filter ] --START--
INFO: ContentReplace Behavior ::run [ RunTime:0.000000s ]
INFO: TokenBuild Behavior ::run [ RunTime:0.000000s ]
INFO: WriteHtmlCache Behavior ::run [ RunTime:0.000000s ]
INFO: ShowRuntime Behavior ::run [ RunTime:0.000000s ]
INFO: [ view_filter ] --END-- [ RunTime:0.000000s ]
INFO: [ view_end ] --START--
INFO: ShowPageTrace Behavior ::run [ RunTime:0.000000s ]
INFO: [ view_end ] --END-- [ RunTime:0.015600s ]

[ 2014-09-07T14:59:04+08:00 ] 127.0.0.1 /tp/index/Index/getPictures
INFO: [ route_check ] --START--
INFO: CheckRoute Behavior ::run [ RunTime:0.000000s ]
INFO: [ route_check ] --END-- [ RunTime:0.000000s ]
INFO: [ app_begin ] --START--
INFO: ReadHtmlCache Behavior ::run [ RunTime:0.015600s ]
INFO: [ app_begin ] --END-- [ RunTime:0.015600s ]
NOTIC: [2048] Declaration of BaseAction::ajaxReturn() should be compatible with Action::ajaxReturn($data, $type = '') E:\1.php\wamp\www\tp\Lib\Action\BaseAction.class.php 第 33 行.
SQL: tagsmedia.getCollection(picture) [ RunTime:0.000000s ]
NOTIC: [8] Undefined index: where E:\1.php\wamp\www\tp\ThinkPHP\Extend\Driver\Db\DbMongo.class.php 第 367 行.
NOTIC: [2] Invalid argument supplied for foreach() E:\1.php\wamp\www\tp\ThinkPHP\Extend\Driver\Db\DbMongo.class.php 第 648 行.
NOTIC: [8] Undefined index: order E:\1.php\wamp\www\tp\ThinkPHP\Extend\Driver\Db\DbMongo.class.php 第 379 行.
SQL: tagsmedia.picture.find({},["_id","author","file","pid","description"]).limit(100) [ RunTime:0.000000s ]

[ 2014-09-07T15:03:06+08:00 ] 127.0.0.1 /tp/
INFO: [ app_begin ] --START--
INFO: ReadHtmlCache Behavior ::run [ RunTime:0.000000s ]
INFO: [ app_begin ] --END-- [ RunTime:0.000000s ]
NOTIC: [2048] Declaration of BaseAction::ajaxReturn() should be compatible with Action::ajaxReturn($data, $type = '') E:\1.php\wamp\www\tp\Lib\Action\BaseAction.class.php 第 33 行.
INFO: [ view_parse ] --START--
INFO: ParseTemplate Behavior ::run [ RunTime:0.015600s ]
INFO: [ view_parse ] --END-- [ RunTime:0.015600s ]
INFO: [ view_filter ] --START--
INFO: ContentReplace Behavior ::run [ RunTime:0.000000s ]
INFO: TokenBuild Behavior ::run [ RunTime:0.000000s ]
INFO: WriteHtmlCache Behavior ::run [ RunTime:0.000000s ]
INFO: ShowRuntime Behavior ::run [ RunTime:0.000000s ]
INFO: [ view_filter ] --END-- [ RunTime:0.000000s ]
INFO: [ view_end ] --START--
INFO: ShowPageTrace Behavior ::run [ RunTime:0.000000s ]
INFO: [ view_end ] --END-- [ RunTime:0.000000s ]

[ 2014-09-07T15:03:08+08:00 ] 127.0.0.1 /tp/index/Index/getPictures
INFO: [ route_check ] --START--
INFO: CheckRoute Behavior ::run [ RunTime:0.000000s ]
INFO: [ route_check ] --END-- [ RunTime:0.000000s ]
INFO: [ app_begin ] --START--
INFO: ReadHtmlCache Behavior ::run [ RunTime:0.000000s ]
INFO: [ app_begin ] --END-- [ RunTime:0.000000s ]
NOTIC: [2048] Declaration of BaseAction::ajaxReturn() should be compatible with Action::ajaxReturn($data, $type = '') E:\1.php\wamp\www\tp\Lib\Action\BaseAction.class.php 第 33 行.
SQL: tagsmedia.getCollection(picture) [ RunTime:0.000000s ]
NOTIC: [8] Undefined index: where E:\1.php\wamp\www\tp\ThinkPHP\Extend\Driver\Db\DbMongo.class.php 第 367 行.
NOTIC: [2] Invalid argument supplied for foreach() E:\1.php\wamp\www\tp\ThinkPHP\Extend\Driver\Db\DbMongo.class.php 第 648 行.
NOTIC: [8] Undefined index: order E:\1.php\wamp\www\tp\ThinkPHP\Extend\Driver\Db\DbMongo.class.php 第 379 行.
SQL: tagsmedia.picture.find({},["_id","author","file","pid","description"]).limit(100) [ RunTime:0.000000s ]

[ 2014-09-07T15:03:50+08:00 ] 127.0.0.1 /tp/
INFO: [ app_begin ] --START--
INFO: ReadHtmlCache Behavior ::run [ RunTime:0.000000s ]
INFO: [ app_begin ] --END-- [ RunTime:0.000000s ]
NOTIC: [2048] Declaration of BaseAction::ajaxReturn() should be compatible with Action::ajaxReturn($data, $type = '') E:\1.php\wamp\www\tp\Lib\Action\BaseAction.class.php 第 33 行.
INFO: [ view_parse ] --START--
INFO: ParseTemplate Behavior ::run [ RunTime:0.015600s ]
INFO: [ view_parse ] --END-- [ RunTime:0.015600s ]
INFO: [ view_filter ] --START--
INFO: ContentReplace Behavior ::run [ RunTime:0.000000s ]
INFO: TokenBuild Behavior ::run [ RunTime:0.000000s ]
INFO: WriteHtmlCache Behavior ::run [ RunTime:0.000000s ]
INFO: ShowRuntime Behavior ::run [ RunTime:0.000000s ]
INFO: [ view_filter ] --END-- [ RunTime:0.000000s ]
INFO: [ view_end ] --START--
INFO: ShowPageTrace Behavior ::run [ RunTime:0.000000s ]
INFO: [ view_end ] --END-- [ RunTime:0.000000s ]

[ 2014-09-07T15:03:53+08:00 ] 127.0.0.1 /tp/index/Index/getPictures
INFO: [ route_check ] --START--
INFO: CheckRoute Behavior ::run [ RunTime:0.000000s ]
INFO: [ route_check ] --END-- [ RunTime:0.000000s ]
INFO: [ app_begin ] --START--
INFO: ReadHtmlCache Behavior ::run [ RunTime:0.000000s ]
INFO: [ app_begin ] --END-- [ RunTime:0.000000s ]
NOTIC: [2048] Declaration of BaseAction::ajaxReturn() should be compatible with Action::ajaxReturn($data, $type = '') E:\1.php\wamp\www\tp\Lib\Action\BaseAction.class.php 第 33 行.
SQL: tagsmedia.getCollection(picture) [ RunTime:0.000000s ]
NOTIC: [8] Undefined index: where E:\1.php\wamp\www\tp\ThinkPHP\Extend\Driver\Db\DbMongo.class.php 第 367 行.
NOTIC: [2] Invalid argument supplied for foreach() E:\1.php\wamp\www\tp\ThinkPHP\Extend\Driver\Db\DbMongo.class.php 第 648 行.
NOTIC: [8] Undefined index: order E:\1.php\wamp\www\tp\ThinkPHP\Extend\Driver\Db\DbMongo.class.php 第 379 行.
SQL: tagsmedia.picture.find({},["_id","author","file","pid","description"]).limit(100) [ RunTime:0.000000s ]

[ 2014-09-07T15:04:27+08:00 ] 127.0.0.1 /tp/
INFO: [ app_begin ] --START--
INFO: ReadHtmlCache Behavior ::run [ RunTime:0.000000s ]
INFO: [ app_begin ] --END-- [ RunTime:0.015600s ]
NOTIC: [2048] Declaration of BaseAction::ajaxReturn() should be compatible with Action::ajaxReturn($data, $type = '') E:\1.php\wamp\www\tp\Lib\Action\BaseAction.class.php 第 33 行.
INFO: [ view_parse ] --START--
INFO: ParseTemplate Behavior ::run [ RunTime:0.015600s ]
INFO: [ view_parse ] --END-- [ RunTime:0.015600s ]
INFO: [ view_filter ] --START--
INFO: ContentReplace Behavior ::run [ RunTime:0.000000s ]
INFO: TokenBuild Behavior ::run [ RunTime:0.000000s ]
INFO: WriteHtmlCache Behavior ::run [ RunTime:0.000000s ]
INFO: ShowRuntime Behavior ::run [ RunTime:0.000000s ]
INFO: [ view_filter ] --END-- [ RunTime:0.000000s ]
INFO: [ view_end ] --START--
INFO: ShowPageTrace Behavior ::run [ RunTime:0.000000s ]
INFO: [ view_end ] --END-- [ RunTime:0.000000s ]

[ 2014-09-07T15:04:30+08:00 ] 127.0.0.1 /tp/index/Index/getPictures
INFO: [ route_check ] --START--
INFO: CheckRoute Behavior ::run [ RunTime:0.000000s ]
INFO: [ route_check ] --END-- [ RunTime:0.000000s ]
INFO: [ app_begin ] --START--
INFO: ReadHtmlCache Behavior ::run [ RunTime:0.000000s ]
INFO: [ app_begin ] --END-- [ RunTime:0.000000s ]
NOTIC: [2048] Declaration of BaseAction::ajaxReturn() should be compatible with Action::ajaxReturn($data, $type = '') E:\1.php\wamp\www\tp\Lib\Action\BaseAction.class.php 第 33 行.
SQL: tagsmedia.getCollection(picture) [ RunTime:0.000000s ]
NOTIC: [8] Undefined index: where E:\1.php\wamp\www\tp\ThinkPHP\Extend\Driver\Db\DbMongo.class.php 第 367 行.
NOTIC: [2] Invalid argument supplied for foreach() E:\1.php\wamp\www\tp\ThinkPHP\Extend\Driver\Db\DbMongo.class.php 第 648 行.
NOTIC: [8] Undefined index: order E:\1.php\wamp\www\tp\ThinkPHP\Extend\Driver\Db\DbMongo.class.php 第 379 行.
SQL: tagsmedia.picture.find({},["_id","author","file","pid","description"]).limit(100) [ RunTime:0.000000s ]

[ 2014-09-07T15:04:40+08:00 ] 127.0.0.1 /tp/
INFO: [ app_begin ] --START--
INFO: ReadHtmlCache Behavior ::run [ RunTime:0.000000s ]
INFO: [ app_begin ] --END-- [ RunTime:0.000000s ]
NOTIC: [2048] Declaration of BaseAction::ajaxReturn() should be compatible with Action::ajaxReturn($data, $type = '') E:\1.php\wamp\www\tp\Lib\Action\BaseAction.class.php 第 33 行.
INFO: [ view_parse ] --START--
INFO: ParseTemplate Behavior ::run [ RunTime:0.015600s ]
INFO: [ view_parse ] --END-- [ RunTime:0.015600s ]
INFO: [ view_filter ] --START--
INFO: ContentReplace Behavior ::run [ RunTime:0.000000s ]
INFO: TokenBuild Behavior ::run [ RunTime:0.000000s ]
INFO: WriteHtmlCache Behavior ::run [ RunTime:0.000000s ]
INFO: ShowRuntime Behavior ::run [ RunTime:0.015600s ]
INFO: [ view_filter ] --END-- [ RunTime:0.015600s ]
INFO: [ view_end ] --START--
INFO: ShowPageTrace Behavior ::run [ RunTime:0.000000s ]
INFO: [ view_end ] --END-- [ RunTime:0.000000s ]

[ 2014-09-07T15:04:42+08:00 ] 127.0.0.1 /tp/index/Index/getPictures
INFO: [ route_check ] --START--
INFO: CheckRoute Behavior ::run [ RunTime:0.000000s ]
INFO: [ route_check ] --END-- [ RunTime:0.000000s ]
INFO: [ app_begin ] --START--
INFO: ReadHtmlCache Behavior ::run [ RunTime:0.000000s ]
INFO: [ app_begin ] --END-- [ RunTime:0.015600s ]
NOTIC: [2048] Declaration of BaseAction::ajaxReturn() should be compatible with Action::ajaxReturn($data, $type = '') E:\1.php\wamp\www\tp\Lib\Action\BaseAction.class.php 第 33 行.
SQL: tagsmedia.getCollection(picture) [ RunTime:0.000000s ]
NOTIC: [8] Undefined index: where E:\1.php\wamp\www\tp\ThinkPHP\Extend\Driver\Db\DbMongo.class.php 第 367 行.
NOTIC: [2] Invalid argument supplied for foreach() E:\1.php\wamp\www\tp\ThinkPHP\Extend\Driver\Db\DbMongo.class.php 第 648 行.
NOTIC: [8] Undefined index: order E:\1.php\wamp\www\tp\ThinkPHP\Extend\Driver\Db\DbMongo.class.php 第 379 行.
SQL: tagsmedia.picture.find({},["_id","author","file","pid","description"]).limit(100) [ RunTime:0.000000s ]

[ 2014-09-07T15:04:54+08:00 ] 127.0.0.1 /tp/
INFO: [ app_begin ] --START--
INFO: ReadHtmlCache Behavior ::run [ RunTime:0.000000s ]
INFO: [ app_begin ] --END-- [ RunTime:0.000000s ]
NOTIC: [2048] Declaration of BaseAction::ajaxReturn() should be compatible with Action::ajaxReturn($data, $type = '') E:\1.php\wamp\www\tp\Lib\Action\BaseAction.class.php 第 33 行.
INFO: [ view_parse ] --START--
INFO: ParseTemplate Behavior ::run [ RunTime:0.015600s ]
INFO: [ view_parse ] --END-- [ RunTime:0.015600s ]
INFO: [ view_filter ] --START--
INFO: ContentReplace Behavior ::run [ RunTime:0.000000s ]
INFO: TokenBuild Behavior ::run [ RunTime:0.000000s ]
INFO: WriteHtmlCache Behavior ::run [ RunTime:0.000000s ]
INFO: ShowRuntime Behavior ::run [ RunTime:0.000000s ]
INFO: [ view_filter ] --END-- [ RunTime:0.000000s ]
INFO: [ view_end ] --START--
INFO: ShowPageTrace Behavior ::run [ RunTime:0.015600s ]
INFO: [ view_end ] --END-- [ RunTime:0.015600s ]

[ 2014-09-07T15:04:56+08:00 ] 127.0.0.1 /tp/index/Index/getPictures
INFO: [ route_check ] --START--
INFO: CheckRoute Behavior ::run [ RunTime:0.000000s ]
INFO: [ route_check ] --END-- [ RunTime:0.000000s ]
INFO: [ app_begin ] --START--
INFO: ReadHtmlCache Behavior ::run [ RunTime:0.000000s ]
INFO: [ app_begin ] --END-- [ RunTime:0.000000s ]
NOTIC: [2048] Declaration of BaseAction::ajaxReturn() should be compatible with Action::ajaxReturn($data, $type = '') E:\1.php\wamp\www\tp\Lib\Action\BaseAction.class.php 第 33 行.
SQL: tagsmedia.getCollection(picture) [ RunTime:0.000000s ]
NOTIC: [8] Undefined index: where E:\1.php\wamp\www\tp\ThinkPHP\Extend\Driver\Db\DbMongo.class.php 第 367 行.
NOTIC: [2] Invalid argument supplied for foreach() E:\1.php\wamp\www\tp\ThinkPHP\Extend\Driver\Db\DbMongo.class.php 第 648 行.
NOTIC: [8] Undefined index: order E:\1.php\wamp\www\tp\ThinkPHP\Extend\Driver\Db\DbMongo.class.php 第 379 行.
SQL: tagsmedia.picture.find({},["_id","author","file","pid","description"]).limit(100) [ RunTime:0.000000s ]

[ 2014-09-07T15:32:44+08:00 ] 127.0.0.1 /tp/
INFO: [ app_begin ] --START--
INFO: ReadHtmlCache Behavior ::run [ RunTime:0.002000s ]
INFO: [ app_begin ] --END-- [ RunTime:0.002000s ]
NOTIC: [2048] Declaration of BaseAction::ajaxReturn() should be compatible with Action::ajaxReturn($data, $type = '') E:\1.php\wamp\www\tp\Lib\Action\BaseAction.class.php 第 33 行.
INFO: [ view_parse ] --START--
INFO: ParseTemplate Behavior ::run [ RunTime:0.017001s ]
INFO: [ view_parse ] --END-- [ RunTime:0.018001s ]
INFO: [ view_filter ] --START--
INFO: ContentReplace Behavior ::run [ RunTime:0.001000s ]
INFO: TokenBuild Behavior ::run [ RunTime:0.002000s ]
INFO: WriteHtmlCache Behavior ::run [ RunTime:0.001000s ]
INFO: ShowRuntime Behavior ::run [ RunTime:0.002000s ]
INFO: [ view_filter ] --END-- [ RunTime:0.007000s ]
INFO: [ view_end ] --START--
INFO: ShowPageTrace Behavior ::run [ RunTime:0.002000s ]
INFO: [ view_end ] --END-- [ RunTime:0.002000s ]

[ 2014-09-07T15:32:44+08:00 ] 127.0.0.1 /tp/index/Index/getPictures
INFO: [ route_check ] --START--
INFO: CheckRoute Behavior ::run [ RunTime:0.002000s ]
INFO: [ route_check ] --END-- [ RunTime:0.003000s ]
INFO: [ app_begin ] --START--
INFO: ReadHtmlCache Behavior ::run [ RunTime:0.003000s ]
INFO: [ app_begin ] --END-- [ RunTime:0.003000s ]
NOTIC: [2048] Declaration of BaseAction::ajaxReturn() should be compatible with Action::ajaxReturn($data, $type = '') E:\1.php\wamp\www\tp\Lib\Action\BaseAction.class.php 第 33 行.
SQL: tagsmedia.getCollection(picture) [ RunTime:0.000000s ]
NOTIC: [8] Undefined index: where E:\1.php\wamp\www\tp\ThinkPHP\Extend\Driver\Db\DbMongo.class.php 第 367 行.
NOTIC: [2] Invalid argument supplied for foreach() E:\1.php\wamp\www\tp\ThinkPHP\Extend\Driver\Db\DbMongo.class.php 第 648 行.
NOTIC: [8] Undefined index: order E:\1.php\wamp\www\tp\ThinkPHP\Extend\Driver\Db\DbMongo.class.php 第 379 行.
SQL: tagsmedia.picture.find({},["_id","author","file","pid","description"]).limit(10) [ RunTime:0.001000s ]

[ 2014-09-07T15:34:24+08:00 ] 127.0.0.1 /tp/
INFO: [ app_begin ] --START--
INFO: ReadHtmlCache Behavior ::run [ RunTime:0.002000s ]
INFO: [ app_begin ] --END-- [ RunTime:0.002000s ]
NOTIC: [2048] Declaration of BaseAction::ajaxReturn() should be compatible with Action::ajaxReturn($data, $type = '') E:\1.php\wamp\www\tp\Lib\Action\BaseAction.class.php 第 33 行.
INFO: [ view_parse ] --START--
INFO: ParseTemplate Behavior ::run [ RunTime:0.017001s ]
INFO: [ view_parse ] --END-- [ RunTime:0.018001s ]
INFO: [ view_filter ] --START--
INFO: ContentReplace Behavior ::run [ RunTime:0.001000s ]
INFO: TokenBuild Behavior ::run [ RunTime:0.002000s ]
INFO: WriteHtmlCache Behavior ::run [ RunTime:0.001000s ]
INFO: ShowRuntime Behavior ::run [ RunTime:0.002000s ]
INFO: [ view_filter ] --END-- [ RunTime:0.006000s ]
INFO: [ view_end ] --START--
INFO: ShowPageTrace Behavior ::run [ RunTime:0.001000s ]
INFO: [ view_end ] --END-- [ RunTime:0.002000s ]

[ 2014-09-07T15:34:24+08:00 ] 127.0.0.1 /tp/index/Index/getPictures
INFO: [ route_check ] --START--
INFO: CheckRoute Behavior ::run [ RunTime:0.002001s ]
INFO: [ route_check ] --END-- [ RunTime:0.002001s ]
INFO: [ app_begin ] --START--
INFO: ReadHtmlCache Behavior ::run [ RunTime:0.002000s ]
INFO: [ app_begin ] --END-- [ RunTime:0.002000s ]
NOTIC: [2048] Declaration of BaseAction::ajaxReturn() should be compatible with Action::ajaxReturn($data, $type = '') E:\1.php\wamp\www\tp\Lib\Action\BaseAction.class.php 第 33 行.
SQL: tagsmedia.getCollection(picture) [ RunTime:0.001000s ]
NOTIC: [8] Undefined index: where E:\1.php\wamp\www\tp\ThinkPHP\Extend\Driver\Db\DbMongo.class.php 第 367 行.
NOTIC: [2] Invalid argument supplied for foreach() E:\1.php\wamp\www\tp\ThinkPHP\Extend\Driver\Db\DbMongo.class.php 第 648 行.
NOTIC: [8] Undefined index: order E:\1.php\wamp\www\tp\ThinkPHP\Extend\Driver\Db\DbMongo.class.php 第 379 行.
SQL: tagsmedia.picture.find({},["_id","author","file","pid","description"]).limit(10) [ RunTime:0.001000s ]

