[ 2014-09-11T12:12:40+08:00 ] 127.0.0.1 /tp/
INFO: [ app_begin ] --START--
INFO: ReadHtmlCache Behavior ::run [ RunTime:0.023002s ]
INFO: [ app_begin ] --END-- [ RunTime:0.101006s ]
NOTIC: [2048] Declaration of BaseAction::ajaxReturn() should be compatible with Action::ajaxReturn($data, $type = '') E:\1.php\wamp\www\tp\Lib\Action\BaseAction.class.php 第 33 行.
INFO: [ view_parse ] --START--
INFO: ParseTemplate Behavior ::run [ RunTime:0.117006s ]
INFO: [ view_parse ] --END-- [ RunTime:0.118007s ]
INFO: [ view_filter ] --START--
INFO: ContentReplace Behavior ::run [ RunTime:0.015000s ]
INFO: TokenBuild Behavior ::run [ RunTime:0.012001s ]
INFO: WriteHtmlCache Behavior ::run [ RunTime:0.002000s ]
INFO: ShowRuntime Behavior ::run [ RunTime:0.002000s ]
INFO: [ view_filter ] --END-- [ RunTime:0.032001s ]
INFO: [ view_end ] --START--
INFO: ShowPageTrace Behavior ::run [ RunTime:0.003001s ]
INFO: [ view_end ] --END-- [ RunTime:0.003001s ]

[ 2014-09-11T12:12:43+08:00 ] 127.0.0.1 /tp/index/Index/getPictures
INFO: [ route_check ] --START--
INFO: CheckRoute Behavior ::run [ RunTime:0.015001s ]
INFO: [ route_check ] --END-- [ RunTime:0.015001s ]
INFO: [ app_begin ] --START--
INFO: ReadHtmlCache Behavior ::run [ RunTime:0.002000s ]
INFO: [ app_begin ] --END-- [ RunTime:0.002000s ]
NOTIC: [2048] Declaration of BaseAction::ajaxReturn() should be compatible with Action::ajaxReturn($data, $type = '') E:\1.php\wamp\www\tp\Lib\Action\BaseAction.class.php 第 33 行.
NOTIC: [8] Undefined index: lastPid E:\1.php\wamp\www\tp\Lib\Action\index\IndexAction.class.php 第 15 行.
SQL: tagsmedia.getCollection(pic) [ RunTime:0.000000s ]
NOTIC: [8] Undefined index: where E:\1.php\wamp\www\tp\ThinkPHP\Extend\Driver\Db\DbMongo.class.php 第 367 行.
NOTIC: [2] Invalid argument supplied for foreach() E:\1.php\wamp\www\tp\ThinkPHP\Extend\Driver\Db\DbMongo.class.php 第 648 行.
SQL: tagsmedia.pic.find({},["_id","author_id","image","pid","description"]).sort({"pid":-1}).limit(10) [ RunTime:0.009000s ]

[ 2014-09-11T12:20:56+08:00 ] 127.0.0.1 /tp/index/Index/getPictures
INFO: [ route_check ] --START--
INFO: CheckRoute Behavior ::run [ RunTime:0.000000s ]
INFO: [ route_check ] --END-- [ RunTime:0.000000s ]
INFO: [ app_begin ] --START--
INFO: ReadHtmlCache Behavior ::run [ RunTime:0.000000s ]
INFO: [ app_begin ] --END-- [ RunTime:0.000000s ]
NOTIC: [2048] Declaration of BaseAction::ajaxReturn() should be compatible with Action::ajaxReturn($data, $type = '') E:\1.php\wamp\www\tp\Lib\Action\BaseAction.class.php 第 33 行.
SQL: tagsmedia.getCollection(pic) [ RunTime:0.000000s ]
NOTIC: [8] Undefined offset: 0 E:\1.php\wamp\www\tp\ThinkPHP\Extend\Driver\Db\DbMongo.class.php 第 715 行.
SQL: tagsmedia.pic.find({"pid":{"$lt":1000000022}},["_id","author_id","image","pid","description"]).sort({"pid":-1}).limit(10) [ RunTime:0.000000s ]

[ 2014-09-11T12:21:00+08:00 ] 127.0.0.1 /tp/index/Index/getPictures
INFO: [ route_check ] --START--
INFO: CheckRoute Behavior ::run [ RunTime:0.000000s ]
INFO: [ route_check ] --END-- [ RunTime:0.000000s ]
INFO: [ app_begin ] --START--
INFO: ReadHtmlCache Behavior ::run [ RunTime:0.000000s ]
INFO: [ app_begin ] --END-- [ RunTime:0.000000s ]
NOTIC: [2048] Declaration of BaseAction::ajaxReturn() should be compatible with Action::ajaxReturn($data, $type = '') E:\1.php\wamp\www\tp\Lib\Action\BaseAction.class.php 第 33 行.
SQL: tagsmedia.getCollection(pic) [ RunTime:0.000000s ]
NOTIC: [8] Undefined offset: 0 E:\1.php\wamp\www\tp\ThinkPHP\Extend\Driver\Db\DbMongo.class.php 第 715 行.
SQL: tagsmedia.pic.find({"pid":{"$lt":1000000012}},["_id","author_id","image","pid","description"]).sort({"pid":-1}).limit(10) [ RunTime:0.000000s ]

[ 2014-09-11T12:21:05+08:00 ] 127.0.0.1 /tp/pic/1000000027
INFO: [ route_check ] --START--
INFO: CheckRoute Behavior ::run [ RunTime:0.000000s ]
INFO: [ route_check ] --END-- [ RunTime:0.000000s ]
INFO: [ app_begin ] --START--
INFO: ReadHtmlCache Behavior ::run [ RunTime:0.000000s ]
INFO: [ app_begin ] --END-- [ RunTime:0.000000s ]
NOTIC: [2048] Declaration of BaseAction::ajaxReturn() should be compatible with Action::ajaxReturn($data, $type = '') E:\1.php\wamp\www\tp\Lib\Action\BaseAction.class.php 第 33 行.
INFO: [ view_parse ] --START--
INFO: ParseTemplate Behavior ::run [ RunTime:0.015600s ]
INFO: [ view_parse ] --END-- [ RunTime:0.015600s ]
INFO: [ view_filter ] --START--
INFO: ContentReplace Behavior ::run [ RunTime:0.000000s ]
INFO: TokenBuild Behavior ::run [ RunTime:0.000000s ]
INFO: WriteHtmlCache Behavior ::run [ RunTime:0.000000s ]
INFO: ShowRuntime Behavior ::run [ RunTime:0.000000s ]
INFO: [ view_filter ] --END-- [ RunTime:0.000000s ]
INFO: [ view_end ] --START--
INFO: ShowPageTrace Behavior ::run [ RunTime:0.000000s ]
INFO: [ view_end ] --END-- [ RunTime:0.000000s ]

[ 2014-09-11T12:21:08+08:00 ] 127.0.0.1 /tp/pic/1000000027
INFO: [ route_check ] --START--
INFO: CheckRoute Behavior ::run [ RunTime:0.003001s ]
INFO: [ route_check ] --END-- [ RunTime:0.003001s ]
INFO: [ app_begin ] --START--
INFO: ReadHtmlCache Behavior ::run [ RunTime:0.001000s ]
INFO: [ app_begin ] --END-- [ RunTime:0.001000s ]
NOTIC: [2048] Declaration of BaseAction::ajaxReturn() should be compatible with Action::ajaxReturn($data, $type = '') E:\1.php\wamp\www\tp\Lib\Action\BaseAction.class.php 第 33 行.
INFO: [ view_parse ] --START--
INFO: ParseTemplate Behavior ::run [ RunTime:0.013001s ]
INFO: [ view_parse ] --END-- [ RunTime:0.013001s ]
INFO: [ view_filter ] --START--
INFO: ContentReplace Behavior ::run [ RunTime:0.001000s ]
INFO: TokenBuild Behavior ::run [ RunTime:0.001000s ]
INFO: WriteHtmlCache Behavior ::run [ RunTime:0.001000s ]
INFO: ShowRuntime Behavior ::run [ RunTime:0.001000s ]
INFO: [ view_filter ] --END-- [ RunTime:0.005000s ]
INFO: [ view_end ] --START--
INFO: ShowPageTrace Behavior ::run [ RunTime:0.001000s ]
INFO: [ view_end ] --END-- [ RunTime:0.001000s ]

[ 2014-09-11T12:21:11+08:00 ] 127.0.0.1 /tp/pic/1000000027
INFO: [ route_check ] --START--
INFO: CheckRoute Behavior ::run [ RunTime:0.002000s ]
INFO: [ route_check ] --END-- [ RunTime:0.002000s ]
INFO: [ app_begin ] --START--
INFO: ReadHtmlCache Behavior ::run [ RunTime:0.001000s ]
INFO: [ app_begin ] --END-- [ RunTime:0.001000s ]
NOTIC: [2048] Declaration of BaseAction::ajaxReturn() should be compatible with Action::ajaxReturn($data, $type = '') E:\1.php\wamp\www\tp\Lib\Action\BaseAction.class.php 第 33 行.
INFO: [ view_parse ] --START--
INFO: ParseTemplate Behavior ::run [ RunTime:0.014001s ]
INFO: [ view_parse ] --END-- [ RunTime:0.014001s ]
INFO: [ view_filter ] --START--
INFO: ContentReplace Behavior ::run [ RunTime:0.001000s ]
INFO: TokenBuild Behavior ::run [ RunTime:0.001000s ]
INFO: WriteHtmlCache Behavior ::run [ RunTime:0.001000s ]
INFO: ShowRuntime Behavior ::run [ RunTime:0.001000s ]
INFO: [ view_filter ] --END-- [ RunTime:0.005000s ]
INFO: [ view_end ] --START--
INFO: ShowPageTrace Behavior ::run [ RunTime:0.001000s ]
INFO: [ view_end ] --END-- [ RunTime:0.001000s ]

[ 2014-09-11T12:21:15+08:00 ] 127.0.0.1 /tp/pic/1000000027
INFO: [ route_check ] --START--
INFO: CheckRoute Behavior ::run [ RunTime:0.002000s ]
INFO: [ route_check ] --END-- [ RunTime:0.002000s ]
INFO: [ app_begin ] --START--
INFO: ReadHtmlCache Behavior ::run [ RunTime:0.001000s ]
INFO: [ app_begin ] --END-- [ RunTime:0.001000s ]
NOTIC: [2048] Declaration of BaseAction::ajaxReturn() should be compatible with Action::ajaxReturn($data, $type = '') E:\1.php\wamp\www\tp\Lib\Action\BaseAction.class.php 第 33 行.
INFO: [ view_parse ] --START--
INFO: ParseTemplate Behavior ::run [ RunTime:0.016001s ]
INFO: [ view_parse ] --END-- [ RunTime:0.016001s ]
INFO: [ view_filter ] --START--
INFO: ContentReplace Behavior ::run [ RunTime:0.000000s ]
INFO: TokenBuild Behavior ::run [ RunTime:0.001000s ]
INFO: WriteHtmlCache Behavior ::run [ RunTime:0.001000s ]
INFO: ShowRuntime Behavior ::run [ RunTime:0.001001s ]
INFO: [ view_filter ] --END-- [ RunTime:0.005001s ]
INFO: [ view_end ] --START--
INFO: ShowPageTrace Behavior ::run [ RunTime:0.001000s ]
INFO: [ view_end ] --END-- [ RunTime:0.001000s ]

[ 2014-09-11T12:22:14+08:00 ] 127.0.0.1 /tp/
INFO: [ app_begin ] --START--
INFO: ReadHtmlCache Behavior ::run [ RunTime:0.002000s ]
INFO: [ app_begin ] --END-- [ RunTime:0.003000s ]
NOTIC: [2048] Declaration of BaseAction::ajaxReturn() should be compatible with Action::ajaxReturn($data, $type = '') E:\1.php\wamp\www\tp\Lib\Action\BaseAction.class.php 第 33 行.
INFO: [ view_parse ] --START--
INFO: ParseTemplate Behavior ::run [ RunTime:0.016001s ]
INFO: [ view_parse ] --END-- [ RunTime:0.017001s ]
INFO: [ view_filter ] --START--
INFO: ContentReplace Behavior ::run [ RunTime:0.001000s ]
INFO: TokenBuild Behavior ::run [ RunTime:0.001000s ]
INFO: WriteHtmlCache Behavior ::run [ RunTime:0.001001s ]
INFO: ShowRuntime Behavior ::run [ RunTime:0.001000s ]
INFO: [ view_filter ] --END-- [ RunTime:0.005001s ]
INFO: [ view_end ] --START--
INFO: ShowPageTrace Behavior ::run [ RunTime:0.002000s ]
INFO: [ view_end ] --END-- [ RunTime:0.002000s ]

[ 2014-09-11T12:22:16+08:00 ] 127.0.0.1 /tp/index/Index/getPictures
INFO: [ route_check ] --START--
INFO: CheckRoute Behavior ::run [ RunTime:0.001000s ]
INFO: [ route_check ] --END-- [ RunTime:0.002000s ]
INFO: [ app_begin ] --START--
INFO: ReadHtmlCache Behavior ::run [ RunTime:0.001000s ]
INFO: [ app_begin ] --END-- [ RunTime:0.001000s ]
NOTIC: [2048] Declaration of BaseAction::ajaxReturn() should be compatible with Action::ajaxReturn($data, $type = '') E:\1.php\wamp\www\tp\Lib\Action\BaseAction.class.php 第 33 行.
NOTIC: [8] Undefined index: lastPid E:\1.php\wamp\www\tp\Lib\Action\index\IndexAction.class.php 第 15 行.
SQL: tagsmedia.getCollection(pic) [ RunTime:0.000000s ]
NOTIC: [8] Undefined index: where E:\1.php\wamp\www\tp\ThinkPHP\Extend\Driver\Db\DbMongo.class.php 第 367 行.
NOTIC: [2] Invalid argument supplied for foreach() E:\1.php\wamp\www\tp\ThinkPHP\Extend\Driver\Db\DbMongo.class.php 第 648 行.
SQL: tagsmedia.pic.find({},["_id","author_id","image","pid","description"]).sort({"pid":-1}).limit(10) [ RunTime:0.000000s ]

[ 2014-09-11T12:22:19+08:00 ] 127.0.0.1 /tp/pic/1000000027
INFO: [ route_check ] --START--
INFO: CheckRoute Behavior ::run [ RunTime:0.003000s ]
INFO: [ route_check ] --END-- [ RunTime:0.005000s ]
INFO: [ app_begin ] --START--
INFO: ReadHtmlCache Behavior ::run [ RunTime:0.001000s ]
INFO: [ app_begin ] --END-- [ RunTime:0.002000s ]
NOTIC: [2048] Declaration of BaseAction::ajaxReturn() should be compatible with Action::ajaxReturn($data, $type = '') E:\1.php\wamp\www\tp\Lib\Action\BaseAction.class.php 第 33 行.
INFO: [ view_parse ] --START--
INFO: ParseTemplate Behavior ::run [ RunTime:0.013001s ]
INFO: [ view_parse ] --END-- [ RunTime:0.013001s ]
INFO: [ view_filter ] --START--
INFO: ContentReplace Behavior ::run [ RunTime:0.001000s ]
INFO: TokenBuild Behavior ::run [ RunTime:0.001000s ]
INFO: WriteHtmlCache Behavior ::run [ RunTime:0.000000s ]
INFO: ShowRuntime Behavior ::run [ RunTime:0.002000s ]
INFO: [ view_filter ] --END-- [ RunTime:0.005000s ]
INFO: [ view_end ] --START--
INFO: ShowPageTrace Behavior ::run [ RunTime:0.001000s ]
INFO: [ view_end ] --END-- [ RunTime:0.001000s ]

[ 2014-09-11T12:23:56+08:00 ] 127.0.0.1 /tp/
INFO: [ app_begin ] --START--
INFO: ReadHtmlCache Behavior ::run [ RunTime:0.000000s ]
INFO: [ app_begin ] --END-- [ RunTime:0.000000s ]
NOTIC: [2048] Declaration of BaseAction::ajaxReturn() should be compatible with Action::ajaxReturn($data, $type = '') E:\1.php\wamp\www\tp\Lib\Action\BaseAction.class.php 第 33 行.
INFO: [ view_parse ] --START--
INFO: ParseTemplate Behavior ::run [ RunTime:0.015600s ]
INFO: [ view_parse ] --END-- [ RunTime:0.015600s ]
INFO: [ view_filter ] --START--
INFO: ContentReplace Behavior ::run [ RunTime:0.015600s ]
INFO: TokenBuild Behavior ::run [ RunTime:0.000000s ]
INFO: WriteHtmlCache Behavior ::run [ RunTime:0.000000s ]
INFO: ShowRuntime Behavior ::run [ RunTime:0.000000s ]
INFO: [ view_filter ] --END-- [ RunTime:0.015600s ]
INFO: [ view_end ] --START--
INFO: ShowPageTrace Behavior ::run [ RunTime:0.000000s ]
INFO: [ view_end ] --END-- [ RunTime:0.000000s ]

[ 2014-09-11T12:23:59+08:00 ] 127.0.0.1 /tp/index/Index/getPictures
INFO: [ route_check ] --START--
INFO: CheckRoute Behavior ::run [ RunTime:0.015600s ]
INFO: [ route_check ] --END-- [ RunTime:0.015600s ]
INFO: [ app_begin ] --START--
INFO: ReadHtmlCache Behavior ::run [ RunTime:0.000000s ]
INFO: [ app_begin ] --END-- [ RunTime:0.000000s ]
NOTIC: [2048] Declaration of BaseAction::ajaxReturn() should be compatible with Action::ajaxReturn($data, $type = '') E:\1.php\wamp\www\tp\Lib\Action\BaseAction.class.php 第 33 行.
NOTIC: [8] Undefined index: lastPid E:\1.php\wamp\www\tp\Lib\Action\index\IndexAction.class.php 第 15 行.
SQL: tagsmedia.getCollection(pic) [ RunTime:0.000000s ]
NOTIC: [8] Undefined index: where E:\1.php\wamp\www\tp\ThinkPHP\Extend\Driver\Db\DbMongo.class.php 第 367 行.
NOTIC: [2] Invalid argument supplied for foreach() E:\1.php\wamp\www\tp\ThinkPHP\Extend\Driver\Db\DbMongo.class.php 第 648 行.
SQL: tagsmedia.pic.find({},["_id","author_id","image","pid","description"]).sort({"pid":-1}).limit(10) [ RunTime:0.000000s ]

[ 2014-09-11T12:24:01+08:00 ] 127.0.0.1 /tp/index/Index/getPictures
INFO: [ route_check ] --START--
INFO: CheckRoute Behavior ::run [ RunTime:0.015600s ]
INFO: [ route_check ] --END-- [ RunTime:0.015600s ]
INFO: [ app_begin ] --START--
INFO: ReadHtmlCache Behavior ::run [ RunTime:0.000000s ]
INFO: [ app_begin ] --END-- [ RunTime:0.015600s ]
NOTIC: [2048] Declaration of BaseAction::ajaxReturn() should be compatible with Action::ajaxReturn($data, $type = '') E:\1.php\wamp\www\tp\Lib\Action\BaseAction.class.php 第 33 行.
SQL: tagsmedia.getCollection(pic) [ RunTime:0.000000s ]
NOTIC: [8] Undefined offset: 0 E:\1.php\wamp\www\tp\ThinkPHP\Extend\Driver\Db\DbMongo.class.php 第 715 行.
SQL: tagsmedia.pic.find({"pid":{"$lt":1000000022}},["_id","author_id","image","pid","description"]).sort({"pid":-1}).limit(10) [ RunTime:0.000000s ]

[ 2014-09-11T12:24:16+08:00 ] 127.0.0.1 /tp/
INFO: [ app_begin ] --START--
INFO: ReadHtmlCache Behavior ::run [ RunTime:0.000000s ]
INFO: [ app_begin ] --END-- [ RunTime:0.000000s ]
NOTIC: [2048] Declaration of BaseAction::ajaxReturn() should be compatible with Action::ajaxReturn($data, $type = '') E:\1.php\wamp\www\tp\Lib\Action\BaseAction.class.php 第 33 行.
INFO: [ view_parse ] --START--
INFO: ParseTemplate Behavior ::run [ RunTime:0.015600s ]
INFO: [ view_parse ] --END-- [ RunTime:0.015600s ]
INFO: [ view_filter ] --START--
INFO: ContentReplace Behavior ::run [ RunTime:0.000000s ]
INFO: TokenBuild Behavior ::run [ RunTime:0.015600s ]
INFO: WriteHtmlCache Behavior ::run [ RunTime:0.000000s ]
INFO: ShowRuntime Behavior ::run [ RunTime:0.000000s ]
INFO: [ view_filter ] --END-- [ RunTime:0.015600s ]
INFO: [ view_end ] --START--
INFO: ShowPageTrace Behavior ::run [ RunTime:0.000000s ]
INFO: [ view_end ] --END-- [ RunTime:0.000000s ]

[ 2014-09-11T12:24:18+08:00 ] 127.0.0.1 /tp/index/Index/getPictures
INFO: [ route_check ] --START--
INFO: CheckRoute Behavior ::run [ RunTime:0.015600s ]
INFO: [ route_check ] --END-- [ RunTime:0.015600s ]
INFO: [ app_begin ] --START--
INFO: ReadHtmlCache Behavior ::run [ RunTime:0.000000s ]
INFO: [ app_begin ] --END-- [ RunTime:0.000000s ]
NOTIC: [2048] Declaration of BaseAction::ajaxReturn() should be compatible with Action::ajaxReturn($data, $type = '') E:\1.php\wamp\www\tp\Lib\Action\BaseAction.class.php 第 33 行.
NOTIC: [8] Undefined index: lastPid E:\1.php\wamp\www\tp\Lib\Action\index\IndexAction.class.php 第 15 行.
SQL: tagsmedia.getCollection(pic) [ RunTime:0.000000s ]
NOTIC: [8] Undefined index: where E:\1.php\wamp\www\tp\ThinkPHP\Extend\Driver\Db\DbMongo.class.php 第 367 行.
NOTIC: [2] Invalid argument supplied for foreach() E:\1.php\wamp\www\tp\ThinkPHP\Extend\Driver\Db\DbMongo.class.php 第 648 行.
SQL: tagsmedia.pic.find({},["_id","author_id","image","pid","description"]).sort({"pid":-1}).limit(10) [ RunTime:0.000000s ]

[ 2014-09-11T12:24:21+08:00 ] 127.0.0.1 /tp/index/Index/getPictures
INFO: [ route_check ] --START--
INFO: CheckRoute Behavior ::run [ RunTime:0.015600s ]
INFO: [ route_check ] --END-- [ RunTime:0.015600s ]
INFO: [ app_begin ] --START--
INFO: ReadHtmlCache Behavior ::run [ RunTime:0.000000s ]
INFO: [ app_begin ] --END-- [ RunTime:0.000000s ]
NOTIC: [2048] Declaration of BaseAction::ajaxReturn() should be compatible with Action::ajaxReturn($data, $type = '') E:\1.php\wamp\www\tp\Lib\Action\BaseAction.class.php 第 33 行.
SQL: tagsmedia.getCollection(pic) [ RunTime:0.000000s ]
NOTIC: [8] Undefined offset: 0 E:\1.php\wamp\www\tp\ThinkPHP\Extend\Driver\Db\DbMongo.class.php 第 715 行.
SQL: tagsmedia.pic.find({"pid":{"$lt":1000000022}},["_id","author_id","image","pid","description"]).sort({"pid":-1}).limit(10) [ RunTime:0.000000s ]

[ 2014-09-11T12:24:51+08:00 ] 127.0.0.1 /tp/
INFO: [ app_begin ] --START--
INFO: ReadHtmlCache Behavior ::run [ RunTime:0.000000s ]
INFO: [ app_begin ] --END-- [ RunTime:0.000000s ]
NOTIC: [2048] Declaration of BaseAction::ajaxReturn() should be compatible with Action::ajaxReturn($data, $type = '') E:\1.php\wamp\www\tp\Lib\Action\BaseAction.class.php 第 33 行.
INFO: [ view_parse ] --START--
INFO: ParseTemplate Behavior ::run [ RunTime:0.015600s ]
INFO: [ view_parse ] --END-- [ RunTime:0.015600s ]
INFO: [ view_filter ] --START--
INFO: ContentReplace Behavior ::run [ RunTime:0.000000s ]
INFO: TokenBuild Behavior ::run [ RunTime:0.000000s ]
INFO: WriteHtmlCache Behavior ::run [ RunTime:0.000000s ]
INFO: ShowRuntime Behavior ::run [ RunTime:0.000000s ]
INFO: [ view_filter ] --END-- [ RunTime:0.000000s ]
INFO: [ view_end ] --START--
INFO: ShowPageTrace Behavior ::run [ RunTime:0.000000s ]
INFO: [ view_end ] --END-- [ RunTime:0.000000s ]

[ 2014-09-11T12:24:53+08:00 ] 127.0.0.1 /tp/index/Index/getPictures
INFO: [ route_check ] --START--
INFO: CheckRoute Behavior ::run [ RunTime:0.000000s ]
INFO: [ route_check ] --END-- [ RunTime:0.000000s ]
INFO: [ app_begin ] --START--
INFO: ReadHtmlCache Behavior ::run [ RunTime:0.000000s ]
INFO: [ app_begin ] --END-- [ RunTime:0.000000s ]
NOTIC: [2048] Declaration of BaseAction::ajaxReturn() should be compatible with Action::ajaxReturn($data, $type = '') E:\1.php\wamp\www\tp\Lib\Action\BaseAction.class.php 第 33 行.
NOTIC: [8] Undefined index: lastPid E:\1.php\wamp\www\tp\Lib\Action\index\IndexAction.class.php 第 15 行.
SQL: tagsmedia.getCollection(pic) [ RunTime:0.000000s ]
NOTIC: [8] Undefined index: where E:\1.php\wamp\www\tp\ThinkPHP\Extend\Driver\Db\DbMongo.class.php 第 367 行.
NOTIC: [2] Invalid argument supplied for foreach() E:\1.php\wamp\www\tp\ThinkPHP\Extend\Driver\Db\DbMongo.class.php 第 648 行.
SQL: tagsmedia.pic.find({},["_id","author_id","image","pid","description"]).sort({"pid":-1}).limit(10) [ RunTime:0.000000s ]

[ 2014-09-11T12:25:30+08:00 ] 127.0.0.1 /tp/
INFO: [ app_begin ] --START--
INFO: ReadHtmlCache Behavior ::run [ RunTime:0.000000s ]
INFO: [ app_begin ] --END-- [ RunTime:0.000000s ]
NOTIC: [2048] Declaration of BaseAction::ajaxReturn() should be compatible with Action::ajaxReturn($data, $type = '') E:\1.php\wamp\www\tp\Lib\Action\BaseAction.class.php 第 33 行.
INFO: [ view_parse ] --START--
INFO: ParseTemplate Behavior ::run [ RunTime:0.015600s ]
INFO: [ view_parse ] --END-- [ RunTime:0.015600s ]
INFO: [ view_filter ] --START--
INFO: ContentReplace Behavior ::run [ RunTime:0.000000s ]
INFO: TokenBuild Behavior ::run [ RunTime:0.000000s ]
INFO: WriteHtmlCache Behavior ::run [ RunTime:0.000000s ]
INFO: ShowRuntime Behavior ::run [ RunTime:0.000000s ]
INFO: [ view_filter ] --END-- [ RunTime:0.015600s ]
INFO: [ view_end ] --START--
INFO: ShowPageTrace Behavior ::run [ RunTime:0.000000s ]
INFO: [ view_end ] --END-- [ RunTime:0.000000s ]

[ 2014-09-11T12:25:32+08:00 ] 127.0.0.1 /tp/index/Index/getPictures
INFO: [ route_check ] --START--
INFO: CheckRoute Behavior ::run [ RunTime:0.000000s ]
INFO: [ route_check ] --END-- [ RunTime:0.000000s ]
INFO: [ app_begin ] --START--
INFO: ReadHtmlCache Behavior ::run [ RunTime:0.000000s ]
INFO: [ app_begin ] --END-- [ RunTime:0.000000s ]
NOTIC: [2048] Declaration of BaseAction::ajaxReturn() should be compatible with Action::ajaxReturn($data, $type = '') E:\1.php\wamp\www\tp\Lib\Action\BaseAction.class.php 第 33 行.
NOTIC: [8] Undefined index: lastPid E:\1.php\wamp\www\tp\Lib\Action\index\IndexAction.class.php 第 15 行.
SQL: tagsmedia.getCollection(pic) [ RunTime:0.000000s ]
NOTIC: [8] Undefined index: where E:\1.php\wamp\www\tp\ThinkPHP\Extend\Driver\Db\DbMongo.class.php 第 367 行.
NOTIC: [2] Invalid argument supplied for foreach() E:\1.php\wamp\www\tp\ThinkPHP\Extend\Driver\Db\DbMongo.class.php 第 648 行.
SQL: tagsmedia.pic.find({},["_id","author_id","image","pid","description"]).sort({"pid":-1}).limit(10) [ RunTime:0.000000s ]

[ 2014-09-11T12:26:14+08:00 ] 127.0.0.1 /tp/
INFO: [ app_begin ] --START--
INFO: ReadHtmlCache Behavior ::run [ RunTime:0.000000s ]
INFO: [ app_begin ] --END-- [ RunTime:0.000000s ]
NOTIC: [2048] Declaration of BaseAction::ajaxReturn() should be compatible with Action::ajaxReturn($data, $type = '') E:\1.php\wamp\www\tp\Lib\Action\BaseAction.class.php 第 33 行.
INFO: [ view_parse ] --START--
INFO: ParseTemplate Behavior ::run [ RunTime:0.031200s ]
INFO: [ view_parse ] --END-- [ RunTime:0.031200s ]
INFO: [ view_filter ] --START--
INFO: ContentReplace Behavior ::run [ RunTime:0.000000s ]
INFO: TokenBuild Behavior ::run [ RunTime:0.000000s ]
INFO: WriteHtmlCache Behavior ::run [ RunTime:0.000000s ]
INFO: ShowRuntime Behavior ::run [ RunTime:0.000000s ]
INFO: [ view_filter ] --END-- [ RunTime:0.000000s ]
INFO: [ view_end ] --START--
INFO: ShowPageTrace Behavior ::run [ RunTime:0.000000s ]
INFO: [ view_end ] --END-- [ RunTime:0.000000s ]

[ 2014-09-11T12:26:17+08:00 ] 127.0.0.1 /tp/index/Index/getPictures
INFO: [ route_check ] --START--
INFO: CheckRoute Behavior ::run [ RunTime:0.015600s ]
INFO: [ route_check ] --END-- [ RunTime:0.015600s ]
INFO: [ app_begin ] --START--
INFO: ReadHtmlCache Behavior ::run [ RunTime:0.000000s ]
INFO: [ app_begin ] --END-- [ RunTime:0.000000s ]
NOTIC: [2048] Declaration of BaseAction::ajaxReturn() should be compatible with Action::ajaxReturn($data, $type = '') E:\1.php\wamp\www\tp\Lib\Action\BaseAction.class.php 第 33 行.
NOTIC: [8] Undefined index: lastPid E:\1.php\wamp\www\tp\Lib\Action\index\IndexAction.class.php 第 15 行.
SQL: tagsmedia.getCollection(pic) [ RunTime:0.000000s ]
NOTIC: [8] Undefined index: where E:\1.php\wamp\www\tp\ThinkPHP\Extend\Driver\Db\DbMongo.class.php 第 367 行.
NOTIC: [2] Invalid argument supplied for foreach() E:\1.php\wamp\www\tp\ThinkPHP\Extend\Driver\Db\DbMongo.class.php 第 648 行.
SQL: tagsmedia.pic.find({},["_id","author_id","image","pid","description"]).sort({"pid":-1}).limit(10) [ RunTime:0.000000s ]

[ 2014-09-11T12:26:19+08:00 ] 127.0.0.1 /tp/index/Index/getPictures
INFO: [ route_check ] --START--
INFO: CheckRoute Behavior ::run [ RunTime:0.000000s ]
INFO: [ route_check ] --END-- [ RunTime:0.000000s ]
INFO: [ app_begin ] --START--
INFO: ReadHtmlCache Behavior ::run [ RunTime:0.000000s ]
INFO: [ app_begin ] --END-- [ RunTime:0.000000s ]
NOTIC: [2048] Declaration of BaseAction::ajaxReturn() should be compatible with Action::ajaxReturn($data, $type = '') E:\1.php\wamp\www\tp\Lib\Action\BaseAction.class.php 第 33 行.
SQL: tagsmedia.getCollection(pic) [ RunTime:0.000000s ]
NOTIC: [8] Undefined offset: 0 E:\1.php\wamp\www\tp\ThinkPHP\Extend\Driver\Db\DbMongo.class.php 第 715 行.
SQL: tagsmedia.pic.find({"pid":{"$lt":1000000022}},["_id","author_id","image","pid","description"]).sort({"pid":-1}).limit(10) [ RunTime:0.000000s ]

[ 2014-09-11T12:27:10+08:00 ] 127.0.0.1 /tp/
INFO: [ app_begin ] --START--
INFO: ReadHtmlCache Behavior ::run [ RunTime:0.015600s ]
INFO: [ app_begin ] --END-- [ RunTime:0.015600s ]
NOTIC: [2048] Declaration of BaseAction::ajaxReturn() should be compatible with Action::ajaxReturn($data, $type = '') E:\1.php\wamp\www\tp\Lib\Action\BaseAction.class.php 第 33 行.
INFO: [ view_parse ] --START--
INFO: ParseTemplate Behavior ::run [ RunTime:0.015600s ]
INFO: [ view_parse ] --END-- [ RunTime:0.015600s ]
INFO: [ view_filter ] --START--
INFO: ContentReplace Behavior ::run [ RunTime:0.000000s ]
INFO: TokenBuild Behavior ::run [ RunTime:0.000000s ]
INFO: WriteHtmlCache Behavior ::run [ RunTime:0.000000s ]
INFO: ShowRuntime Behavior ::run [ RunTime:0.000000s ]
INFO: [ view_filter ] --END-- [ RunTime:0.000000s ]
INFO: [ view_end ] --START--
INFO: ShowPageTrace Behavior ::run [ RunTime:0.000000s ]
INFO: [ view_end ] --END-- [ RunTime:0.000000s ]

[ 2014-09-11T12:27:12+08:00 ] 127.0.0.1 /tp/index/Index/getPictures
INFO: [ route_check ] --START--
INFO: CheckRoute Behavior ::run [ RunTime:0.000000s ]
INFO: [ route_check ] --END-- [ RunTime:0.000000s ]
INFO: [ app_begin ] --START--
INFO: ReadHtmlCache Behavior ::run [ RunTime:0.000000s ]
INFO: [ app_begin ] --END-- [ RunTime:0.000000s ]
NOTIC: [2048] Declaration of BaseAction::ajaxReturn() should be compatible with Action::ajaxReturn($data, $type = '') E:\1.php\wamp\www\tp\Lib\Action\BaseAction.class.php 第 33 行.
NOTIC: [8] Undefined index: lastPid E:\1.php\wamp\www\tp\Lib\Action\index\IndexAction.class.php 第 15 行.
SQL: tagsmedia.getCollection(pic) [ RunTime:0.000000s ]
NOTIC: [8] Undefined index: where E:\1.php\wamp\www\tp\ThinkPHP\Extend\Driver\Db\DbMongo.class.php 第 367 行.
NOTIC: [2] Invalid argument supplied for foreach() E:\1.php\wamp\www\tp\ThinkPHP\Extend\Driver\Db\DbMongo.class.php 第 648 行.
SQL: tagsmedia.pic.find({},["_id","author_id","image","pid","description"]).sort({"pid":-1}).limit(10) [ RunTime:0.000000s ]

[ 2014-09-11T12:27:15+08:00 ] 127.0.0.1 /tp/index/Index/getPictures
INFO: [ route_check ] --START--
INFO: CheckRoute Behavior ::run [ RunTime:0.000000s ]
INFO: [ route_check ] --END-- [ RunTime:0.000000s ]
INFO: [ app_begin ] --START--
INFO: ReadHtmlCache Behavior ::run [ RunTime:0.000000s ]
INFO: [ app_begin ] --END-- [ RunTime:0.000000s ]
NOTIC: [2048] Declaration of BaseAction::ajaxReturn() should be compatible with Action::ajaxReturn($data, $type = '') E:\1.php\wamp\www\tp\Lib\Action\BaseAction.class.php 第 33 行.
SQL: tagsmedia.getCollection(pic) [ RunTime:0.000000s ]
NOTIC: [8] Undefined offset: 0 E:\1.php\wamp\www\tp\ThinkPHP\Extend\Driver\Db\DbMongo.class.php 第 715 行.
SQL: tagsmedia.pic.find({"pid":{"$lt":1000000022}},["_id","author_id","image","pid","description"]).sort({"pid":-1}).limit(10) [ RunTime:0.000000s ]

[ 2014-09-11T12:28:02+08:00 ] 127.0.0.1 /tp/
INFO: [ app_begin ] --START--
INFO: ReadHtmlCache Behavior ::run [ RunTime:0.000000s ]
INFO: [ app_begin ] --END-- [ RunTime:0.000000s ]
NOTIC: [2048] Declaration of BaseAction::ajaxReturn() should be compatible with Action::ajaxReturn($data, $type = '') E:\1.php\wamp\www\tp\Lib\Action\BaseAction.class.php 第 33 行.
INFO: [ view_parse ] --START--
INFO: ParseTemplate Behavior ::run [ RunTime:0.015600s ]
INFO: [ view_parse ] --END-- [ RunTime:0.015600s ]
INFO: [ view_filter ] --START--
INFO: ContentReplace Behavior ::run [ RunTime:0.000000s ]
INFO: TokenBuild Behavior ::run [ RunTime:0.015600s ]
INFO: WriteHtmlCache Behavior ::run [ RunTime:0.000000s ]
INFO: ShowRuntime Behavior ::run [ RunTime:0.000000s ]
INFO: [ view_filter ] --END-- [ RunTime:0.015600s ]
INFO: [ view_end ] --START--
INFO: ShowPageTrace Behavior ::run [ RunTime:0.000000s ]
INFO: [ view_end ] --END-- [ RunTime:0.000000s ]

[ 2014-09-11T12:28:04+08:00 ] 127.0.0.1 /tp/index/Index/getPictures
INFO: [ route_check ] --START--
INFO: CheckRoute Behavior ::run [ RunTime:0.015600s ]
INFO: [ route_check ] --END-- [ RunTime:0.015600s ]
INFO: [ app_begin ] --START--
INFO: ReadHtmlCache Behavior ::run [ RunTime:0.000000s ]
INFO: [ app_begin ] --END-- [ RunTime:0.000000s ]
NOTIC: [2048] Declaration of BaseAction::ajaxReturn() should be compatible with Action::ajaxReturn($data, $type = '') E:\1.php\wamp\www\tp\Lib\Action\BaseAction.class.php 第 33 行.
NOTIC: [8] Undefined index: lastPid E:\1.php\wamp\www\tp\Lib\Action\index\IndexAction.class.php 第 15 行.
SQL: tagsmedia.getCollection(pic) [ RunTime:0.000000s ]
NOTIC: [8] Undefined index: where E:\1.php\wamp\www\tp\ThinkPHP\Extend\Driver\Db\DbMongo.class.php 第 367 行.
NOTIC: [2] Invalid argument supplied for foreach() E:\1.php\wamp\www\tp\ThinkPHP\Extend\Driver\Db\DbMongo.class.php 第 648 行.
SQL: tagsmedia.pic.find({},["_id","author_id","image","pid","description"]).sort({"pid":-1}).limit(10) [ RunTime:0.000000s ]

[ 2014-09-11T12:28:07+08:00 ] 127.0.0.1 /tp/pic/1000000027
INFO: [ route_check ] --START--
INFO: CheckRoute Behavior ::run [ RunTime:0.000000s ]
INFO: [ route_check ] --END-- [ RunTime:0.000000s ]
INFO: [ app_begin ] --START--
INFO: ReadHtmlCache Behavior ::run [ RunTime:0.000000s ]
INFO: [ app_begin ] --END-- [ RunTime:0.000000s ]
NOTIC: [2048] Declaration of BaseAction::ajaxReturn() should be compatible with Action::ajaxReturn($data, $type = '') E:\1.php\wamp\www\tp\Lib\Action\BaseAction.class.php 第 33 行.
INFO: [ view_parse ] --START--
INFO: ParseTemplate Behavior ::run [ RunTime:0.015600s ]
INFO: [ view_parse ] --END-- [ RunTime:0.015600s ]
INFO: [ view_filter ] --START--
INFO: ContentReplace Behavior ::run [ RunTime:0.000000s ]
INFO: TokenBuild Behavior ::run [ RunTime:0.000000s ]
INFO: WriteHtmlCache Behavior ::run [ RunTime:0.000000s ]
INFO: ShowRuntime Behavior ::run [ RunTime:0.000000s ]
INFO: [ view_filter ] --END-- [ RunTime:0.000000s ]
INFO: [ view_end ] --START--
INFO: ShowPageTrace Behavior ::run [ RunTime:0.015600s ]
INFO: [ view_end ] --END-- [ RunTime:0.015600s ]

[ 2014-09-11T12:28:12+08:00 ] 127.0.0.1 /tp/index/Index/getPictures
INFO: [ route_check ] --START--
INFO: CheckRoute Behavior ::run [ RunTime:0.015600s ]
INFO: [ route_check ] --END-- [ RunTime:0.015600s ]
INFO: [ app_begin ] --START--
INFO: ReadHtmlCache Behavior ::run [ RunTime:0.000000s ]
INFO: [ app_begin ] --END-- [ RunTime:0.000000s ]
NOTIC: [2048] Declaration of BaseAction::ajaxReturn() should be compatible with Action::ajaxReturn($data, $type = '') E:\1.php\wamp\www\tp\Lib\Action\BaseAction.class.php 第 33 行.
SQL: tagsmedia.getCollection(pic) [ RunTime:0.000000s ]
NOTIC: [8] Undefined offset: 0 E:\1.php\wamp\www\tp\ThinkPHP\Extend\Driver\Db\DbMongo.class.php 第 715 行.
SQL: tagsmedia.pic.find({"pid":{"$lt":1000000022}},["_id","author_id","image","pid","description"]).sort({"pid":-1}).limit(10) [ RunTime:0.000000s ]

[ 2014-09-11T12:28:16+08:00 ] 127.0.0.1 /tp/index/Index/getPictures
INFO: [ route_check ] --START--
INFO: CheckRoute Behavior ::run [ RunTime:0.015600s ]
INFO: [ route_check ] --END-- [ RunTime:0.015600s ]
INFO: [ app_begin ] --START--
INFO: ReadHtmlCache Behavior ::run [ RunTime:0.000000s ]
INFO: [ app_begin ] --END-- [ RunTime:0.000000s ]
NOTIC: [2048] Declaration of BaseAction::ajaxReturn() should be compatible with Action::ajaxReturn($data, $type = '') E:\1.php\wamp\www\tp\Lib\Action\BaseAction.class.php 第 33 行.
SQL: tagsmedia.getCollection(pic) [ RunTime:0.000000s ]
NOTIC: [8] Undefined offset: 0 E:\1.php\wamp\www\tp\ThinkPHP\Extend\Driver\Db\DbMongo.class.php 第 715 行.
SQL: tagsmedia.pic.find({"pid":{"$lt":1000000012}},["_id","author_id","image","pid","description"]).sort({"pid":-1}).limit(10) [ RunTime:0.000000s ]

[ 2014-09-11T12:28:17+08:00 ] 127.0.0.1 /tp/index/Index/getPictures
INFO: [ route_check ] --START--
INFO: CheckRoute Behavior ::run [ RunTime:0.000000s ]
INFO: [ route_check ] --END-- [ RunTime:0.000000s ]
INFO: [ app_begin ] --START--
INFO: ReadHtmlCache Behavior ::run [ RunTime:0.000000s ]
INFO: [ app_begin ] --END-- [ RunTime:0.000000s ]
NOTIC: [2048] Declaration of BaseAction::ajaxReturn() should be compatible with Action::ajaxReturn($data, $type = '') E:\1.php\wamp\www\tp\Lib\Action\BaseAction.class.php 第 33 行.
SQL: tagsmedia.getCollection(pic) [ RunTime:0.000000s ]
NOTIC: [8] Undefined offset: 0 E:\1.php\wamp\www\tp\ThinkPHP\Extend\Driver\Db\DbMongo.class.php 第 715 行.
SQL: tagsmedia.pic.find({"pid":{"$lt":1000000002}},["_id","author_id","image","pid","description"]).sort({"pid":-1}).limit(10) [ RunTime:0.000000s ]

[ 2014-09-11T12:28:40+08:00 ] 127.0.0.1 /tp/
INFO: [ app_begin ] --START--
INFO: ReadHtmlCache Behavior ::run [ RunTime:0.000000s ]
INFO: [ app_begin ] --END-- [ RunTime:0.000000s ]
NOTIC: [2048] Declaration of BaseAction::ajaxReturn() should be compatible with Action::ajaxReturn($data, $type = '') E:\1.php\wamp\www\tp\Lib\Action\BaseAction.class.php 第 33 行.
INFO: [ view_parse ] --START--
INFO: ParseTemplate Behavior ::run [ RunTime:0.015600s ]
INFO: [ view_parse ] --END-- [ RunTime:0.015600s ]
INFO: [ view_filter ] --START--
INFO: ContentReplace Behavior ::run [ RunTime:0.000000s ]
INFO: TokenBuild Behavior ::run [ RunTime:0.000000s ]
INFO: WriteHtmlCache Behavior ::run [ RunTime:0.015601s ]
INFO: ShowRuntime Behavior ::run [ RunTime:0.000000s ]
INFO: [ view_filter ] --END-- [ RunTime:0.015601s ]
INFO: [ view_end ] --START--
INFO: ShowPageTrace Behavior ::run [ RunTime:0.000000s ]
INFO: [ view_end ] --END-- [ RunTime:0.000000s ]

[ 2014-09-11T12:28:41+08:00 ] 127.0.0.1 /tp/index/Index/getPictures
INFO: [ route_check ] --START--
INFO: CheckRoute Behavior ::run [ RunTime:0.000000s ]
INFO: [ route_check ] --END-- [ RunTime:0.000000s ]
INFO: [ app_begin ] --START--
INFO: ReadHtmlCache Behavior ::run [ RunTime:0.000000s ]
INFO: [ app_begin ] --END-- [ RunTime:0.000000s ]
NOTIC: [2048] Declaration of BaseAction::ajaxReturn() should be compatible with Action::ajaxReturn($data, $type = '') E:\1.php\wamp\www\tp\Lib\Action\BaseAction.class.php 第 33 行.
SQL: tagsmedia.getCollection(pic) [ RunTime:0.000000s ]
NOTIC: [8] Undefined offset: 0 E:\1.php\wamp\www\tp\ThinkPHP\Extend\Driver\Db\DbMongo.class.php 第 715 行.
SQL: tagsmedia.pic.find({"pid":{"$lt":1000000001}},["_id","author_id","image","pid","description"]).sort({"pid":-1}).limit(10) [ RunTime:0.000000s ]

[ 2014-09-11T12:28:43+08:00 ] 127.0.0.1 /tp/index/Index/getPictures
INFO: [ route_check ] --START--
INFO: CheckRoute Behavior ::run [ RunTime:0.015600s ]
INFO: [ route_check ] --END-- [ RunTime:0.015600s ]
INFO: [ app_begin ] --START--
INFO: ReadHtmlCache Behavior ::run [ RunTime:0.000000s ]
INFO: [ app_begin ] --END-- [ RunTime:0.000000s ]
NOTIC: [2048] Declaration of BaseAction::ajaxReturn() should be compatible with Action::ajaxReturn($data, $type = '') E:\1.php\wamp\www\tp\Lib\Action\BaseAction.class.php 第 33 行.
NOTIC: [8] Undefined index: lastPid E:\1.php\wamp\www\tp\Lib\Action\index\IndexAction.class.php 第 15 行.
SQL: tagsmedia.getCollection(pic) [ RunTime:0.000000s ]
NOTIC: [8] Undefined index: where E:\1.php\wamp\www\tp\ThinkPHP\Extend\Driver\Db\DbMongo.class.php 第 367 行.
NOTIC: [2] Invalid argument supplied for foreach() E:\1.php\wamp\www\tp\ThinkPHP\Extend\Driver\Db\DbMongo.class.php 第 648 行.
SQL: tagsmedia.pic.find({},["_id","author_id","image","pid","description"]).sort({"pid":-1}).limit(10) [ RunTime:0.000000s ]

[ 2014-09-11T12:28:46+08:00 ] 127.0.0.1 /tp/pic/1000000027
INFO: [ route_check ] --START--
INFO: CheckRoute Behavior ::run [ RunTime:0.015600s ]
INFO: [ route_check ] --END-- [ RunTime:0.015600s ]
INFO: [ app_begin ] --START--
INFO: ReadHtmlCache Behavior ::run [ RunTime:0.000000s ]
INFO: [ app_begin ] --END-- [ RunTime:0.000000s ]
NOTIC: [2048] Declaration of BaseAction::ajaxReturn() should be compatible with Action::ajaxReturn($data, $type = '') E:\1.php\wamp\www\tp\Lib\Action\BaseAction.class.php 第 33 行.
INFO: [ view_parse ] --START--
INFO: ParseTemplate Behavior ::run [ RunTime:0.015600s ]
INFO: [ view_parse ] --END-- [ RunTime:0.015600s ]
INFO: [ view_filter ] --START--
INFO: ContentReplace Behavior ::run [ RunTime:0.000000s ]
INFO: TokenBuild Behavior ::run [ RunTime:0.000000s ]
INFO: WriteHtmlCache Behavior ::run [ RunTime:0.000000s ]
INFO: ShowRuntime Behavior ::run [ RunTime:0.000000s ]
INFO: [ view_filter ] --END-- [ RunTime:0.000000s ]
INFO: [ view_end ] --START--
INFO: ShowPageTrace Behavior ::run [ RunTime:0.000000s ]
INFO: [ view_end ] --END-- [ RunTime:0.000000s ]

[ 2014-09-11T12:28:50+08:00 ] 127.0.0.1 /tp/index/Index/getPictures
INFO: [ route_check ] --START--
INFO: CheckRoute Behavior ::run [ RunTime:0.000000s ]
INFO: [ route_check ] --END-- [ RunTime:0.000000s ]
INFO: [ app_begin ] --START--
INFO: ReadHtmlCache Behavior ::run [ RunTime:0.000000s ]
INFO: [ app_begin ] --END-- [ RunTime:0.000000s ]
NOTIC: [2048] Declaration of BaseAction::ajaxReturn() should be compatible with Action::ajaxReturn($data, $type = '') E:\1.php\wamp\www\tp\Lib\Action\BaseAction.class.php 第 33 行.
SQL: tagsmedia.getCollection(pic) [ RunTime:0.000000s ]
NOTIC: [8] Undefined offset: 0 E:\1.php\wamp\www\tp\ThinkPHP\Extend\Driver\Db\DbMongo.class.php 第 715 行.
SQL: tagsmedia.pic.find({"pid":{"$lt":1000000022}},["_id","author_id","image","pid","description"]).sort({"pid":-1}).limit(10) [ RunTime:0.000000s ]

[ 2014-09-11T12:29:08+08:00 ] 127.0.0.1 /tp/
INFO: [ app_begin ] --START--
INFO: ReadHtmlCache Behavior ::run [ RunTime:0.000000s ]
INFO: [ app_begin ] --END-- [ RunTime:0.015600s ]
NOTIC: [2048] Declaration of BaseAction::ajaxReturn() should be compatible with Action::ajaxReturn($data, $type = '') E:\1.php\wamp\www\tp\Lib\Action\BaseAction.class.php 第 33 行.
INFO: [ view_parse ] --START--
INFO: ParseTemplate Behavior ::run [ RunTime:0.031200s ]
INFO: [ view_parse ] --END-- [ RunTime:0.031200s ]
INFO: [ view_filter ] --START--
INFO: ContentReplace Behavior ::run [ RunTime:0.000000s ]
INFO: TokenBuild Behavior ::run [ RunTime:0.000000s ]
INFO: WriteHtmlCache Behavior ::run [ RunTime:0.000000s ]
INFO: ShowRuntime Behavior ::run [ RunTime:0.000000s ]
INFO: [ view_filter ] --END-- [ RunTime:0.000000s ]
INFO: [ view_end ] --START--
INFO: ShowPageTrace Behavior ::run [ RunTime:0.000000s ]
INFO: [ view_end ] --END-- [ RunTime:0.000000s ]

[ 2014-09-11T12:29:11+08:00 ] 127.0.0.1 /tp/index/Index/getPictures
INFO: [ route_check ] --START--
INFO: CheckRoute Behavior ::run [ RunTime:0.000000s ]
INFO: [ route_check ] --END-- [ RunTime:0.000000s ]
INFO: [ app_begin ] --START--
INFO: ReadHtmlCache Behavior ::run [ RunTime:0.000000s ]
INFO: [ app_begin ] --END-- [ RunTime:0.000000s ]
NOTIC: [2048] Declaration of BaseAction::ajaxReturn() should be compatible with Action::ajaxReturn($data, $type = '') E:\1.php\wamp\www\tp\Lib\Action\BaseAction.class.php 第 33 行.
NOTIC: [8] Undefined index: lastPid E:\1.php\wamp\www\tp\Lib\Action\index\IndexAction.class.php 第 15 行.
SQL: tagsmedia.getCollection(pic) [ RunTime:0.000000s ]
NOTIC: [8] Undefined index: where E:\1.php\wamp\www\tp\ThinkPHP\Extend\Driver\Db\DbMongo.class.php 第 367 行.
NOTIC: [2] Invalid argument supplied for foreach() E:\1.php\wamp\www\tp\ThinkPHP\Extend\Driver\Db\DbMongo.class.php 第 648 行.
SQL: tagsmedia.pic.find({},["_id","author_id","image","pid","description"]).sort({"pid":-1}).limit(10) [ RunTime:0.000000s ]

[ 2014-09-11T12:29:14+08:00 ] 127.0.0.1 /tp/pic/1000000027
INFO: [ route_check ] --START--
INFO: CheckRoute Behavior ::run [ RunTime:0.015600s ]
INFO: [ route_check ] --END-- [ RunTime:0.015600s ]
INFO: [ app_begin ] --START--
INFO: ReadHtmlCache Behavior ::run [ RunTime:0.000000s ]
INFO: [ app_begin ] --END-- [ RunTime:0.000000s ]
NOTIC: [2048] Declaration of BaseAction::ajaxReturn() should be compatible with Action::ajaxReturn($data, $type = '') E:\1.php\wamp\www\tp\Lib\Action\BaseAction.class.php 第 33 行.
INFO: [ view_parse ] --START--
INFO: ParseTemplate Behavior ::run [ RunTime:0.031200s ]
INFO: [ view_parse ] --END-- [ RunTime:0.031200s ]
INFO: [ view_filter ] --START--
INFO: ContentReplace Behavior ::run [ RunTime:0.000000s ]
INFO: TokenBuild Behavior ::run [ RunTime:0.000000s ]
INFO: WriteHtmlCache Behavior ::run [ RunTime:0.000000s ]
INFO: ShowRuntime Behavior ::run [ RunTime:0.000000s ]
INFO: [ view_filter ] --END-- [ RunTime:0.000000s ]
INFO: [ view_end ] --START--
INFO: ShowPageTrace Behavior ::run [ RunTime:0.000000s ]
INFO: [ view_end ] --END-- [ RunTime:0.000000s ]

[ 2014-09-11T12:29:46+08:00 ] 127.0.0.1 /tp/
INFO: [ app_begin ] --START--
INFO: ReadHtmlCache Behavior ::run [ RunTime:0.000000s ]
INFO: [ app_begin ] --END-- [ RunTime:0.000000s ]
NOTIC: [2048] Declaration of BaseAction::ajaxReturn() should be compatible with Action::ajaxReturn($data, $type = '') E:\1.php\wamp\www\tp\Lib\Action\BaseAction.class.php 第 33 行.
INFO: [ view_parse ] --START--
INFO: ParseTemplate Behavior ::run [ RunTime:0.015600s ]
INFO: [ view_parse ] --END-- [ RunTime:0.015600s ]
INFO: [ view_filter ] --START--
INFO: ContentReplace Behavior ::run [ RunTime:0.000000s ]
INFO: TokenBuild Behavior ::run [ RunTime:0.000000s ]
INFO: WriteHtmlCache Behavior ::run [ RunTime:0.000000s ]
INFO: ShowRuntime Behavior ::run [ RunTime:0.000000s ]
INFO: [ view_filter ] --END-- [ RunTime:0.000000s ]
INFO: [ view_end ] --START--
INFO: ShowPageTrace Behavior ::run [ RunTime:0.015600s ]
INFO: [ view_end ] --END-- [ RunTime:0.015600s ]

[ 2014-09-11T12:29:49+08:00 ] 127.0.0.1 /tp/index/Index/getPictures
INFO: [ route_check ] --START--
INFO: CheckRoute Behavior ::run [ RunTime:0.015600s ]
INFO: [ route_check ] --END-- [ RunTime:0.015600s ]
INFO: [ app_begin ] --START--
INFO: ReadHtmlCache Behavior ::run [ RunTime:0.000000s ]
INFO: [ app_begin ] --END-- [ RunTime:0.000000s ]
NOTIC: [2048] Declaration of BaseAction::ajaxReturn() should be compatible with Action::ajaxReturn($data, $type = '') E:\1.php\wamp\www\tp\Lib\Action\BaseAction.class.php 第 33 行.
NOTIC: [8] Undefined index: lastPid E:\1.php\wamp\www\tp\Lib\Action\index\IndexAction.class.php 第 15 行.
SQL: tagsmedia.getCollection(pic) [ RunTime:0.000000s ]
NOTIC: [8] Undefined index: where E:\1.php\wamp\www\tp\ThinkPHP\Extend\Driver\Db\DbMongo.class.php 第 367 行.
NOTIC: [2] Invalid argument supplied for foreach() E:\1.php\wamp\www\tp\ThinkPHP\Extend\Driver\Db\DbMongo.class.php 第 648 行.
SQL: tagsmedia.pic.find({},["_id","author_id","image","pid","description"]).sort({"pid":-1}).limit(10) [ RunTime:0.000000s ]

[ 2014-09-11T12:29:53+08:00 ] 127.0.0.1 /tp/pic/1000000027
INFO: [ route_check ] --START--
INFO: CheckRoute Behavior ::run [ RunTime:0.015600s ]
INFO: [ route_check ] --END-- [ RunTime:0.015600s ]
INFO: [ app_begin ] --START--
INFO: ReadHtmlCache Behavior ::run [ RunTime:0.000000s ]
INFO: [ app_begin ] --END-- [ RunTime:0.000000s ]
NOTIC: [2048] Declaration of BaseAction::ajaxReturn() should be compatible with Action::ajaxReturn($data, $type = '') E:\1.php\wamp\www\tp\Lib\Action\BaseAction.class.php 第 33 行.
INFO: [ view_parse ] --START--
INFO: ParseTemplate Behavior ::run [ RunTime:0.015600s ]
INFO: [ view_parse ] --END-- [ RunTime:0.015600s ]
INFO: [ view_filter ] --START--
INFO: ContentReplace Behavior ::run [ RunTime:0.000000s ]
INFO: TokenBuild Behavior ::run [ RunTime:0.000000s ]
INFO: WriteHtmlCache Behavior ::run [ RunTime:0.000000s ]
INFO: ShowRuntime Behavior ::run [ RunTime:0.000000s ]
INFO: [ view_filter ] --END-- [ RunTime:0.000000s ]
INFO: [ view_end ] --START--
INFO: ShowPageTrace Behavior ::run [ RunTime:0.000000s ]
INFO: [ view_end ] --END-- [ RunTime:0.000000s ]

[ 2014-09-11T12:30:00+08:00 ] 127.0.0.1 /tp/index/Index/getPictures
INFO: [ route_check ] --START--
INFO: CheckRoute Behavior ::run [ RunTime:0.015600s ]
INFO: [ route_check ] --END-- [ RunTime:0.015600s ]
INFO: [ app_begin ] --START--
INFO: ReadHtmlCache Behavior ::run [ RunTime:0.000000s ]
INFO: [ app_begin ] --END-- [ RunTime:0.000000s ]
NOTIC: [2048] Declaration of BaseAction::ajaxReturn() should be compatible with Action::ajaxReturn($data, $type = '') E:\1.php\wamp\www\tp\Lib\Action\BaseAction.class.php 第 33 行.
SQL: tagsmedia.getCollection(pic) [ RunTime:0.000000s ]
NOTIC: [8] Undefined offset: 0 E:\1.php\wamp\www\tp\ThinkPHP\Extend\Driver\Db\DbMongo.class.php 第 715 行.
SQL: tagsmedia.pic.find({"pid":{"$lt":1000000022}},["_id","author_id","image","pid","description"]).sort({"pid":-1}).limit(10) [ RunTime:0.000000s ]

[ 2014-09-11T12:32:04+08:00 ] 127.0.0.1 /tp/
INFO: [ app_begin ] --START--
INFO: ReadHtmlCache Behavior ::run [ RunTime:0.002000s ]
INFO: [ app_begin ] --END-- [ RunTime:0.002000s ]
NOTIC: [2048] Declaration of BaseAction::ajaxReturn() should be compatible with Action::ajaxReturn($data, $type = '') E:\1.php\wamp\www\tp\Lib\Action\BaseAction.class.php 第 33 行.
INFO: [ view_parse ] --START--
INFO: ParseTemplate Behavior ::run [ RunTime:0.020001s ]
INFO: [ view_parse ] --END-- [ RunTime:0.020001s ]
INFO: [ view_filter ] --START--
INFO: ContentReplace Behavior ::run [ RunTime:0.002000s ]
INFO: TokenBuild Behavior ::run [ RunTime:0.001000s ]
INFO: WriteHtmlCache Behavior ::run [ RunTime:0.000000s ]
INFO: ShowRuntime Behavior ::run [ RunTime:0.001000s ]
INFO: [ view_filter ] --END-- [ RunTime:0.007000s ]
INFO: [ view_end ] --START--
INFO: ShowPageTrace Behavior ::run [ RunTime:0.002000s ]
INFO: [ view_end ] --END-- [ RunTime:0.002000s ]

[ 2014-09-11T12:32:06+08:00 ] 127.0.0.1 /tp/index/Index/getPictures
INFO: [ route_check ] --START--
INFO: CheckRoute Behavior ::run [ RunTime:0.001000s ]
INFO: [ route_check ] --END-- [ RunTime:0.002000s ]
INFO: [ app_begin ] --START--
INFO: ReadHtmlCache Behavior ::run [ RunTime:0.001001s ]
INFO: [ app_begin ] --END-- [ RunTime:0.001001s ]
NOTIC: [2048] Declaration of BaseAction::ajaxReturn() should be compatible with Action::ajaxReturn($data, $type = '') E:\1.php\wamp\www\tp\Lib\Action\BaseAction.class.php 第 33 行.
NOTIC: [8] Undefined index: lastPid E:\1.php\wamp\www\tp\Lib\Action\index\IndexAction.class.php 第 15 行.
SQL: tagsmedia.getCollection(pic) [ RunTime:0.001000s ]
NOTIC: [8] Undefined index: where E:\1.php\wamp\www\tp\ThinkPHP\Extend\Driver\Db\DbMongo.class.php 第 367 行.
NOTIC: [2] Invalid argument supplied for foreach() E:\1.php\wamp\www\tp\ThinkPHP\Extend\Driver\Db\DbMongo.class.php 第 648 行.
SQL: tagsmedia.pic.find({},["_id","author_id","image","pid","description"]).sort({"pid":-1}).limit(10) [ RunTime:0.001000s ]

[ 2014-09-11T12:32:09+08:00 ] 127.0.0.1 /tp/pic/1000000027
INFO: [ route_check ] --START--
INFO: CheckRoute Behavior ::run [ RunTime:0.002001s ]
INFO: [ route_check ] --END-- [ RunTime:0.002001s ]
INFO: [ app_begin ] --START--
INFO: ReadHtmlCache Behavior ::run [ RunTime:0.001000s ]
INFO: [ app_begin ] --END-- [ RunTime:0.001000s ]
NOTIC: [2048] Declaration of BaseAction::ajaxReturn() should be compatible with Action::ajaxReturn($data, $type = '') E:\1.php\wamp\www\tp\Lib\Action\BaseAction.class.php 第 33 行.
INFO: [ view_parse ] --START--
INFO: ParseTemplate Behavior ::run [ RunTime:0.016001s ]
INFO: [ view_parse ] --END-- [ RunTime:0.016001s ]
INFO: [ view_filter ] --START--
INFO: ContentReplace Behavior ::run [ RunTime:0.001000s ]
INFO: TokenBuild Behavior ::run [ RunTime:0.001000s ]
INFO: WriteHtmlCache Behavior ::run [ RunTime:0.001000s ]
INFO: ShowRuntime Behavior ::run [ RunTime:0.001000s ]
INFO: [ view_filter ] --END-- [ RunTime:0.006000s ]
INFO: [ view_end ] --START--
INFO: ShowPageTrace Behavior ::run [ RunTime:0.002000s ]
INFO: [ view_end ] --END-- [ RunTime:0.002000s ]

[ 2014-09-11T12:32:16+08:00 ] 127.0.0.1 /tp/index/Index/getPictures
INFO: [ route_check ] --START--
INFO: CheckRoute Behavior ::run [ RunTime:0.002000s ]
INFO: [ route_check ] --END-- [ RunTime:0.003000s ]
INFO: [ app_begin ] --START--
INFO: ReadHtmlCache Behavior ::run [ RunTime:0.002000s ]
INFO: [ app_begin ] --END-- [ RunTime:0.002000s ]
NOTIC: [2048] Declaration of BaseAction::ajaxReturn() should be compatible with Action::ajaxReturn($data, $type = '') E:\1.php\wamp\www\tp\Lib\Action\BaseAction.class.php 第 33 行.
SQL: tagsmedia.getCollection(pic) [ RunTime:0.001000s ]
NOTIC: [8] Undefined offset: 0 E:\1.php\wamp\www\tp\ThinkPHP\Extend\Driver\Db\DbMongo.class.php 第 715 行.
SQL: tagsmedia.pic.find({"pid":{"$lt":1000000022}},["_id","author_id","image","pid","description"]).sort({"pid":-1}).limit(10) [ RunTime:0.000000s ]

[ 2014-09-11T12:33:34+08:00 ] 127.0.0.1 /tp/
INFO: [ app_begin ] --START--
INFO: ReadHtmlCache Behavior ::run [ RunTime:0.000000s ]
INFO: [ app_begin ] --END-- [ RunTime:0.000000s ]
NOTIC: [2048] Declaration of BaseAction::ajaxReturn() should be compatible with Action::ajaxReturn($data, $type = '') E:\1.php\wamp\www\tp\Lib\Action\BaseAction.class.php 第 33 行.
INFO: [ view_parse ] --START--
INFO: ParseTemplate Behavior ::run [ RunTime:0.015600s ]
INFO: [ view_parse ] --END-- [ RunTime:0.015600s ]
INFO: [ view_filter ] --START--
INFO: ContentReplace Behavior ::run [ RunTime:0.000000s ]
INFO: TokenBuild Behavior ::run [ RunTime:0.015600s ]
INFO: WriteHtmlCache Behavior ::run [ RunTime:0.000000s ]
INFO: ShowRuntime Behavior ::run [ RunTime:0.000000s ]
INFO: [ view_filter ] --END-- [ RunTime:0.015600s ]
INFO: [ view_end ] --START--
INFO: ShowPageTrace Behavior ::run [ RunTime:0.000000s ]
INFO: [ view_end ] --END-- [ RunTime:0.000000s ]

[ 2014-09-11T12:33:50+08:00 ] 127.0.0.1 /tp/
INFO: [ app_begin ] --START--
INFO: ReadHtmlCache Behavior ::run [ RunTime:0.000000s ]
INFO: [ app_begin ] --END-- [ RunTime:0.000000s ]
NOTIC: [2048] Declaration of BaseAction::ajaxReturn() should be compatible with Action::ajaxReturn($data, $type = '') E:\1.php\wamp\www\tp\Lib\Action\BaseAction.class.php 第 33 行.
INFO: [ view_parse ] --START--
INFO: ParseTemplate Behavior ::run [ RunTime:0.015600s ]
INFO: [ view_parse ] --END-- [ RunTime:0.015600s ]
INFO: [ view_filter ] --START--
INFO: ContentReplace Behavior ::run [ RunTime:0.000000s ]
INFO: TokenBuild Behavior ::run [ RunTime:0.000000s ]
INFO: WriteHtmlCache Behavior ::run [ RunTime:0.000000s ]
INFO: ShowRuntime Behavior ::run [ RunTime:0.015600s ]
INFO: [ view_filter ] --END-- [ RunTime:0.015600s ]
INFO: [ view_end ] --START--
INFO: ShowPageTrace Behavior ::run [ RunTime:0.000000s ]
INFO: [ view_end ] --END-- [ RunTime:0.000000s ]

[ 2014-09-11T12:33:53+08:00 ] 127.0.0.1 /tp/index/Index/getPictures
INFO: [ route_check ] --START--
INFO: CheckRoute Behavior ::run [ RunTime:0.000000s ]
INFO: [ route_check ] --END-- [ RunTime:0.000000s ]
INFO: [ app_begin ] --START--
INFO: ReadHtmlCache Behavior ::run [ RunTime:0.000000s ]
INFO: [ app_begin ] --END-- [ RunTime:0.000000s ]
NOTIC: [2048] Declaration of BaseAction::ajaxReturn() should be compatible with Action::ajaxReturn($data, $type = '') E:\1.php\wamp\www\tp\Lib\Action\BaseAction.class.php 第 33 行.
NOTIC: [8] Undefined index: lastPid E:\1.php\wamp\www\tp\Lib\Action\index\IndexAction.class.php 第 15 行.
SQL: tagsmedia.getCollection(pic) [ RunTime:0.000000s ]
NOTIC: [8] Undefined index: where E:\1.php\wamp\www\tp\ThinkPHP\Extend\Driver\Db\DbMongo.class.php 第 367 行.
NOTIC: [2] Invalid argument supplied for foreach() E:\1.php\wamp\www\tp\ThinkPHP\Extend\Driver\Db\DbMongo.class.php 第 648 行.
SQL: tagsmedia.pic.find({},["_id","author_id","image","pid","description"]).sort({"pid":-1}).limit(10) [ RunTime:0.000000s ]

[ 2014-09-11T12:33:59+08:00 ] 127.0.0.1 /tp/pic/1000000027
INFO: [ route_check ] --START--
INFO: CheckRoute Behavior ::run [ RunTime:0.000000s ]
INFO: [ route_check ] --END-- [ RunTime:0.000000s ]
INFO: [ app_begin ] --START--
INFO: ReadHtmlCache Behavior ::run [ RunTime:0.000000s ]
INFO: [ app_begin ] --END-- [ RunTime:0.000000s ]
NOTIC: [2048] Declaration of BaseAction::ajaxReturn() should be compatible with Action::ajaxReturn($data, $type = '') E:\1.php\wamp\www\tp\Lib\Action\BaseAction.class.php 第 33 行.
INFO: [ view_parse ] --START--
INFO: ParseTemplate Behavior ::run [ RunTime:0.015600s ]
INFO: [ view_parse ] --END-- [ RunTime:0.015600s ]
INFO: [ view_filter ] --START--
INFO: ContentReplace Behavior ::run [ RunTime:0.000000s ]
INFO: TokenBuild Behavior ::run [ RunTime:0.000000s ]
INFO: WriteHtmlCache Behavior ::run [ RunTime:0.000000s ]
INFO: ShowRuntime Behavior ::run [ RunTime:0.015600s ]
INFO: [ view_filter ] --END-- [ RunTime:0.015600s ]
INFO: [ view_end ] --START--
INFO: ShowPageTrace Behavior ::run [ RunTime:0.000000s ]
INFO: [ view_end ] --END-- [ RunTime:0.000000s ]

[ 2014-09-11T12:34:15+08:00 ] 127.0.0.1 /tp/
INFO: [ app_begin ] --START--
INFO: ReadHtmlCache Behavior ::run [ RunTime:0.000000s ]
INFO: [ app_begin ] --END-- [ RunTime:0.000000s ]
NOTIC: [2048] Declaration of BaseAction::ajaxReturn() should be compatible with Action::ajaxReturn($data, $type = '') E:\1.php\wamp\www\tp\Lib\Action\BaseAction.class.php 第 33 行.
INFO: [ view_parse ] --START--
INFO: ParseTemplate Behavior ::run [ RunTime:0.015600s ]
INFO: [ view_parse ] --END-- [ RunTime:0.015600s ]
INFO: [ view_filter ] --START--
INFO: ContentReplace Behavior ::run [ RunTime:0.000000s ]
INFO: TokenBuild Behavior ::run [ RunTime:0.000000s ]
INFO: WriteHtmlCache Behavior ::run [ RunTime:0.000000s ]
INFO: ShowRuntime Behavior ::run [ RunTime:0.015600s ]
INFO: [ view_filter ] --END-- [ RunTime:0.015600s ]
INFO: [ view_end ] --START--
INFO: ShowPageTrace Behavior ::run [ RunTime:0.000000s ]
INFO: [ view_end ] --END-- [ RunTime:0.000000s ]

[ 2014-09-11T12:34:17+08:00 ] 127.0.0.1 /tp/index/Index/getPictures
INFO: [ route_check ] --START--
INFO: CheckRoute Behavior ::run [ RunTime:0.000000s ]
INFO: [ route_check ] --END-- [ RunTime:0.000000s ]
INFO: [ app_begin ] --START--
INFO: ReadHtmlCache Behavior ::run [ RunTime:0.000000s ]
INFO: [ app_begin ] --END-- [ RunTime:0.000000s ]
NOTIC: [2048] Declaration of BaseAction::ajaxReturn() should be compatible with Action::ajaxReturn($data, $type = '') E:\1.php\wamp\www\tp\Lib\Action\BaseAction.class.php 第 33 行.
NOTIC: [8] Undefined index: lastPid E:\1.php\wamp\www\tp\Lib\Action\index\IndexAction.class.php 第 15 行.
SQL: tagsmedia.getCollection(pic) [ RunTime:0.000000s ]
NOTIC: [8] Undefined index: where E:\1.php\wamp\www\tp\ThinkPHP\Extend\Driver\Db\DbMongo.class.php 第 367 行.
NOTIC: [2] Invalid argument supplied for foreach() E:\1.php\wamp\www\tp\ThinkPHP\Extend\Driver\Db\DbMongo.class.php 第 648 行.
SQL: tagsmedia.pic.find({},["_id","author_id","image","pid","description"]).sort({"pid":-1}).limit(10) [ RunTime:0.000000s ]

[ 2014-09-11T12:34:23+08:00 ] 127.0.0.1 /tp/pic/1000000027
INFO: [ route_check ] --START--
INFO: CheckRoute Behavior ::run [ RunTime:0.000000s ]
INFO: [ route_check ] --END-- [ RunTime:0.000000s ]
INFO: [ app_begin ] --START--
INFO: ReadHtmlCache Behavior ::run [ RunTime:0.000000s ]
INFO: [ app_begin ] --END-- [ RunTime:0.000000s ]
NOTIC: [2048] Declaration of BaseAction::ajaxReturn() should be compatible with Action::ajaxReturn($data, $type = '') E:\1.php\wamp\www\tp\Lib\Action\BaseAction.class.php 第 33 行.
INFO: [ view_parse ] --START--
INFO: ParseTemplate Behavior ::run [ RunTime:0.015600s ]
INFO: [ view_parse ] --END-- [ RunTime:0.015600s ]
INFO: [ view_filter ] --START--
INFO: ContentReplace Behavior ::run [ RunTime:0.000000s ]
INFO: TokenBuild Behavior ::run [ RunTime:0.000000s ]
INFO: WriteHtmlCache Behavior ::run [ RunTime:0.000000s ]
INFO: ShowRuntime Behavior ::run [ RunTime:0.015600s ]
INFO: [ view_filter ] --END-- [ RunTime:0.015600s ]
INFO: [ view_end ] --START--
INFO: ShowPageTrace Behavior ::run [ RunTime:0.000000s ]
INFO: [ view_end ] --END-- [ RunTime:0.000000s ]

[ 2014-09-11T12:39:09+08:00 ] 127.0.0.1 /tp/
INFO: [ app_begin ] --START--
INFO: ReadHtmlCache Behavior ::run [ RunTime:0.002000s ]
INFO: [ app_begin ] --END-- [ RunTime:0.002000s ]
NOTIC: [2048] Declaration of BaseAction::ajaxReturn() should be compatible with Action::ajaxReturn($data, $type = '') E:\1.php\wamp\www\tp\Lib\Action\BaseAction.class.php 第 33 行.
INFO: [ view_parse ] --START--
INFO: ParseTemplate Behavior ::run [ RunTime:0.014001s ]
INFO: [ view_parse ] --END-- [ RunTime:0.014001s ]
INFO: [ view_filter ] --START--
INFO: ContentReplace Behavior ::run [ RunTime:0.001000s ]
INFO: TokenBuild Behavior ::run [ RunTime:0.001000s ]
INFO: WriteHtmlCache Behavior ::run [ RunTime:0.001000s ]
INFO: ShowRuntime Behavior ::run [ RunTime:0.001000s ]
INFO: [ view_filter ] --END-- [ RunTime:0.005000s ]
INFO: [ view_end ] --START--
INFO: ShowPageTrace Behavior ::run [ RunTime:0.001000s ]
INFO: [ view_end ] --END-- [ RunTime:0.001000s ]

[ 2014-09-11T12:39:11+08:00 ] 127.0.0.1 /tp/index/Index/getPictures
INFO: [ route_check ] --START--
INFO: CheckRoute Behavior ::run [ RunTime:0.002000s ]
INFO: [ route_check ] --END-- [ RunTime:0.003000s ]
INFO: [ app_begin ] --START--
INFO: ReadHtmlCache Behavior ::run [ RunTime:0.001000s ]
INFO: [ app_begin ] --END-- [ RunTime:0.002000s ]
NOTIC: [2048] Declaration of BaseAction::ajaxReturn() should be compatible with Action::ajaxReturn($data, $type = '') E:\1.php\wamp\www\tp\Lib\Action\BaseAction.class.php 第 33 行.
NOTIC: [8] Undefined index: lastPid E:\1.php\wamp\www\tp\Lib\Action\index\IndexAction.class.php 第 15 行.
SQL: tagsmedia.getCollection(pic) [ RunTime:0.000000s ]
NOTIC: [8] Undefined index: where E:\1.php\wamp\www\tp\ThinkPHP\Extend\Driver\Db\DbMongo.class.php 第 367 行.
NOTIC: [2] Invalid argument supplied for foreach() E:\1.php\wamp\www\tp\ThinkPHP\Extend\Driver\Db\DbMongo.class.php 第 648 行.
SQL: tagsmedia.pic.find({},["_id","author_id","image","pid","description"]).sort({"pid":-1}).limit(10) [ RunTime:0.001000s ]

[ 2014-09-11T12:39:14+08:00 ] 127.0.0.1 /tp/pic/1000000027
INFO: [ route_check ] --START--
INFO: CheckRoute Behavior ::run [ RunTime:0.001000s ]
INFO: [ route_check ] --END-- [ RunTime:0.002000s ]
INFO: [ app_begin ] --START--
INFO: ReadHtmlCache Behavior ::run [ RunTime:0.001000s ]
INFO: [ app_begin ] --END-- [ RunTime:0.001000s ]
NOTIC: [2048] Declaration of BaseAction::ajaxReturn() should be compatible with Action::ajaxReturn($data, $type = '') E:\1.php\wamp\www\tp\Lib\Action\BaseAction.class.php 第 33 行.
INFO: [ view_parse ] --START--
INFO: ParseTemplate Behavior ::run [ RunTime:0.017001s ]
INFO: [ view_parse ] --END-- [ RunTime:0.017001s ]
INFO: [ view_filter ] --START--
INFO: ContentReplace Behavior ::run [ RunTime:0.001000s ]
INFO: TokenBuild Behavior ::run [ RunTime:0.001000s ]
INFO: WriteHtmlCache Behavior ::run [ RunTime:0.001000s ]
INFO: ShowRuntime Behavior ::run [ RunTime:0.002000s ]
INFO: [ view_filter ] --END-- [ RunTime:0.005000s ]
INFO: [ view_end ] --START--
INFO: ShowPageTrace Behavior ::run [ RunTime:0.002000s ]
INFO: [ view_end ] --END-- [ RunTime:0.002000s ]

[ 2014-09-11T12:40:55+08:00 ] 127.0.0.1 /tp/
INFO: [ app_begin ] --START--
INFO: ReadHtmlCache Behavior ::run [ RunTime:0.001000s ]
INFO: [ app_begin ] --END-- [ RunTime:0.002000s ]
NOTIC: [2048] Declaration of BaseAction::ajaxReturn() should be compatible with Action::ajaxReturn($data, $type = '') E:\1.php\wamp\www\tp\Lib\Action\BaseAction.class.php 第 33 行.
INFO: [ view_parse ] --START--
INFO: ParseTemplate Behavior ::run [ RunTime:0.014001s ]
INFO: [ view_parse ] --END-- [ RunTime:0.015001s ]
INFO: [ view_filter ] --START--
INFO: ContentReplace Behavior ::run [ RunTime:0.001000s ]
INFO: TokenBuild Behavior ::run [ RunTime:0.001000s ]
INFO: WriteHtmlCache Behavior ::run [ RunTime:0.001000s ]
INFO: ShowRuntime Behavior ::run [ RunTime:0.002000s ]
INFO: [ view_filter ] --END-- [ RunTime:0.005000s ]
INFO: [ view_end ] --START--
INFO: ShowPageTrace Behavior ::run [ RunTime:0.001000s ]
INFO: [ view_end ] --END-- [ RunTime:0.002000s ]

[ 2014-09-11T12:40:57+08:00 ] 127.0.0.1 /tp/index/Index/getPictures
INFO: [ route_check ] --START--
INFO: CheckRoute Behavior ::run [ RunTime:0.001000s ]
INFO: [ route_check ] --END-- [ RunTime:0.002000s ]
INFO: [ app_begin ] --START--
INFO: ReadHtmlCache Behavior ::run [ RunTime:0.001000s ]
INFO: [ app_begin ] --END-- [ RunTime:0.001000s ]
NOTIC: [2048] Declaration of BaseAction::ajaxReturn() should be compatible with Action::ajaxReturn($data, $type = '') E:\1.php\wamp\www\tp\Lib\Action\BaseAction.class.php 第 33 行.
NOTIC: [8] Undefined index: lastPid E:\1.php\wamp\www\tp\Lib\Action\index\IndexAction.class.php 第 15 行.
SQL: tagsmedia.getCollection(pic) [ RunTime:0.000000s ]
NOTIC: [8] Undefined index: where E:\1.php\wamp\www\tp\ThinkPHP\Extend\Driver\Db\DbMongo.class.php 第 367 行.
NOTIC: [2] Invalid argument supplied for foreach() E:\1.php\wamp\www\tp\ThinkPHP\Extend\Driver\Db\DbMongo.class.php 第 648 行.
SQL: tagsmedia.pic.find({},["_id","author_id","image","pid","description"]).sort({"pid":-1}).limit(10) [ RunTime:0.000000s ]

[ 2014-09-11T12:41:00+08:00 ] 127.0.0.1 /tp/pic/1000000027
INFO: [ route_check ] --START--
INFO: CheckRoute Behavior ::run [ RunTime:0.002000s ]
INFO: [ route_check ] --END-- [ RunTime:0.002000s ]
INFO: [ app_begin ] --START--
INFO: ReadHtmlCache Behavior ::run [ RunTime:0.001000s ]
INFO: [ app_begin ] --END-- [ RunTime:0.002000s ]
NOTIC: [2048] Declaration of BaseAction::ajaxReturn() should be compatible with Action::ajaxReturn($data, $type = '') E:\1.php\wamp\www\tp\Lib\Action\BaseAction.class.php 第 33 行.
INFO: [ view_parse ] --START--
INFO: ParseTemplate Behavior ::run [ RunTime:0.014001s ]
INFO: [ view_parse ] --END-- [ RunTime:0.014001s ]
INFO: [ view_filter ] --START--
INFO: ContentReplace Behavior ::run [ RunTime:0.001000s ]
INFO: TokenBuild Behavior ::run [ RunTime:0.001000s ]
INFO: WriteHtmlCache Behavior ::run [ RunTime:0.000000s ]
INFO: ShowRuntime Behavior ::run [ RunTime:0.002000s ]
INFO: [ view_filter ] --END-- [ RunTime:0.005000s ]
INFO: [ view_end ] --START--
INFO: ShowPageTrace Behavior ::run [ RunTime:0.001001s ]
INFO: [ view_end ] --END-- [ RunTime:0.001001s ]

[ 2014-09-11T12:41:06+08:00 ] 127.0.0.1 /tp/index/Index/getPictures
INFO: [ route_check ] --START--
INFO: CheckRoute Behavior ::run [ RunTime:0.002000s ]
INFO: [ route_check ] --END-- [ RunTime:0.002000s ]
INFO: [ app_begin ] --START--
INFO: ReadHtmlCache Behavior ::run [ RunTime:0.001001s ]
INFO: [ app_begin ] --END-- [ RunTime:0.002001s ]
NOTIC: [2048] Declaration of BaseAction::ajaxReturn() should be compatible with Action::ajaxReturn($data, $type = '') E:\1.php\wamp\www\tp\Lib\Action\BaseAction.class.php 第 33 行.
SQL: tagsmedia.getCollection(pic) [ RunTime:0.000000s ]
NOTIC: [8] Undefined offset: 0 E:\1.php\wamp\www\tp\ThinkPHP\Extend\Driver\Db\DbMongo.class.php 第 715 行.
SQL: tagsmedia.pic.find({"pid":{"$lt":1000000022}},["_id","author_id","image","pid","description"]).sort({"pid":-1}).limit(10) [ RunTime:0.000000s ]

[ 2014-09-11T12:41:22+08:00 ] 127.0.0.1 /tp/
INFO: [ app_begin ] --START--
INFO: ReadHtmlCache Behavior ::run [ RunTime:0.002000s ]
INFO: [ app_begin ] --END-- [ RunTime:0.002000s ]
NOTIC: [2048] Declaration of BaseAction::ajaxReturn() should be compatible with Action::ajaxReturn($data, $type = '') E:\1.php\wamp\www\tp\Lib\Action\BaseAction.class.php 第 33 行.
INFO: [ view_parse ] --START--
INFO: ParseTemplate Behavior ::run [ RunTime:0.015001s ]
INFO: [ view_parse ] --END-- [ RunTime:0.015001s ]
INFO: [ view_filter ] --START--
INFO: ContentReplace Behavior ::run [ RunTime:0.001000s ]
INFO: TokenBuild Behavior ::run [ RunTime:0.001000s ]
INFO: WriteHtmlCache Behavior ::run [ RunTime:0.001000s ]
INFO: ShowRuntime Behavior ::run [ RunTime:0.001000s ]
INFO: [ view_filter ] --END-- [ RunTime:0.005000s ]
INFO: [ view_end ] --START--
INFO: ShowPageTrace Behavior ::run [ RunTime:0.001000s ]
INFO: [ view_end ] --END-- [ RunTime:0.001000s ]

[ 2014-09-11T12:41:24+08:00 ] 127.0.0.1 /tp/index/Index/getPictures
INFO: [ route_check ] --START--
INFO: CheckRoute Behavior ::run [ RunTime:0.002000s ]
INFO: [ route_check ] --END-- [ RunTime:0.003000s ]
INFO: [ app_begin ] --START--
INFO: ReadHtmlCache Behavior ::run [ RunTime:0.001000s ]
INFO: [ app_begin ] --END-- [ RunTime:0.002000s ]
NOTIC: [2048] Declaration of BaseAction::ajaxReturn() should be compatible with Action::ajaxReturn($data, $type = '') E:\1.php\wamp\www\tp\Lib\Action\BaseAction.class.php 第 33 行.
NOTIC: [8] Undefined index: lastPid E:\1.php\wamp\www\tp\Lib\Action\index\IndexAction.class.php 第 15 行.
SQL: tagsmedia.getCollection(pic) [ RunTime:0.001000s ]
NOTIC: [8] Undefined index: where E:\1.php\wamp\www\tp\ThinkPHP\Extend\Driver\Db\DbMongo.class.php 第 367 行.
NOTIC: [2] Invalid argument supplied for foreach() E:\1.php\wamp\www\tp\ThinkPHP\Extend\Driver\Db\DbMongo.class.php 第 648 行.
SQL: tagsmedia.pic.find({},["_id","author_id","image","pid","description"]).sort({"pid":-1}).limit(10) [ RunTime:0.001000s ]

[ 2014-09-11T12:41:27+08:00 ] 127.0.0.1 /tp/pic/1000000027
INFO: [ route_check ] --START--
INFO: CheckRoute Behavior ::run [ RunTime:0.001000s ]
INFO: [ route_check ] --END-- [ RunTime:0.003000s ]
INFO: [ app_begin ] --START--
INFO: ReadHtmlCache Behavior ::run [ RunTime:0.002000s ]
INFO: [ app_begin ] --END-- [ RunTime:0.002000s ]
NOTIC: [2048] Declaration of BaseAction::ajaxReturn() should be compatible with Action::ajaxReturn($data, $type = '') E:\1.php\wamp\www\tp\Lib\Action\BaseAction.class.php 第 33 行.
INFO: [ view_parse ] --START--
INFO: ParseTemplate Behavior ::run [ RunTime:0.014000s ]
INFO: [ view_parse ] --END-- [ RunTime:0.015001s ]
INFO: [ view_filter ] --START--
INFO: ContentReplace Behavior ::run [ RunTime:0.001000s ]
INFO: TokenBuild Behavior ::run [ RunTime:0.001000s ]
INFO: WriteHtmlCache Behavior ::run [ RunTime:0.001001s ]
INFO: ShowRuntime Behavior ::run [ RunTime:0.001000s ]
INFO: [ view_filter ] --END-- [ RunTime:0.005001s ]
INFO: [ view_end ] --START--
INFO: ShowPageTrace Behavior ::run [ RunTime:0.001000s ]
INFO: [ view_end ] --END-- [ RunTime:0.001000s ]

[ 2014-09-11T12:41:31+08:00 ] 127.0.0.1 /tp/index/Index/getPictures
INFO: [ route_check ] --START--
INFO: CheckRoute Behavior ::run [ RunTime:0.002000s ]
INFO: [ route_check ] --END-- [ RunTime:0.004000s ]
INFO: [ app_begin ] --START--
INFO: ReadHtmlCache Behavior ::run [ RunTime:0.002000s ]
INFO: [ app_begin ] --END-- [ RunTime:0.002000s ]
NOTIC: [2048] Declaration of BaseAction::ajaxReturn() should be compatible with Action::ajaxReturn($data, $type = '') E:\1.php\wamp\www\tp\Lib\Action\BaseAction.class.php 第 33 行.
SQL: tagsmedia.getCollection(pic) [ RunTime:0.001000s ]
NOTIC: [8] Undefined offset: 0 E:\1.php\wamp\www\tp\ThinkPHP\Extend\Driver\Db\DbMongo.class.php 第 715 行.
SQL: tagsmedia.pic.find({"pid":{"$lt":1000000022}},["_id","author_id","image","pid","description"]).sort({"pid":-1}).limit(10) [ RunTime:0.001000s ]

[ 2014-09-11T12:42:17+08:00 ] 127.0.0.1 /tp/
INFO: [ app_begin ] --START--
INFO: ReadHtmlCache Behavior ::run [ RunTime:0.000000s ]
INFO: [ app_begin ] --END-- [ RunTime:0.000000s ]
NOTIC: [2048] Declaration of BaseAction::ajaxReturn() should be compatible with Action::ajaxReturn($data, $type = '') E:\1.php\wamp\www\tp\Lib\Action\BaseAction.class.php 第 33 行.
INFO: [ view_parse ] --START--
INFO: ParseTemplate Behavior ::run [ RunTime:0.015601s ]
INFO: [ view_parse ] --END-- [ RunTime:0.015601s ]
INFO: [ view_filter ] --START--
INFO: ContentReplace Behavior ::run [ RunTime:0.000000s ]
INFO: TokenBuild Behavior ::run [ RunTime:0.000000s ]
INFO: WriteHtmlCache Behavior ::run [ RunTime:0.000000s ]
INFO: ShowRuntime Behavior ::run [ RunTime:0.000000s ]
INFO: [ view_filter ] --END-- [ RunTime:0.000000s ]
INFO: [ view_end ] --START--
INFO: ShowPageTrace Behavior ::run [ RunTime:0.000000s ]
INFO: [ view_end ] --END-- [ RunTime:0.000000s ]

[ 2014-09-11T12:42:19+08:00 ] 127.0.0.1 /tp/index/Index/getPictures
INFO: [ route_check ] --START--
INFO: CheckRoute Behavior ::run [ RunTime:0.000000s ]
INFO: [ route_check ] --END-- [ RunTime:0.000000s ]
INFO: [ app_begin ] --START--
INFO: ReadHtmlCache Behavior ::run [ RunTime:0.000000s ]
INFO: [ app_begin ] --END-- [ RunTime:0.000000s ]
NOTIC: [2048] Declaration of BaseAction::ajaxReturn() should be compatible with Action::ajaxReturn($data, $type = '') E:\1.php\wamp\www\tp\Lib\Action\BaseAction.class.php 第 33 行.
NOTIC: [8] Undefined index: lastPid E:\1.php\wamp\www\tp\Lib\Action\index\IndexAction.class.php 第 15 行.
SQL: tagsmedia.getCollection(pic) [ RunTime:0.000000s ]
NOTIC: [8] Undefined index: where E:\1.php\wamp\www\tp\ThinkPHP\Extend\Driver\Db\DbMongo.class.php 第 367 行.
NOTIC: [2] Invalid argument supplied for foreach() E:\1.php\wamp\www\tp\ThinkPHP\Extend\Driver\Db\DbMongo.class.php 第 648 行.
SQL: tagsmedia.pic.find({},["_id","author_id","image","pid","description"]).sort({"pid":-1}).limit(10) [ RunTime:0.000000s ]

[ 2014-09-11T12:42:24+08:00 ] 127.0.0.1 /tp/pic/1000000027
INFO: [ route_check ] --START--
INFO: CheckRoute Behavior ::run [ RunTime:0.015600s ]
INFO: [ route_check ] --END-- [ RunTime:0.015600s ]
INFO: [ app_begin ] --START--
INFO: ReadHtmlCache Behavior ::run [ RunTime:0.000000s ]
INFO: [ app_begin ] --END-- [ RunTime:0.000000s ]
NOTIC: [2048] Declaration of BaseAction::ajaxReturn() should be compatible with Action::ajaxReturn($data, $type = '') E:\1.php\wamp\www\tp\Lib\Action\BaseAction.class.php 第 33 行.
INFO: [ view_parse ] --START--
INFO: ParseTemplate Behavior ::run [ RunTime:0.031200s ]
INFO: [ view_parse ] --END-- [ RunTime:0.031200s ]
INFO: [ view_filter ] --START--
INFO: ContentReplace Behavior ::run [ RunTime:0.000000s ]
INFO: TokenBuild Behavior ::run [ RunTime:0.000000s ]
INFO: WriteHtmlCache Behavior ::run [ RunTime:0.000000s ]
INFO: ShowRuntime Behavior ::run [ RunTime:0.000000s ]
INFO: [ view_filter ] --END-- [ RunTime:0.000000s ]
INFO: [ view_end ] --START--
INFO: ShowPageTrace Behavior ::run [ RunTime:0.000000s ]
INFO: [ view_end ] --END-- [ RunTime:0.000000s ]

[ 2014-09-11T12:42:36+08:00 ] 127.0.0.1 /tp/
INFO: [ app_begin ] --START--
INFO: ReadHtmlCache Behavior ::run [ RunTime:0.000000s ]
INFO: [ app_begin ] --END-- [ RunTime:0.000000s ]
NOTIC: [2048] Declaration of BaseAction::ajaxReturn() should be compatible with Action::ajaxReturn($data, $type = '') E:\1.php\wamp\www\tp\Lib\Action\BaseAction.class.php 第 33 行.
INFO: [ view_parse ] --START--
INFO: ParseTemplate Behavior ::run [ RunTime:0.000000s ]
INFO: [ view_parse ] --END-- [ RunTime:0.000000s ]
INFO: [ view_filter ] --START--
INFO: ContentReplace Behavior ::run [ RunTime:0.000000s ]
INFO: TokenBuild Behavior ::run [ RunTime:0.015600s ]
INFO: WriteHtmlCache Behavior ::run [ RunTime:0.000000s ]
INFO: ShowRuntime Behavior ::run [ RunTime:0.000000s ]
INFO: [ view_filter ] --END-- [ RunTime:0.015600s ]
INFO: [ view_end ] --START--
INFO: ShowPageTrace Behavior ::run [ RunTime:0.000000s ]
INFO: [ view_end ] --END-- [ RunTime:0.000000s ]

[ 2014-09-11T12:42:38+08:00 ] 127.0.0.1 /tp/index/Index/getPictures
INFO: [ route_check ] --START--
INFO: CheckRoute Behavior ::run [ RunTime:0.015600s ]
INFO: [ route_check ] --END-- [ RunTime:0.015600s ]
INFO: [ app_begin ] --START--
INFO: ReadHtmlCache Behavior ::run [ RunTime:0.000000s ]
INFO: [ app_begin ] --END-- [ RunTime:0.000000s ]
NOTIC: [2048] Declaration of BaseAction::ajaxReturn() should be compatible with Action::ajaxReturn($data, $type = '') E:\1.php\wamp\www\tp\Lib\Action\BaseAction.class.php 第 33 行.
NOTIC: [8] Undefined index: lastPid E:\1.php\wamp\www\tp\Lib\Action\index\IndexAction.class.php 第 15 行.
SQL: tagsmedia.getCollection(pic) [ RunTime:0.000000s ]
NOTIC: [8] Undefined index: where E:\1.php\wamp\www\tp\ThinkPHP\Extend\Driver\Db\DbMongo.class.php 第 367 行.
NOTIC: [2] Invalid argument supplied for foreach() E:\1.php\wamp\www\tp\ThinkPHP\Extend\Driver\Db\DbMongo.class.php 第 648 行.
SQL: tagsmedia.pic.find({},["_id","author_id","image","pid","description"]).sort({"pid":-1}).limit(10) [ RunTime:0.000000s ]

[ 2014-09-11T12:42:41+08:00 ] 127.0.0.1 /tp/pic/1000000027
INFO: [ route_check ] --START--
INFO: CheckRoute Behavior ::run [ RunTime:0.015600s ]
INFO: [ route_check ] --END-- [ RunTime:0.015600s ]
INFO: [ app_begin ] --START--
INFO: ReadHtmlCache Behavior ::run [ RunTime:0.000000s ]
INFO: [ app_begin ] --END-- [ RunTime:0.000000s ]
NOTIC: [2048] Declaration of BaseAction::ajaxReturn() should be compatible with Action::ajaxReturn($data, $type = '') E:\1.php\wamp\www\tp\Lib\Action\BaseAction.class.php 第 33 行.
INFO: [ view_parse ] --START--
INFO: ParseTemplate Behavior ::run [ RunTime:0.015600s ]
INFO: [ view_parse ] --END-- [ RunTime:0.015600s ]
INFO: [ view_filter ] --START--
INFO: ContentReplace Behavior ::run [ RunTime:0.000000s ]
INFO: TokenBuild Behavior ::run [ RunTime:0.000000s ]
INFO: WriteHtmlCache Behavior ::run [ RunTime:0.000000s ]
INFO: ShowRuntime Behavior ::run [ RunTime:0.000000s ]
INFO: [ view_filter ] --END-- [ RunTime:0.000000s ]
INFO: [ view_end ] --START--
INFO: ShowPageTrace Behavior ::run [ RunTime:0.000000s ]
INFO: [ view_end ] --END-- [ RunTime:0.000000s ]

[ 2014-09-11T12:42:45+08:00 ] 127.0.0.1 /tp/index/Index/getPictures
INFO: [ route_check ] --START--
INFO: CheckRoute Behavior ::run [ RunTime:0.000000s ]
INFO: [ route_check ] --END-- [ RunTime:0.000000s ]
INFO: [ app_begin ] --START--
INFO: ReadHtmlCache Behavior ::run [ RunTime:0.000000s ]
INFO: [ app_begin ] --END-- [ RunTime:0.000000s ]
NOTIC: [2048] Declaration of BaseAction::ajaxReturn() should be compatible with Action::ajaxReturn($data, $type = '') E:\1.php\wamp\www\tp\Lib\Action\BaseAction.class.php 第 33 行.
SQL: tagsmedia.getCollection(pic) [ RunTime:0.000000s ]
NOTIC: [8] Undefined offset: 0 E:\1.php\wamp\www\tp\ThinkPHP\Extend\Driver\Db\DbMongo.class.php 第 715 行.
SQL: tagsmedia.pic.find({"pid":{"$lt":1000000022}},["_id","author_id","image","pid","description"]).sort({"pid":-1}).limit(10) [ RunTime:0.000000s ]

[ 2014-09-11T12:43:10+08:00 ] 127.0.0.1 /tp/
INFO: [ app_begin ] --START--
INFO: ReadHtmlCache Behavior ::run [ RunTime:0.000000s ]
INFO: [ app_begin ] --END-- [ RunTime:0.015600s ]
NOTIC: [2048] Declaration of BaseAction::ajaxReturn() should be compatible with Action::ajaxReturn($data, $type = '') E:\1.php\wamp\www\tp\Lib\Action\BaseAction.class.php 第 33 行.
INFO: [ view_parse ] --START--
INFO: ParseTemplate Behavior ::run [ RunTime:0.015600s ]
INFO: [ view_parse ] --END-- [ RunTime:0.015600s ]
INFO: [ view_filter ] --START--
INFO: ContentReplace Behavior ::run [ RunTime:0.000000s ]
INFO: TokenBuild Behavior ::run [ RunTime:0.015600s ]
INFO: WriteHtmlCache Behavior ::run [ RunTime:0.000000s ]
INFO: ShowRuntime Behavior ::run [ RunTime:0.000000s ]
INFO: [ view_filter ] --END-- [ RunTime:0.015600s ]
INFO: [ view_end ] --START--
INFO: ShowPageTrace Behavior ::run [ RunTime:0.000000s ]
INFO: [ view_end ] --END-- [ RunTime:0.000000s ]

[ 2014-09-11T12:43:12+08:00 ] 127.0.0.1 /tp/index/Index/getPictures
INFO: [ route_check ] --START--
INFO: CheckRoute Behavior ::run [ RunTime:0.000000s ]
INFO: [ route_check ] --END-- [ RunTime:0.000000s ]
INFO: [ app_begin ] --START--
INFO: ReadHtmlCache Behavior ::run [ RunTime:0.000000s ]
INFO: [ app_begin ] --END-- [ RunTime:0.000000s ]
NOTIC: [2048] Declaration of BaseAction::ajaxReturn() should be compatible with Action::ajaxReturn($data, $type = '') E:\1.php\wamp\www\tp\Lib\Action\BaseAction.class.php 第 33 行.
NOTIC: [8] Undefined index: lastPid E:\1.php\wamp\www\tp\Lib\Action\index\IndexAction.class.php 第 15 行.
SQL: tagsmedia.getCollection(pic) [ RunTime:0.000000s ]
NOTIC: [8] Undefined index: where E:\1.php\wamp\www\tp\ThinkPHP\Extend\Driver\Db\DbMongo.class.php 第 367 行.
NOTIC: [2] Invalid argument supplied for foreach() E:\1.php\wamp\www\tp\ThinkPHP\Extend\Driver\Db\DbMongo.class.php 第 648 行.
SQL: tagsmedia.pic.find({},["_id","author_id","image","pid","description"]).sort({"pid":-1}).limit(10) [ RunTime:0.000000s ]

[ 2014-09-11T12:44:32+08:00 ] 127.0.0.1 /tp/
INFO: [ app_begin ] --START--
INFO: ReadHtmlCache Behavior ::run [ RunTime:0.000000s ]
INFO: [ app_begin ] --END-- [ RunTime:0.000000s ]
NOTIC: [2048] Declaration of BaseAction::ajaxReturn() should be compatible with Action::ajaxReturn($data, $type = '') E:\1.php\wamp\www\tp\Lib\Action\BaseAction.class.php 第 33 行.
INFO: [ view_parse ] --START--
INFO: ParseTemplate Behavior ::run [ RunTime:0.031200s ]
INFO: [ view_parse ] --END-- [ RunTime:0.031200s ]
INFO: [ view_filter ] --START--
INFO: ContentReplace Behavior ::run [ RunTime:0.000000s ]
INFO: TokenBuild Behavior ::run [ RunTime:0.000000s ]
INFO: WriteHtmlCache Behavior ::run [ RunTime:0.000000s ]
INFO: ShowRuntime Behavior ::run [ RunTime:0.000000s ]
INFO: [ view_filter ] --END-- [ RunTime:0.000000s ]
INFO: [ view_end ] --START--
INFO: ShowPageTrace Behavior ::run [ RunTime:0.000000s ]
INFO: [ view_end ] --END-- [ RunTime:0.000000s ]

[ 2014-09-11T12:44:34+08:00 ] 127.0.0.1 /tp/index/Index/getPictures
INFO: [ route_check ] --START--
INFO: CheckRoute Behavior ::run [ RunTime:0.015600s ]
INFO: [ route_check ] --END-- [ RunTime:0.015600s ]
INFO: [ app_begin ] --START--
INFO: ReadHtmlCache Behavior ::run [ RunTime:0.000000s ]
INFO: [ app_begin ] --END-- [ RunTime:0.000000s ]
NOTIC: [2048] Declaration of BaseAction::ajaxReturn() should be compatible with Action::ajaxReturn($data, $type = '') E:\1.php\wamp\www\tp\Lib\Action\BaseAction.class.php 第 33 行.
NOTIC: [8] Undefined index: lastPid E:\1.php\wamp\www\tp\Lib\Action\index\IndexAction.class.php 第 15 行.
SQL: tagsmedia.getCollection(pic) [ RunTime:0.000000s ]
NOTIC: [8] Undefined index: where E:\1.php\wamp\www\tp\ThinkPHP\Extend\Driver\Db\DbMongo.class.php 第 367 行.
NOTIC: [2] Invalid argument supplied for foreach() E:\1.php\wamp\www\tp\ThinkPHP\Extend\Driver\Db\DbMongo.class.php 第 648 行.
SQL: tagsmedia.pic.find({},["_id","author_id","image","pid","description"]).sort({"pid":-1}).limit(10) [ RunTime:0.000000s ]

[ 2014-09-11T12:44:39+08:00 ] 127.0.0.1 /tp/pic/1000000027
INFO: [ route_check ] --START--
INFO: CheckRoute Behavior ::run [ RunTime:0.000000s ]
INFO: [ route_check ] --END-- [ RunTime:0.015600s ]
INFO: [ app_begin ] --START--
INFO: ReadHtmlCache Behavior ::run [ RunTime:0.000000s ]
INFO: [ app_begin ] --END-- [ RunTime:0.000000s ]
NOTIC: [2048] Declaration of BaseAction::ajaxReturn() should be compatible with Action::ajaxReturn($data, $type = '') E:\1.php\wamp\www\tp\Lib\Action\BaseAction.class.php 第 33 行.
INFO: [ view_parse ] --START--
INFO: ParseTemplate Behavior ::run [ RunTime:0.015601s ]
INFO: [ view_parse ] --END-- [ RunTime:0.015601s ]
INFO: [ view_filter ] --START--
INFO: ContentReplace Behavior ::run [ RunTime:0.000000s ]
INFO: TokenBuild Behavior ::run [ RunTime:0.000000s ]
INFO: WriteHtmlCache Behavior ::run [ RunTime:0.000000s ]
INFO: ShowRuntime Behavior ::run [ RunTime:0.015600s ]
INFO: [ view_filter ] --END-- [ RunTime:0.015600s ]
INFO: [ view_end ] --START--
INFO: ShowPageTrace Behavior ::run [ RunTime:0.000000s ]
INFO: [ view_end ] --END-- [ RunTime:0.000000s ]

[ 2014-09-11T12:44:43+08:00 ] 127.0.0.1 /tp/index/Index/getPictures
INFO: [ route_check ] --START--
INFO: CheckRoute Behavior ::run [ RunTime:0.000000s ]
INFO: [ route_check ] --END-- [ RunTime:0.000000s ]
INFO: [ app_begin ] --START--
INFO: ReadHtmlCache Behavior ::run [ RunTime:0.000000s ]
INFO: [ app_begin ] --END-- [ RunTime:0.000000s ]
NOTIC: [2048] Declaration of BaseAction::ajaxReturn() should be compatible with Action::ajaxReturn($data, $type = '') E:\1.php\wamp\www\tp\Lib\Action\BaseAction.class.php 第 33 行.
SQL: tagsmedia.getCollection(pic) [ RunTime:0.000000s ]
NOTIC: [8] Undefined offset: 0 E:\1.php\wamp\www\tp\ThinkPHP\Extend\Driver\Db\DbMongo.class.php 第 715 行.
SQL: tagsmedia.pic.find({"pid":{"$lt":1000000022}},["_id","author_id","image","pid","description"]).sort({"pid":-1}).limit(10) [ RunTime:0.000000s ]

[ 2014-09-11T12:44:51+08:00 ] 127.0.0.1 /tp/
INFO: [ app_begin ] --START--
INFO: ReadHtmlCache Behavior ::run [ RunTime:0.000000s ]
INFO: [ app_begin ] --END-- [ RunTime:0.000000s ]
NOTIC: [2048] Declaration of BaseAction::ajaxReturn() should be compatible with Action::ajaxReturn($data, $type = '') E:\1.php\wamp\www\tp\Lib\Action\BaseAction.class.php 第 33 行.
INFO: [ view_parse ] --START--
INFO: ParseTemplate Behavior ::run [ RunTime:0.031200s ]
INFO: [ view_parse ] --END-- [ RunTime:0.031200s ]
INFO: [ view_filter ] --START--
INFO: ContentReplace Behavior ::run [ RunTime:0.000000s ]
INFO: TokenBuild Behavior ::run [ RunTime:0.000000s ]
INFO: WriteHtmlCache Behavior ::run [ RunTime:0.000000s ]
INFO: ShowRuntime Behavior ::run [ RunTime:0.000000s ]
INFO: [ view_filter ] --END-- [ RunTime:0.000000s ]
INFO: [ view_end ] --START--
INFO: ShowPageTrace Behavior ::run [ RunTime:0.000000s ]
INFO: [ view_end ] --END-- [ RunTime:0.015600s ]

[ 2014-09-11T12:44:53+08:00 ] 127.0.0.1 /tp/index/Index/getPictures
INFO: [ route_check ] --START--
INFO: CheckRoute Behavior ::run [ RunTime:0.015600s ]
INFO: [ route_check ] --END-- [ RunTime:0.015600s ]
INFO: [ app_begin ] --START--
INFO: ReadHtmlCache Behavior ::run [ RunTime:0.000000s ]
INFO: [ app_begin ] --END-- [ RunTime:0.000000s ]
NOTIC: [2048] Declaration of BaseAction::ajaxReturn() should be compatible with Action::ajaxReturn($data, $type = '') E:\1.php\wamp\www\tp\Lib\Action\BaseAction.class.php 第 33 行.
NOTIC: [8] Undefined index: lastPid E:\1.php\wamp\www\tp\Lib\Action\index\IndexAction.class.php 第 15 行.
SQL: tagsmedia.getCollection(pic) [ RunTime:0.000000s ]
NOTIC: [8] Undefined index: where E:\1.php\wamp\www\tp\ThinkPHP\Extend\Driver\Db\DbMongo.class.php 第 367 行.
NOTIC: [2] Invalid argument supplied for foreach() E:\1.php\wamp\www\tp\ThinkPHP\Extend\Driver\Db\DbMongo.class.php 第 648 行.
SQL: tagsmedia.pic.find({},["_id","author_id","image","pid","description"]).sort({"pid":-1}).limit(10) [ RunTime:0.000000s ]

[ 2014-09-11T12:44:57+08:00 ] 127.0.0.1 /tp/pic/1000000027
INFO: [ route_check ] --START--
INFO: CheckRoute Behavior ::run [ RunTime:0.000000s ]
INFO: [ route_check ] --END-- [ RunTime:0.000000s ]
INFO: [ app_begin ] --START--
INFO: ReadHtmlCache Behavior ::run [ RunTime:0.000000s ]
INFO: [ app_begin ] --END-- [ RunTime:0.000000s ]
NOTIC: [2048] Declaration of BaseAction::ajaxReturn() should be compatible with Action::ajaxReturn($data, $type = '') E:\1.php\wamp\www\tp\Lib\Action\BaseAction.class.php 第 33 行.
INFO: [ view_parse ] --START--
INFO: ParseTemplate Behavior ::run [ RunTime:0.015600s ]
INFO: [ view_parse ] --END-- [ RunTime:0.015600s ]
INFO: [ view_filter ] --START--
INFO: ContentReplace Behavior ::run [ RunTime:0.000000s ]
INFO: TokenBuild Behavior ::run [ RunTime:0.000000s ]
INFO: WriteHtmlCache Behavior ::run [ RunTime:0.000000s ]
INFO: ShowRuntime Behavior ::run [ RunTime:0.000000s ]
INFO: [ view_filter ] --END-- [ RunTime:0.000000s ]
INFO: [ view_end ] --START--
INFO: ShowPageTrace Behavior ::run [ RunTime:0.015600s ]
INFO: [ view_end ] --END-- [ RunTime:0.015600s ]

[ 2014-09-11T12:45:33+08:00 ] 127.0.0.1 /tp/
INFO: [ app_begin ] --START--
INFO: ReadHtmlCache Behavior ::run [ RunTime:0.000000s ]
INFO: [ app_begin ] --END-- [ RunTime:0.000000s ]
NOTIC: [2048] Declaration of BaseAction::ajaxReturn() should be compatible with Action::ajaxReturn($data, $type = '') E:\1.php\wamp\www\tp\Lib\Action\BaseAction.class.php 第 33 行.
INFO: [ view_parse ] --START--
INFO: ParseTemplate Behavior ::run [ RunTime:0.015600s ]
INFO: [ view_parse ] --END-- [ RunTime:0.015600s ]
INFO: [ view_filter ] --START--
INFO: ContentReplace Behavior ::run [ RunTime:0.000000s ]
INFO: TokenBuild Behavior ::run [ RunTime:0.000000s ]
INFO: WriteHtmlCache Behavior ::run [ RunTime:0.000000s ]
INFO: ShowRuntime Behavior ::run [ RunTime:0.000000s ]
INFO: [ view_filter ] --END-- [ RunTime:0.000000s ]
INFO: [ view_end ] --START--
INFO: ShowPageTrace Behavior ::run [ RunTime:0.000000s ]
INFO: [ view_end ] --END-- [ RunTime:0.000000s ]

[ 2014-09-11T12:45:36+08:00 ] 127.0.0.1 /tp/index/Index/getPictures
INFO: [ route_check ] --START--
INFO: CheckRoute Behavior ::run [ RunTime:0.015600s ]
INFO: [ route_check ] --END-- [ RunTime:0.015600s ]
INFO: [ app_begin ] --START--
INFO: ReadHtmlCache Behavior ::run [ RunTime:0.000000s ]
INFO: [ app_begin ] --END-- [ RunTime:0.000000s ]
NOTIC: [2048] Declaration of BaseAction::ajaxReturn() should be compatible with Action::ajaxReturn($data, $type = '') E:\1.php\wamp\www\tp\Lib\Action\BaseAction.class.php 第 33 行.
NOTIC: [8] Undefined index: lastPid E:\1.php\wamp\www\tp\Lib\Action\index\IndexAction.class.php 第 15 行.
SQL: tagsmedia.getCollection(pic) [ RunTime:0.000000s ]
NOTIC: [8] Undefined index: where E:\1.php\wamp\www\tp\ThinkPHP\Extend\Driver\Db\DbMongo.class.php 第 367 行.
NOTIC: [2] Invalid argument supplied for foreach() E:\1.php\wamp\www\tp\ThinkPHP\Extend\Driver\Db\DbMongo.class.php 第 648 行.
SQL: tagsmedia.pic.find({},["_id","author_id","image","pid","description"]).sort({"pid":-1}).limit(10) [ RunTime:0.000000s ]

[ 2014-09-11T12:45:41+08:00 ] 127.0.0.1 /tp/pic/1000000027
INFO: [ route_check ] --START--
INFO: CheckRoute Behavior ::run [ RunTime:0.000000s ]
INFO: [ route_check ] --END-- [ RunTime:0.000000s ]
INFO: [ app_begin ] --START--
INFO: ReadHtmlCache Behavior ::run [ RunTime:0.000000s ]
INFO: [ app_begin ] --END-- [ RunTime:0.000000s ]
NOTIC: [2048] Declaration of BaseAction::ajaxReturn() should be compatible with Action::ajaxReturn($data, $type = '') E:\1.php\wamp\www\tp\Lib\Action\BaseAction.class.php 第 33 行.
INFO: [ view_parse ] --START--
INFO: ParseTemplate Behavior ::run [ RunTime:0.015600s ]
INFO: [ view_parse ] --END-- [ RunTime:0.015600s ]
INFO: [ view_filter ] --START--
INFO: ContentReplace Behavior ::run [ RunTime:0.000000s ]
INFO: TokenBuild Behavior ::run [ RunTime:0.000000s ]
INFO: WriteHtmlCache Behavior ::run [ RunTime:0.000000s ]
INFO: ShowRuntime Behavior ::run [ RunTime:0.000000s ]
INFO: [ view_filter ] --END-- [ RunTime:0.000000s ]
INFO: [ view_end ] --START--
INFO: ShowPageTrace Behavior ::run [ RunTime:0.015600s ]
INFO: [ view_end ] --END-- [ RunTime:0.015600s ]

[ 2014-09-11T12:46:58+08:00 ] 127.0.0.1 /tp/
INFO: [ app_begin ] --START--
INFO: ReadHtmlCache Behavior ::run [ RunTime:0.002000s ]
INFO: [ app_begin ] --END-- [ RunTime:0.003000s ]
NOTIC: [2048] Declaration of BaseAction::ajaxReturn() should be compatible with Action::ajaxReturn($data, $type = '') E:\1.php\wamp\www\tp\Lib\Action\BaseAction.class.php 第 33 行.
INFO: [ view_parse ] --START--
INFO: ParseTemplate Behavior ::run [ RunTime:0.017001s ]
INFO: [ view_parse ] --END-- [ RunTime:0.018001s ]
INFO: [ view_filter ] --START--
INFO: ContentReplace Behavior ::run [ RunTime:0.001000s ]
INFO: TokenBuild Behavior ::run [ RunTime:0.002000s ]
INFO: WriteHtmlCache Behavior ::run [ RunTime:0.001000s ]
INFO: ShowRuntime Behavior ::run [ RunTime:0.002000s ]
INFO: [ view_filter ] --END-- [ RunTime:0.006000s ]
INFO: [ view_end ] --START--
INFO: ShowPageTrace Behavior ::run [ RunTime:0.001000s ]
INFO: [ view_end ] --END-- [ RunTime:0.002000s ]

[ 2014-09-11T12:47:01+08:00 ] 127.0.0.1 /tp/index/Index/getPictures
INFO: [ route_check ] --START--
INFO: CheckRoute Behavior ::run [ RunTime:0.001000s ]
INFO: [ route_check ] --END-- [ RunTime:0.002000s ]
INFO: [ app_begin ] --START--
INFO: ReadHtmlCache Behavior ::run [ RunTime:0.001000s ]
INFO: [ app_begin ] --END-- [ RunTime:0.001000s ]
NOTIC: [2048] Declaration of BaseAction::ajaxReturn() should be compatible with Action::ajaxReturn($data, $type = '') E:\1.php\wamp\www\tp\Lib\Action\BaseAction.class.php 第 33 行.
NOTIC: [8] Undefined index: lastPid E:\1.php\wamp\www\tp\Lib\Action\index\IndexAction.class.php 第 15 行.
SQL: tagsmedia.getCollection(pic) [ RunTime:0.000000s ]
NOTIC: [8] Undefined index: where E:\1.php\wamp\www\tp\ThinkPHP\Extend\Driver\Db\DbMongo.class.php 第 367 行.
NOTIC: [2] Invalid argument supplied for foreach() E:\1.php\wamp\www\tp\ThinkPHP\Extend\Driver\Db\DbMongo.class.php 第 648 行.
SQL: tagsmedia.pic.find({},["_id","author_id","image","pid","description"]).sort({"pid":-1}).limit(10) [ RunTime:0.000000s ]

[ 2014-09-11T12:47:08+08:00 ] 127.0.0.1 /tp/
INFO: [ app_begin ] --START--
INFO: ReadHtmlCache Behavior ::run [ RunTime:0.001000s ]
INFO: [ app_begin ] --END-- [ RunTime:0.002000s ]
NOTIC: [2048] Declaration of BaseAction::ajaxReturn() should be compatible with Action::ajaxReturn($data, $type = '') E:\1.php\wamp\www\tp\Lib\Action\BaseAction.class.php 第 33 行.
INFO: [ view_parse ] --START--
INFO: ParseTemplate Behavior ::run [ RunTime:0.016001s ]
INFO: [ view_parse ] --END-- [ RunTime:0.017001s ]
INFO: [ view_filter ] --START--
INFO: ContentReplace Behavior ::run [ RunTime:0.002000s ]
INFO: TokenBuild Behavior ::run [ RunTime:0.001000s ]
INFO: WriteHtmlCache Behavior ::run [ RunTime:0.001001s ]
INFO: ShowRuntime Behavior ::run [ RunTime:0.001000s ]
INFO: [ view_filter ] --END-- [ RunTime:0.005001s ]
INFO: [ view_end ] --START--
INFO: ShowPageTrace Behavior ::run [ RunTime:0.001000s ]
INFO: [ view_end ] --END-- [ RunTime:0.001000s ]

[ 2014-09-11T12:47:10+08:00 ] 127.0.0.1 /tp/index/Index/getPictures
INFO: [ route_check ] --START--
INFO: CheckRoute Behavior ::run [ RunTime:0.003000s ]
INFO: [ route_check ] --END-- [ RunTime:0.005000s ]
INFO: [ app_begin ] --START--
INFO: ReadHtmlCache Behavior ::run [ RunTime:0.003000s ]
INFO: [ app_begin ] --END-- [ RunTime:0.004000s ]
NOTIC: [2048] Declaration of BaseAction::ajaxReturn() should be compatible with Action::ajaxReturn($data, $type = '') E:\1.php\wamp\www\tp\Lib\Action\BaseAction.class.php 第 33 行.
NOTIC: [8] Undefined index: lastPid E:\1.php\wamp\www\tp\Lib\Action\index\IndexAction.class.php 第 15 行.
SQL: tagsmedia.getCollection(pic) [ RunTime:0.000000s ]
NOTIC: [8] Undefined index: where E:\1.php\wamp\www\tp\ThinkPHP\Extend\Driver\Db\DbMongo.class.php 第 367 行.
NOTIC: [2] Invalid argument supplied for foreach() E:\1.php\wamp\www\tp\ThinkPHP\Extend\Driver\Db\DbMongo.class.php 第 648 行.
SQL: tagsmedia.pic.find({},["_id","author_id","image","pid","description"]).sort({"pid":-1}).limit(10) [ RunTime:0.000000s ]

[ 2014-09-11T12:47:14+08:00 ] 127.0.0.1 /tp/pic/1000000027
INFO: [ route_check ] --START--
INFO: CheckRoute Behavior ::run [ RunTime:0.004001s ]
INFO: [ route_check ] --END-- [ RunTime:0.004001s ]
INFO: [ app_begin ] --START--
INFO: ReadHtmlCache Behavior ::run [ RunTime:0.001000s ]
INFO: [ app_begin ] --END-- [ RunTime:0.002000s ]
NOTIC: [2048] Declaration of BaseAction::ajaxReturn() should be compatible with Action::ajaxReturn($data, $type = '') E:\1.php\wamp\www\tp\Lib\Action\BaseAction.class.php 第 33 行.
INFO: [ view_parse ] --START--
INFO: ParseTemplate Behavior ::run [ RunTime:0.014001s ]
INFO: [ view_parse ] --END-- [ RunTime:0.014001s ]
INFO: [ view_filter ] --START--
INFO: ContentReplace Behavior ::run [ RunTime:0.001000s ]
INFO: TokenBuild Behavior ::run [ RunTime:0.002000s ]
INFO: WriteHtmlCache Behavior ::run [ RunTime:0.000000s ]
INFO: ShowRuntime Behavior ::run [ RunTime:0.001000s ]
INFO: [ view_filter ] --END-- [ RunTime:0.005000s ]
INFO: [ view_end ] --START--
INFO: ShowPageTrace Behavior ::run [ RunTime:0.001000s ]
INFO: [ view_end ] --END-- [ RunTime:0.002000s ]

[ 2014-09-11T12:47:32+08:00 ] 127.0.0.1 /tp/
INFO: [ app_begin ] --START--
INFO: ReadHtmlCache Behavior ::run [ RunTime:0.002000s ]
INFO: [ app_begin ] --END-- [ RunTime:0.002000s ]
NOTIC: [2048] Declaration of BaseAction::ajaxReturn() should be compatible with Action::ajaxReturn($data, $type = '') E:\1.php\wamp\www\tp\Lib\Action\BaseAction.class.php 第 33 行.
INFO: [ view_parse ] --START--
INFO: ParseTemplate Behavior ::run [ RunTime:0.015001s ]
INFO: [ view_parse ] --END-- [ RunTime:0.016001s ]
INFO: [ view_filter ] --START--
INFO: ContentReplace Behavior ::run [ RunTime:0.001000s ]
INFO: TokenBuild Behavior ::run [ RunTime:0.001000s ]
INFO: WriteHtmlCache Behavior ::run [ RunTime:0.000000s ]
INFO: ShowRuntime Behavior ::run [ RunTime:0.002000s ]
INFO: [ view_filter ] --END-- [ RunTime:0.005000s ]
INFO: [ view_end ] --START--
INFO: ShowPageTrace Behavior ::run [ RunTime:0.002000s ]
INFO: [ view_end ] --END-- [ RunTime:0.002000s ]

[ 2014-09-11T12:47:35+08:00 ] 127.0.0.1 /tp/index/Index/getPictures
INFO: [ route_check ] --START--
INFO: CheckRoute Behavior ::run [ RunTime:0.002000s ]
INFO: [ route_check ] --END-- [ RunTime:0.002000s ]
INFO: [ app_begin ] --START--
INFO: ReadHtmlCache Behavior ::run [ RunTime:0.001000s ]
INFO: [ app_begin ] --END-- [ RunTime:0.001000s ]
NOTIC: [2048] Declaration of BaseAction::ajaxReturn() should be compatible with Action::ajaxReturn($data, $type = '') E:\1.php\wamp\www\tp\Lib\Action\BaseAction.class.php 第 33 行.
NOTIC: [8] Undefined index: lastPid E:\1.php\wamp\www\tp\Lib\Action\index\IndexAction.class.php 第 15 行.
SQL: tagsmedia.getCollection(pic) [ RunTime:0.001000s ]
NOTIC: [8] Undefined index: where E:\1.php\wamp\www\tp\ThinkPHP\Extend\Driver\Db\DbMongo.class.php 第 367 行.
NOTIC: [2] Invalid argument supplied for foreach() E:\1.php\wamp\www\tp\ThinkPHP\Extend\Driver\Db\DbMongo.class.php 第 648 行.
SQL: tagsmedia.pic.find({},["_id","author_id","image","pid","description"]).sort({"pid":-1}).limit(10) [ RunTime:0.001000s ]

[ 2014-09-11T12:47:41+08:00 ] 127.0.0.1 /tp/pic/1000000027
INFO: [ route_check ] --START--
INFO: CheckRoute Behavior ::run [ RunTime:0.003000s ]
INFO: [ route_check ] --END-- [ RunTime:0.004000s ]
INFO: [ app_begin ] --START--
INFO: ReadHtmlCache Behavior ::run [ RunTime:0.002001s ]
INFO: [ app_begin ] --END-- [ RunTime:0.003001s ]
NOTIC: [2048] Declaration of BaseAction::ajaxReturn() should be compatible with Action::ajaxReturn($data, $type = '') E:\1.php\wamp\www\tp\Lib\Action\BaseAction.class.php 第 33 行.
INFO: [ view_parse ] --START--
INFO: ParseTemplate Behavior ::run [ RunTime:0.019001s ]
INFO: [ view_parse ] --END-- [ RunTime:0.021001s ]
INFO: [ view_filter ] --START--
INFO: ContentReplace Behavior ::run [ RunTime:0.001000s ]
INFO: TokenBuild Behavior ::run [ RunTime:0.001000s ]
INFO: WriteHtmlCache Behavior ::run [ RunTime:0.001000s ]
INFO: ShowRuntime Behavior ::run [ RunTime:0.001000s ]
INFO: [ view_filter ] --END-- [ RunTime:0.004000s ]
INFO: [ view_end ] --START--
INFO: ShowPageTrace Behavior ::run [ RunTime:0.001000s ]
INFO: [ view_end ] --END-- [ RunTime:0.001000s ]

[ 2014-09-11T12:47:47+08:00 ] 127.0.0.1 /tp/
INFO: [ app_begin ] --START--
INFO: ReadHtmlCache Behavior ::run [ RunTime:0.000000s ]
INFO: [ app_begin ] --END-- [ RunTime:0.000000s ]
NOTIC: [2048] Declaration of BaseAction::ajaxReturn() should be compatible with Action::ajaxReturn($data, $type = '') E:\1.php\wamp\www\tp\Lib\Action\BaseAction.class.php 第 33 行.
INFO: [ view_parse ] --START--
INFO: ParseTemplate Behavior ::run [ RunTime:0.015600s ]
INFO: [ view_parse ] --END-- [ RunTime:0.015600s ]
INFO: [ view_filter ] --START--
INFO: ContentReplace Behavior ::run [ RunTime:0.000000s ]
INFO: TokenBuild Behavior ::run [ RunTime:0.000000s ]
INFO: WriteHtmlCache Behavior ::run [ RunTime:0.000000s ]
INFO: ShowRuntime Behavior ::run [ RunTime:0.000000s ]
INFO: [ view_filter ] --END-- [ RunTime:0.000000s ]
INFO: [ view_end ] --START--
INFO: ShowPageTrace Behavior ::run [ RunTime:0.000000s ]
INFO: [ view_end ] --END-- [ RunTime:0.000000s ]

[ 2014-09-11T12:47:49+08:00 ] 127.0.0.1 /tp/index/Index/getPictures
INFO: [ route_check ] --START--
INFO: CheckRoute Behavior ::run [ RunTime:0.015600s ]
INFO: [ route_check ] --END-- [ RunTime:0.015600s ]
INFO: [ app_begin ] --START--
INFO: ReadHtmlCache Behavior ::run [ RunTime:0.000000s ]
INFO: [ app_begin ] --END-- [ RunTime:0.000000s ]
NOTIC: [2048] Declaration of BaseAction::ajaxReturn() should be compatible with Action::ajaxReturn($data, $type = '') E:\1.php\wamp\www\tp\Lib\Action\BaseAction.class.php 第 33 行.
NOTIC: [8] Undefined index: lastPid E:\1.php\wamp\www\tp\Lib\Action\index\IndexAction.class.php 第 15 行.
SQL: tagsmedia.getCollection(pic) [ RunTime:0.000000s ]
NOTIC: [8] Undefined index: where E:\1.php\wamp\www\tp\ThinkPHP\Extend\Driver\Db\DbMongo.class.php 第 367 行.
NOTIC: [2] Invalid argument supplied for foreach() E:\1.php\wamp\www\tp\ThinkPHP\Extend\Driver\Db\DbMongo.class.php 第 648 行.
SQL: tagsmedia.pic.find({},["_id","author_id","image","pid","description"]).sort({"pid":-1}).limit(10) [ RunTime:0.000000s ]

