[ 2014-10-04T17:16:52+08:00 ] 127.0.0.1 /tp/
INFO: [ app_begin ] --START--
INFO: ReadHtmlCache Behavior ::run [ RunTime:0.015600s ]
INFO: [ app_begin ] --END-- [ RunTime:0.031200s ]
NOTIC: [2048] Declaration of BaseAction::ajaxReturn() should be compatible with Action::ajaxReturn($data, $type = '') D:\wamp\www\tp\Lib\Action\BaseAction.class.php 第 38 行.
INFO: [ view_parse ] --START--
INFO: ParseTemplate Behavior ::run [ RunTime:0.124801s ]
INFO: [ view_parse ] --END-- [ RunTime:0.124801s ]
INFO: [ view_filter ] --START--
INFO: ContentReplace Behavior ::run [ RunTime:0.015600s ]
INFO: TokenBuild Behavior ::run [ RunTime:0.000000s ]
INFO: WriteHtmlCache Behavior ::run [ RunTime:0.000000s ]
INFO: ShowRuntime Behavior ::run [ RunTime:0.000000s ]
INFO: [ view_filter ] --END-- [ RunTime:0.062400s ]
INFO: [ view_end ] --START--
INFO: ShowPageTrace Behavior ::run [ RunTime:0.000000s ]
INFO: [ view_end ] --END-- [ RunTime:0.000000s ]

[ 2014-10-04T17:16:56+08:00 ] 127.0.0.1 /tp/index/Index/getPictures
INFO: [ route_check ] --START--
INFO: CheckRoute Behavior ::run [ RunTime:0.000000s ]
INFO: [ route_check ] --END-- [ RunTime:0.000000s ]
INFO: [ app_begin ] --START--
INFO: ReadHtmlCache Behavior ::run [ RunTime:0.000000s ]
INFO: [ app_begin ] --END-- [ RunTime:0.000000s ]
NOTIC: [2048] Declaration of BaseAction::ajaxReturn() should be compatible with Action::ajaxReturn($data, $type = '') D:\wamp\www\tp\Lib\Action\BaseAction.class.php 第 38 行.
NOTIC: [8] Undefined index: lastPid D:\wamp\www\tp\Lib\Action\index\IndexAction.class.php 第 15 行.
SQL: tagsmedia.getCollection(picture) [ RunTime:0.031201s ]
NOTIC: [8] Undefined index: where D:\wamp\www\tp\ThinkPHP\Extend\Driver\Db\DbMongo.class.php 第 367 行.
NOTIC: [2] Invalid argument supplied for foreach() D:\wamp\www\tp\ThinkPHP\Extend\Driver\Db\DbMongo.class.php 第 648 行.
SQL: tagsmedia.picture.find({},["_id","author_id","image","pid","description"]).sort({"pid":-1}).limit(10) [ RunTime:0.000000s ]

[ 2014-10-04T17:16:57+08:00 ] 127.0.0.1 /tp/catalog/Catalog/getFollowCatalogs
INFO: [ route_check ] --START--
INFO: CheckRoute Behavior ::run [ RunTime:0.031200s ]
INFO: [ route_check ] --END-- [ RunTime:0.031200s ]
INFO: [ app_begin ] --START--
INFO: ReadHtmlCache Behavior ::run [ RunTime:0.031200s ]
INFO: [ app_begin ] --END-- [ RunTime:0.031200s ]
NOTIC: [2048] Declaration of BaseAction::ajaxReturn() should be compatible with Action::ajaxReturn($data, $type = '') D:\wamp\www\tp\Lib\Action\BaseAction.class.php 第 38 行.
INFO: [ view_parse ] --START--
INFO: ParseTemplate Behavior ::run [ RunTime:0.078001s ]
INFO: [ view_parse ] --END-- [ RunTime:0.078001s ]
INFO: [ view_filter ] --START--
INFO: ContentReplace Behavior ::run [ RunTime:0.000000s ]
INFO: TokenBuild Behavior ::run [ RunTime:0.000000s ]
INFO: WriteHtmlCache Behavior ::run [ RunTime:0.000000s ]
INFO: ShowRuntime Behavior ::run [ RunTime:0.015600s ]
INFO: [ view_filter ] --END-- [ RunTime:0.031200s ]
INFO: [ view_end ] --START--
INFO: ShowPageTrace Behavior ::run [ RunTime:0.000000s ]
INFO: [ view_end ] --END-- [ RunTime:0.000000s ]

[ 2014-10-04T17:17:04+08:00 ] 127.0.0.1 /tp/index/Index/uploadPage
INFO: [ route_check ] --START--
INFO: CheckRoute Behavior ::run [ RunTime:0.000000s ]
INFO: [ route_check ] --END-- [ RunTime:0.000000s ]
INFO: [ app_begin ] --START--
INFO: ReadHtmlCache Behavior ::run [ RunTime:0.000000s ]
INFO: [ app_begin ] --END-- [ RunTime:0.000000s ]
NOTIC: [2048] Declaration of BaseAction::ajaxReturn() should be compatible with Action::ajaxReturn($data, $type = '') D:\wamp\www\tp\Lib\Action\BaseAction.class.php 第 38 行.
INFO: [ view_parse ] --START--
INFO: ParseTemplate Behavior ::run [ RunTime:0.093600s ]
INFO: [ view_parse ] --END-- [ RunTime:0.093600s ]
INFO: [ view_filter ] --START--
INFO: ContentReplace Behavior ::run [ RunTime:0.000000s ]
INFO: TokenBuild Behavior ::run [ RunTime:0.015600s ]
INFO: WriteHtmlCache Behavior ::run [ RunTime:0.000000s ]
INFO: ShowRuntime Behavior ::run [ RunTime:0.000000s ]
INFO: [ view_filter ] --END-- [ RunTime:0.031200s ]
INFO: [ view_end ] --START--
INFO: ShowPageTrace Behavior ::run [ RunTime:0.000000s ]
INFO: [ view_end ] --END-- [ RunTime:0.000000s ]

[ 2014-10-04T17:17:20+08:00 ] 127.0.0.1 /tp/pic/1000000030?_pjax=.mask
INFO: [ route_check ] --START--
INFO: CheckRoute Behavior ::run [ RunTime:0.015600s ]
INFO: [ route_check ] --END-- [ RunTime:0.015600s ]
INFO: [ app_begin ] --START--
INFO: ReadHtmlCache Behavior ::run [ RunTime:0.000000s ]
INFO: [ app_begin ] --END-- [ RunTime:0.015600s ]
NOTIC: [2048] Declaration of BaseAction::ajaxReturn() should be compatible with Action::ajaxReturn($data, $type = '') D:\wamp\www\tp\Lib\Action\BaseAction.class.php 第 38 行.
SQL: tagsmedia.getCollection(picture) [ RunTime:0.000000s ]
SQL: tagsmedia.picture.findOne({"pid":1000000030},["_id","author_id","image","pid","description"]) [ RunTime:0.046800s ]
INFO: [ view_parse ] --START--
INFO: ParseTemplate Behavior ::run [ RunTime:0.062400s ]
INFO: [ view_parse ] --END-- [ RunTime:0.062400s ]
INFO: [ view_filter ] --START--
INFO: ContentReplace Behavior ::run [ RunTime:0.000000s ]
INFO: TokenBuild Behavior ::run [ RunTime:0.000000s ]
INFO: WriteHtmlCache Behavior ::run [ RunTime:0.000000s ]
INFO: ShowRuntime Behavior ::run [ RunTime:0.015601s ]
INFO: [ view_filter ] --END-- [ RunTime:0.031201s ]
INFO: [ view_end ] --START--
INFO: ShowPageTrace Behavior ::run [ RunTime:0.000000s ]
INFO: [ view_end ] --END-- [ RunTime:0.000000s ]

[ 2014-10-04T17:37:37+08:00 ] 127.0.0.1 /tp/Tpl/index/Index/__APP____PUBLIC__/main/js/jquery-ui-1.8.16.custom.min.js
INFO: [ route_check ] --START--
INFO: CheckRoute Behavior ::run [ RunTime:0.015600s ]
INFO: [ route_check ] --END-- [ RunTime:0.015600s ]
INFO: [ app_begin ] --START--
INFO: ReadHtmlCache Behavior ::run [ RunTime:0.000000s ]
INFO: [ app_begin ] --END-- [ RunTime:0.015600s ]
ERR: 无法加载模块:Tpl

[ 2014-10-04T17:37:37+08:00 ] 127.0.0.1 /tp/Tpl/index/Index/__APP____PUBLIC__/main/css/jQuery.iPicture.css
INFO: [ route_check ] --START--
INFO: CheckRoute Behavior ::run [ RunTime:0.015600s ]
INFO: [ route_check ] --END-- [ RunTime:0.015600s ]
INFO: [ app_begin ] --START--
INFO: ReadHtmlCache Behavior ::run [ RunTime:0.000000s ]
INFO: [ app_begin ] --END-- [ RunTime:0.000000s ]
ERR: 无法加载模块:Tpl

[ 2014-10-04T17:37:37+08:00 ] 127.0.0.1 /tp/Tpl/index/Index/__APP____PUBLIC__/main/js/jQuery.iPicture.js
INFO: [ route_check ] --START--
INFO: CheckRoute Behavior ::run [ RunTime:0.000000s ]
INFO: [ route_check ] --END-- [ RunTime:0.000000s ]
INFO: [ app_begin ] --START--
INFO: ReadHtmlCache Behavior ::run [ RunTime:0.000000s ]
INFO: [ app_begin ] --END-- [ RunTime:0.000000s ]
ERR: 无法加载模块:Tpl

[ 2014-10-04T17:37:37+08:00 ] 127.0.0.1 /tp/Tpl/index/Index/__APP____PUBLIC__/main/js/jquery-1.6.2.min.js
INFO: [ route_check ] --START--
INFO: CheckRoute Behavior ::run [ RunTime:0.062400s ]
INFO: [ route_check ] --END-- [ RunTime:0.062400s ]
INFO: [ app_begin ] --START--
INFO: ReadHtmlCache Behavior ::run [ RunTime:0.015600s ]
INFO: [ app_begin ] --END-- [ RunTime:0.015600s ]
ERR: 无法加载模块:Tpl

[ 2014-10-04T17:38:07+08:00 ] 127.0.0.1 /tp/Tpl/index/Index/__APP____PUBLIC__/main/css/jQuery.iPicture.css
INFO: [ route_check ] --START--
INFO: CheckRoute Behavior ::run [ RunTime:0.000000s ]
INFO: [ route_check ] --END-- [ RunTime:0.000000s ]
INFO: [ app_begin ] --START--
INFO: ReadHtmlCache Behavior ::run [ RunTime:0.000000s ]
INFO: [ app_begin ] --END-- [ RunTime:0.000000s ]
ERR: 无法加载模块:Tpl

[ 2014-10-04T17:38:07+08:00 ] 127.0.0.1 /tp/Tpl/index/Index/__APP____PUBLIC__/main/js/jquery-1.6.2.min.js
INFO: [ route_check ] --START--
INFO: CheckRoute Behavior ::run [ RunTime:0.015600s ]
INFO: [ route_check ] --END-- [ RunTime:0.015600s ]
INFO: [ app_begin ] --START--
INFO: ReadHtmlCache Behavior ::run [ RunTime:0.015600s ]
INFO: [ app_begin ] --END-- [ RunTime:0.015600s ]
ERR: 无法加载模块:Tpl

[ 2014-10-04T17:38:07+08:00 ] 127.0.0.1 /tp/Tpl/index/Index/__APP____PUBLIC__/main/js/jQuery.iPicture.js
INFO: [ route_check ] --START--
INFO: CheckRoute Behavior ::run [ RunTime:0.000000s ]
INFO: [ route_check ] --END-- [ RunTime:0.015600s ]
INFO: [ app_begin ] --START--
INFO: ReadHtmlCache Behavior ::run [ RunTime:0.000000s ]
INFO: [ app_begin ] --END-- [ RunTime:0.000000s ]
ERR: 无法加载模块:Tpl

[ 2014-10-04T17:38:07+08:00 ] 127.0.0.1 /tp/Tpl/index/Index/__APP____PUBLIC__/main/js/jquery-ui-1.8.16.custom.min.js
INFO: [ route_check ] --START--
INFO: CheckRoute Behavior ::run [ RunTime:0.000000s ]
INFO: [ route_check ] --END-- [ RunTime:0.000000s ]
INFO: [ app_begin ] --START--
INFO: ReadHtmlCache Behavior ::run [ RunTime:0.000000s ]
INFO: [ app_begin ] --END-- [ RunTime:0.000000s ]
ERR: 无法加载模块:Tpl

[ 2014-10-04T17:42:00+08:00 ] 127.0.0.1 /tp/Tpl/index/Index/__APP____PUBLIC__/main/js/jQuery.iPicture.js
INFO: [ route_check ] --START--
INFO: CheckRoute Behavior ::run [ RunTime:0.008000s ]
INFO: [ route_check ] --END-- [ RunTime:0.009001s ]
INFO: [ app_begin ] --START--
INFO: ReadHtmlCache Behavior ::run [ RunTime:0.006001s ]
INFO: [ app_begin ] --END-- [ RunTime:0.008001s ]
ERR: 无法加载模块:Tpl

[ 2014-10-04T17:42:00+08:00 ] 127.0.0.1 /tp/Tpl/index/Index/__APP____PUBLIC__/main/js/jquery-1.6.2.min.js
INFO: [ route_check ] --START--
INFO: CheckRoute Behavior ::run [ RunTime:0.094005s ]
INFO: [ route_check ] --END-- [ RunTime:0.096005s ]
INFO: [ app_begin ] --START--
INFO: ReadHtmlCache Behavior ::run [ RunTime:0.051003s ]
INFO: [ app_begin ] --END-- [ RunTime:0.053003s ]
ERR: 无法加载模块:Tpl

[ 2014-10-04T17:42:00+08:00 ] 127.0.0.1 /tp/Tpl/index/Index/__APP____PUBLIC__/main/css/jQuery.iPicture.css
INFO: [ route_check ] --START--
INFO: CheckRoute Behavior ::run [ RunTime:0.097006s ]
INFO: [ route_check ] --END-- [ RunTime:0.099006s ]
INFO: [ app_begin ] --START--
INFO: ReadHtmlCache Behavior ::run [ RunTime:0.068004s ]
INFO: [ app_begin ] --END-- [ RunTime:0.070004s ]
ERR: 无法加载模块:Tpl

[ 2014-10-04T17:42:00+08:00 ] 127.0.0.1 /tp/Tpl/index/Index/__APP____PUBLIC__/main/js/jquery-ui-1.8.16.custom.min.js
INFO: [ route_check ] --START--
INFO: CheckRoute Behavior ::run [ RunTime:0.081005s ]
INFO: [ route_check ] --END-- [ RunTime:0.083005s ]
INFO: [ app_begin ] --START--
INFO: ReadHtmlCache Behavior ::run [ RunTime:0.087005s ]
INFO: [ app_begin ] --END-- [ RunTime:0.089005s ]
ERR: 无法加载模块:Tpl

[ 2014-10-04T17:43:16+08:00 ] 127.0.0.1 /tp/Tpl/index/Index/__APP____PUBLIC__/main/css/jQuery.iPicture.css
INFO: [ route_check ] --START--
INFO: CheckRoute Behavior ::run [ RunTime:0.007000s ]
INFO: [ route_check ] --END-- [ RunTime:0.009000s ]
INFO: [ app_begin ] --START--
INFO: ReadHtmlCache Behavior ::run [ RunTime:0.007000s ]
INFO: [ app_begin ] --END-- [ RunTime:0.008000s ]
ERR: 无法加载模块:Tpl

[ 2014-10-04T17:43:16+08:00 ] 127.0.0.1 /tp/Tpl/index/Index/__APP____PUBLIC__/main/js/jquery-ui-1.8.16.custom.min.js
INFO: [ route_check ] --START--
INFO: CheckRoute Behavior ::run [ RunTime:0.009000s ]
INFO: [ route_check ] --END-- [ RunTime:0.010001s ]
INFO: [ app_begin ] --START--
INFO: ReadHtmlCache Behavior ::run [ RunTime:0.014001s ]
INFO: [ app_begin ] --END-- [ RunTime:0.087005s ]
ERR: 无法加载模块:Tpl

[ 2014-10-04T17:43:16+08:00 ] 127.0.0.1 /tp/Tpl/index/Index/__APP____PUBLIC__/main/js/jQuery.iPicture.js
INFO: [ route_check ] --START--
INFO: CheckRoute Behavior ::run [ RunTime:0.006000s ]
INFO: [ route_check ] --END-- [ RunTime:0.007000s ]
INFO: [ app_begin ] --START--
INFO: ReadHtmlCache Behavior ::run [ RunTime:0.005000s ]
INFO: [ app_begin ] --END-- [ RunTime:0.007000s ]
ERR: 无法加载模块:Tpl

[ 2014-10-04T17:43:16+08:00 ] 127.0.0.1 /tp/Tpl/index/Index/__APP____PUBLIC__/main/js/jquery-1.6.2.min.js
INFO: [ route_check ] --START--
INFO: CheckRoute Behavior ::run [ RunTime:0.051003s ]
INFO: [ route_check ] --END-- [ RunTime:0.053003s ]
INFO: [ app_begin ] --START--
INFO: ReadHtmlCache Behavior ::run [ RunTime:0.055004s ]
INFO: [ app_begin ] --END-- [ RunTime:0.058004s ]
ERR: 无法加载模块:Tpl

[ 2014-10-04T17:44:43+08:00 ] 127.0.0.1 /tp/Tpl/index/Index/__APP____PUBLIC__/main/js/jquery-ui-1.8.16.custom.min.js
INFO: [ route_check ] --START--
INFO: CheckRoute Behavior ::run [ RunTime:0.006001s ]
INFO: [ route_check ] --END-- [ RunTime:0.008001s ]
INFO: [ app_begin ] --START--
INFO: ReadHtmlCache Behavior ::run [ RunTime:0.005000s ]
INFO: [ app_begin ] --END-- [ RunTime:0.044002s ]
ERR: 无法加载模块:Tpl

[ 2014-10-04T17:44:43+08:00 ] 127.0.0.1 /tp/Tpl/index/Index/__APP____PUBLIC__/main/js/jquery-1.6.2.min.js
INFO: [ route_check ] --START--
INFO: CheckRoute Behavior ::run [ RunTime:0.009001s ]
INFO: [ route_check ] --END-- [ RunTime:0.011001s ]
INFO: [ app_begin ] --START--
INFO: ReadHtmlCache Behavior ::run [ RunTime:0.006000s ]
INFO: [ app_begin ] --END-- [ RunTime:0.008000s ]
ERR: 无法加载模块:Tpl

[ 2014-10-04T17:44:44+08:00 ] 127.0.0.1 /tp/Tpl/index/Index/__APP____PUBLIC__/main/js/jQuery.iPicture.js
INFO: [ route_check ] --START--
INFO: CheckRoute Behavior ::run [ RunTime:0.007000s ]
INFO: [ route_check ] --END-- [ RunTime:0.008000s ]
INFO: [ app_begin ] --START--
INFO: ReadHtmlCache Behavior ::run [ RunTime:0.005000s ]
INFO: [ app_begin ] --END-- [ RunTime:0.007000s ]
ERR: 无法加载模块:Tpl

[ 2014-10-04T17:44:44+08:00 ] 127.0.0.1 /tp/Tpl/index/Index/__APP____PUBLIC__/main/css/jQuery.iPicture.css
INFO: [ route_check ] --START--
INFO: CheckRoute Behavior ::run [ RunTime:0.068004s ]
INFO: [ route_check ] --END-- [ RunTime:0.070004s ]
INFO: [ app_begin ] --START--
INFO: ReadHtmlCache Behavior ::run [ RunTime:0.008000s ]
INFO: [ app_begin ] --END-- [ RunTime:0.009000s ]
ERR: 无法加载模块:Tpl

[ 2014-10-04T17:45:21+08:00 ] 127.0.0.1 /tp/index/Index/label1
INFO: [ route_check ] --START--
INFO: CheckRoute Behavior ::run [ RunTime:0.006000s ]
INFO: [ route_check ] --END-- [ RunTime:0.007000s ]
INFO: [ app_begin ] --START--
INFO: ReadHtmlCache Behavior ::run [ RunTime:0.006000s ]
INFO: [ app_begin ] --END-- [ RunTime:0.008000s ]
NOTIC: [2048] Declaration of BaseAction::ajaxReturn() should be compatible with Action::ajaxReturn($data, $type = '') D:\wamp\www\tp\Lib\Action\BaseAction.class.php 第 38 行.
INFO: [ view_parse ] --START--
INFO: ParseTemplate Behavior ::run [ RunTime:0.052003s ]
INFO: [ view_parse ] --END-- [ RunTime:0.053003s ]
INFO: [ view_filter ] --START--
INFO: ContentReplace Behavior ::run [ RunTime:0.005000s ]
INFO: TokenBuild Behavior ::run [ RunTime:0.004000s ]
INFO: WriteHtmlCache Behavior ::run [ RunTime:0.004000s ]
INFO: ShowRuntime Behavior ::run [ RunTime:0.007001s ]
INFO: [ view_filter ] --END-- [ RunTime:0.024002s ]
INFO: [ view_end ] --START--
INFO: ShowPageTrace Behavior ::run [ RunTime:0.012001s ]
INFO: [ view_end ] --END-- [ RunTime:0.014001s ]

[ 2014-10-04T18:13:03+08:00 ] 127.0.0.1 /tp/index/Index/label1
INFO: [ route_check ] --START--
INFO: CheckRoute Behavior ::run [ RunTime:0.000000s ]
INFO: [ route_check ] --END-- [ RunTime:0.000000s ]
INFO: [ app_begin ] --START--
INFO: ReadHtmlCache Behavior ::run [ RunTime:0.000000s ]
INFO: [ app_begin ] --END-- [ RunTime:0.000000s ]
NOTIC: [2048] Declaration of BaseAction::ajaxReturn() should be compatible with Action::ajaxReturn($data, $type = '') D:\wamp\www\tp\Lib\Action\BaseAction.class.php 第 38 行.
INFO: [ view_parse ] --START--
INFO: ParseTemplate Behavior ::run [ RunTime:0.046800s ]
INFO: [ view_parse ] --END-- [ RunTime:0.046800s ]
INFO: [ view_filter ] --START--
INFO: ContentReplace Behavior ::run [ RunTime:0.000000s ]
INFO: TokenBuild Behavior ::run [ RunTime:0.015600s ]
INFO: WriteHtmlCache Behavior ::run [ RunTime:0.000000s ]
INFO: ShowRuntime Behavior ::run [ RunTime:0.000000s ]
INFO: [ view_filter ] --END-- [ RunTime:0.031200s ]
INFO: [ view_end ] --START--
INFO: ShowPageTrace Behavior ::run [ RunTime:0.000000s ]
INFO: [ view_end ] --END-- [ RunTime:0.000000s ]

[ 2014-10-04T18:14:10+08:00 ] 127.0.0.1 /tp/index/Index/label1
INFO: [ route_check ] --START--
INFO: CheckRoute Behavior ::run [ RunTime:0.000000s ]
INFO: [ route_check ] --END-- [ RunTime:0.000000s ]
INFO: [ app_begin ] --START--
INFO: ReadHtmlCache Behavior ::run [ RunTime:0.000000s ]
INFO: [ app_begin ] --END-- [ RunTime:0.015601s ]
NOTIC: [2048] Declaration of BaseAction::ajaxReturn() should be compatible with Action::ajaxReturn($data, $type = '') D:\wamp\www\tp\Lib\Action\BaseAction.class.php 第 38 行.
INFO: [ view_parse ] --START--
INFO: ParseTemplate Behavior ::run [ RunTime:0.046800s ]
INFO: [ view_parse ] --END-- [ RunTime:0.046800s ]
INFO: [ view_filter ] --START--
INFO: ContentReplace Behavior ::run [ RunTime:0.015600s ]
INFO: TokenBuild Behavior ::run [ RunTime:0.000000s ]
INFO: WriteHtmlCache Behavior ::run [ RunTime:0.000000s ]
INFO: ShowRuntime Behavior ::run [ RunTime:0.000000s ]
INFO: [ view_filter ] --END-- [ RunTime:0.031200s ]
INFO: [ view_end ] --START--
INFO: ShowPageTrace Behavior ::run [ RunTime:0.000000s ]
INFO: [ view_end ] --END-- [ RunTime:0.000000s ]

[ 2014-10-04T18:15:06+08:00 ] 127.0.0.1 /tp/index/Index/label1
INFO: [ route_check ] --START--
INFO: CheckRoute Behavior ::run [ RunTime:0.006000s ]
INFO: [ route_check ] --END-- [ RunTime:0.007000s ]
INFO: [ app_begin ] --START--
INFO: ReadHtmlCache Behavior ::run [ RunTime:0.006000s ]
INFO: [ app_begin ] --END-- [ RunTime:0.007000s ]
NOTIC: [2048] Declaration of BaseAction::ajaxReturn() should be compatible with Action::ajaxReturn($data, $type = '') D:\wamp\www\tp\Lib\Action\BaseAction.class.php 第 38 行.
INFO: [ view_parse ] --START--
INFO: ParseTemplate Behavior ::run [ RunTime:0.052003s ]
INFO: [ view_parse ] --END-- [ RunTime:0.053003s ]
INFO: [ view_filter ] --START--
INFO: ContentReplace Behavior ::run [ RunTime:0.004000s ]
INFO: TokenBuild Behavior ::run [ RunTime:0.004000s ]
INFO: WriteHtmlCache Behavior ::run [ RunTime:0.003000s ]
INFO: ShowRuntime Behavior ::run [ RunTime:0.006001s ]
INFO: [ view_filter ] --END-- [ RunTime:0.020002s ]
INFO: [ view_end ] --START--
INFO: ShowPageTrace Behavior ::run [ RunTime:0.006000s ]
INFO: [ view_end ] --END-- [ RunTime:0.008000s ]

[ 2014-10-04T18:17:03+08:00 ] 127.0.0.1 /tp/index/Index/label1
INFO: [ route_check ] --START--
INFO: CheckRoute Behavior ::run [ RunTime:0.008001s ]
INFO: [ route_check ] --END-- [ RunTime:0.010001s ]
INFO: [ app_begin ] --START--
INFO: ReadHtmlCache Behavior ::run [ RunTime:0.005001s ]
INFO: [ app_begin ] --END-- [ RunTime:0.007001s ]
NOTIC: [2048] Declaration of BaseAction::ajaxReturn() should be compatible with Action::ajaxReturn($data, $type = '') D:\wamp\www\tp\Lib\Action\BaseAction.class.php 第 38 行.
INFO: [ view_parse ] --START--
INFO: ParseTemplate Behavior ::run [ RunTime:0.050000s ]
INFO: [ view_parse ] --END-- [ RunTime:0.050000s ]
INFO: [ view_filter ] --START--
INFO: ContentReplace Behavior ::run [ RunTime:0.010000s ]
INFO: TokenBuild Behavior ::run [ RunTime:0.000000s ]
INFO: WriteHtmlCache Behavior ::run [ RunTime:0.010000s ]
INFO: ShowRuntime Behavior ::run [ RunTime:0.000000s ]
INFO: [ view_filter ] --END-- [ RunTime:0.030000s ]
INFO: [ view_end ] --START--
INFO: ShowPageTrace Behavior ::run [ RunTime:0.005000s ]
INFO: [ view_end ] --END-- [ RunTime:0.016000s ]

[ 2014-10-04T18:25:42+08:00 ] 127.0.0.1 /tp/index/Index/label1
INFO: [ route_check ] --START--
INFO: CheckRoute Behavior ::run [ RunTime:0.008000s ]
INFO: [ route_check ] --END-- [ RunTime:0.010001s ]
INFO: [ app_begin ] --START--
INFO: ReadHtmlCache Behavior ::run [ RunTime:0.005000s ]
INFO: [ app_begin ] --END-- [ RunTime:0.007001s ]
NOTIC: [2048] Declaration of BaseAction::ajaxReturn() should be compatible with Action::ajaxReturn($data, $type = '') D:\wamp\www\tp\Lib\Action\BaseAction.class.php 第 38 行.
INFO: [ view_parse ] --START--
INFO: ParseTemplate Behavior ::run [ RunTime:0.054002s ]
INFO: [ view_parse ] --END-- [ RunTime:0.055002s ]
INFO: [ view_filter ] --START--
INFO: ContentReplace Behavior ::run [ RunTime:0.004000s ]
INFO: TokenBuild Behavior ::run [ RunTime:0.000000s ]
INFO: WriteHtmlCache Behavior ::run [ RunTime:0.010000s ]
INFO: ShowRuntime Behavior ::run [ RunTime:0.000000s ]
INFO: [ view_filter ] --END-- [ RunTime:0.016000s ]
INFO: [ view_end ] --START--
INFO: ShowPageTrace Behavior ::run [ RunTime:0.000000s ]
INFO: [ view_end ] --END-- [ RunTime:0.000000s ]

[ 2014-10-04T18:27:00+08:00 ] 127.0.0.1 /tp/index/Index/label1
INFO: [ route_check ] --START--
INFO: CheckRoute Behavior ::run [ RunTime:0.015001s ]
INFO: [ route_check ] --END-- [ RunTime:0.017001s ]
INFO: [ app_begin ] --START--
INFO: ReadHtmlCache Behavior ::run [ RunTime:0.006000s ]
INFO: [ app_begin ] --END-- [ RunTime:0.008000s ]
NOTIC: [2048] Declaration of BaseAction::ajaxReturn() should be compatible with Action::ajaxReturn($data, $type = '') D:\wamp\www\tp\Lib\Action\BaseAction.class.php 第 38 行.
INFO: [ view_parse ] --START--
INFO: ParseTemplate Behavior ::run [ RunTime:0.058001s ]
INFO: [ view_parse ] --END-- [ RunTime:0.059001s ]
INFO: [ view_filter ] --START--
INFO: ContentReplace Behavior ::run [ RunTime:0.000000s ]
INFO: TokenBuild Behavior ::run [ RunTime:0.013000s ]
INFO: WriteHtmlCache Behavior ::run [ RunTime:0.003000s ]
INFO: ShowRuntime Behavior ::run [ RunTime:0.008001s ]
INFO: [ view_filter ] --END-- [ RunTime:0.026001s ]
INFO: [ view_end ] --START--
INFO: ShowPageTrace Behavior ::run [ RunTime:0.009000s ]
INFO: [ view_end ] --END-- [ RunTime:0.011000s ]

[ 2014-10-04T18:27:44+08:00 ] 127.0.0.1 /tp/index/Index/label1
INFO: [ route_check ] --START--
INFO: CheckRoute Behavior ::run [ RunTime:0.006000s ]
INFO: [ route_check ] --END-- [ RunTime:0.008000s ]
INFO: [ app_begin ] --START--
INFO: ReadHtmlCache Behavior ::run [ RunTime:0.005000s ]
INFO: [ app_begin ] --END-- [ RunTime:0.007000s ]
NOTIC: [2048] Declaration of BaseAction::ajaxReturn() should be compatible with Action::ajaxReturn($data, $type = '') D:\wamp\www\tp\Lib\Action\BaseAction.class.php 第 38 行.
INFO: [ view_parse ] --START--
INFO: ParseTemplate Behavior ::run [ RunTime:0.057001s ]
INFO: [ view_parse ] --END-- [ RunTime:0.058001s ]
INFO: [ view_filter ] --START--
INFO: ContentReplace Behavior ::run [ RunTime:0.004000s ]
INFO: TokenBuild Behavior ::run [ RunTime:0.006001s ]
INFO: WriteHtmlCache Behavior ::run [ RunTime:0.003000s ]
INFO: ShowRuntime Behavior ::run [ RunTime:0.006000s ]
INFO: [ view_filter ] --END-- [ RunTime:0.024001s ]
INFO: [ view_end ] --START--
INFO: ShowPageTrace Behavior ::run [ RunTime:0.005000s ]
INFO: [ view_end ] --END-- [ RunTime:0.006000s ]

[ 2014-10-04T18:28:21+08:00 ] 127.0.0.1 /tp/index/Index/label1
INFO: [ route_check ] --START--
INFO: CheckRoute Behavior ::run [ RunTime:0.010000s ]
INFO: [ route_check ] --END-- [ RunTime:0.010000s ]
INFO: [ app_begin ] --START--
INFO: ReadHtmlCache Behavior ::run [ RunTime:0.011000s ]
INFO: [ app_begin ] --END-- [ RunTime:0.012000s ]
NOTIC: [2048] Declaration of BaseAction::ajaxReturn() should be compatible with Action::ajaxReturn($data, $type = '') D:\wamp\www\tp\Lib\Action\BaseAction.class.php 第 38 行.
INFO: [ view_parse ] --START--
INFO: ParseTemplate Behavior ::run [ RunTime:0.048002s ]
INFO: [ view_parse ] --END-- [ RunTime:0.050002s ]
INFO: [ view_filter ] --START--
INFO: ContentReplace Behavior ::run [ RunTime:0.010000s ]
INFO: TokenBuild Behavior ::run [ RunTime:0.000000s ]
INFO: WriteHtmlCache Behavior ::run [ RunTime:0.010000s ]
INFO: ShowRuntime Behavior ::run [ RunTime:0.000000s ]
INFO: [ view_filter ] --END-- [ RunTime:0.020000s ]
INFO: [ view_end ] --START--
INFO: ShowPageTrace Behavior ::run [ RunTime:0.006000s ]
INFO: [ view_end ] --END-- [ RunTime:0.008000s ]

[ 2014-10-04T18:28:22+08:00 ] 127.0.0.1 /tp/index/Index/label1
INFO: [ route_check ] --START--
INFO: CheckRoute Behavior ::run [ RunTime:0.007000s ]
INFO: [ route_check ] --END-- [ RunTime:0.009000s ]
INFO: [ app_begin ] --START--
INFO: ReadHtmlCache Behavior ::run [ RunTime:0.006000s ]
INFO: [ app_begin ] --END-- [ RunTime:0.008000s ]
NOTIC: [2048] Declaration of BaseAction::ajaxReturn() should be compatible with Action::ajaxReturn($data, $type = '') D:\wamp\www\tp\Lib\Action\BaseAction.class.php 第 38 行.
INFO: [ view_parse ] --START--
INFO: ParseTemplate Behavior ::run [ RunTime:0.182011s ]
INFO: [ view_parse ] --END-- [ RunTime:0.184011s ]
INFO: [ view_filter ] --START--
INFO: ContentReplace Behavior ::run [ RunTime:0.005000s ]
INFO: TokenBuild Behavior ::run [ RunTime:0.005001s ]
INFO: WriteHtmlCache Behavior ::run [ RunTime:0.006000s ]
INFO: ShowRuntime Behavior ::run [ RunTime:0.006000s ]
INFO: [ view_filter ] --END-- [ RunTime:0.027001s ]
INFO: [ view_end ] --START--
INFO: ShowPageTrace Behavior ::run [ RunTime:0.005000s ]
INFO: [ view_end ] --END-- [ RunTime:0.007000s ]

[ 2014-10-04T18:28:22+08:00 ] 127.0.0.1 /tp/index/Index/label1
INFO: [ route_check ] --START--
INFO: CheckRoute Behavior ::run [ RunTime:0.006001s ]
INFO: [ route_check ] --END-- [ RunTime:0.008001s ]
INFO: [ app_begin ] --START--
INFO: ReadHtmlCache Behavior ::run [ RunTime:0.005001s ]
INFO: [ app_begin ] --END-- [ RunTime:0.007001s ]
NOTIC: [2048] Declaration of BaseAction::ajaxReturn() should be compatible with Action::ajaxReturn($data, $type = '') D:\wamp\www\tp\Lib\Action\BaseAction.class.php 第 38 行.
INFO: [ view_parse ] --START--
INFO: ParseTemplate Behavior ::run [ RunTime:0.051003s ]
INFO: [ view_parse ] --END-- [ RunTime:0.053003s ]
INFO: [ view_filter ] --START--
INFO: ContentReplace Behavior ::run [ RunTime:0.008000s ]
INFO: TokenBuild Behavior ::run [ RunTime:0.005000s ]
INFO: WriteHtmlCache Behavior ::run [ RunTime:0.003001s ]
INFO: ShowRuntime Behavior ::run [ RunTime:0.007000s ]
INFO: [ view_filter ] --END-- [ RunTime:0.029002s ]
INFO: [ view_end ] --START--
INFO: ShowPageTrace Behavior ::run [ RunTime:0.005001s ]
INFO: [ view_end ] --END-- [ RunTime:0.007001s ]

[ 2014-10-04T18:30:43+08:00 ] 127.0.0.1 /tp/index/Index/label1
INFO: [ route_check ] --START--
INFO: CheckRoute Behavior ::run [ RunTime:0.000000s ]
INFO: [ route_check ] --END-- [ RunTime:0.010000s ]
INFO: [ app_begin ] --START--
INFO: ReadHtmlCache Behavior ::run [ RunTime:0.007000s ]
INFO: [ app_begin ] --END-- [ RunTime:0.009000s ]
NOTIC: [2048] Declaration of BaseAction::ajaxReturn() should be compatible with Action::ajaxReturn($data, $type = '') D:\wamp\www\tp\Lib\Action\BaseAction.class.php 第 38 行.
INFO: [ view_parse ] --START--
INFO: ParseTemplate Behavior ::run [ RunTime:0.042000s ]
INFO: [ view_parse ] --END-- [ RunTime:0.043000s ]
INFO: [ view_filter ] --START--
INFO: ContentReplace Behavior ::run [ RunTime:0.005001s ]
INFO: TokenBuild Behavior ::run [ RunTime:0.005000s ]
INFO: WriteHtmlCache Behavior ::run [ RunTime:0.005000s ]
INFO: ShowRuntime Behavior ::run [ RunTime:0.006001s ]
INFO: [ view_filter ] --END-- [ RunTime:0.035002s ]
INFO: [ view_end ] --START--
INFO: ShowPageTrace Behavior ::run [ RunTime:0.005000s ]
INFO: [ view_end ] --END-- [ RunTime:0.007000s ]

[ 2014-10-04T18:31:45+08:00 ] 127.0.0.1 /tp/index/Index/label1
INFO: [ route_check ] --START--
INFO: CheckRoute Behavior ::run [ RunTime:0.007000s ]
INFO: [ route_check ] --END-- [ RunTime:0.008000s ]
INFO: [ app_begin ] --START--
INFO: ReadHtmlCache Behavior ::run [ RunTime:0.000000s ]
INFO: [ app_begin ] --END-- [ RunTime:0.010000s ]
NOTIC: [2048] Declaration of BaseAction::ajaxReturn() should be compatible with Action::ajaxReturn($data, $type = '') D:\wamp\www\tp\Lib\Action\BaseAction.class.php 第 38 行.
INFO: [ view_parse ] --START--
INFO: ParseTemplate Behavior ::run [ RunTime:0.050000s ]
INFO: [ view_parse ] --END-- [ RunTime:0.050000s ]
INFO: [ view_filter ] --START--
INFO: ContentReplace Behavior ::run [ RunTime:0.010000s ]
INFO: TokenBuild Behavior ::run [ RunTime:0.000000s ]
INFO: WriteHtmlCache Behavior ::run [ RunTime:0.010000s ]
INFO: ShowRuntime Behavior ::run [ RunTime:0.000000s ]
INFO: [ view_filter ] --END-- [ RunTime:0.020000s ]
INFO: [ view_end ] --START--
INFO: ShowPageTrace Behavior ::run [ RunTime:0.000000s ]
INFO: [ view_end ] --END-- [ RunTime:0.000000s ]

[ 2014-10-04T18:33:06+08:00 ] 127.0.0.1 /tp/index/Index/label1
INFO: [ route_check ] --START--
INFO: CheckRoute Behavior ::run [ RunTime:0.007000s ]
INFO: [ route_check ] --END-- [ RunTime:0.008000s ]
INFO: [ app_begin ] --START--
INFO: ReadHtmlCache Behavior ::run [ RunTime:0.007000s ]
INFO: [ app_begin ] --END-- [ RunTime:0.009000s ]
NOTIC: [2048] Declaration of BaseAction::ajaxReturn() should be compatible with Action::ajaxReturn($data, $type = '') D:\wamp\www\tp\Lib\Action\BaseAction.class.php 第 38 行.
INFO: [ view_parse ] --START--
INFO: ParseTemplate Behavior ::run [ RunTime:0.050003s ]
INFO: [ view_parse ] --END-- [ RunTime:0.052003s ]
INFO: [ view_filter ] --START--
INFO: ContentReplace Behavior ::run [ RunTime:0.004001s ]
INFO: TokenBuild Behavior ::run [ RunTime:0.004000s ]
INFO: WriteHtmlCache Behavior ::run [ RunTime:0.003000s ]
INFO: ShowRuntime Behavior ::run [ RunTime:0.006001s ]
INFO: [ view_filter ] --END-- [ RunTime:0.022002s ]
INFO: [ view_end ] --START--
INFO: ShowPageTrace Behavior ::run [ RunTime:0.006000s ]
INFO: [ view_end ] --END-- [ RunTime:0.008000s ]

[ 2014-10-04T18:33:23+08:00 ] 127.0.0.1 /tp/index/Index/label1
INFO: [ route_check ] --START--
INFO: CheckRoute Behavior ::run [ RunTime:0.006000s ]
INFO: [ route_check ] --END-- [ RunTime:0.008000s ]
INFO: [ app_begin ] --START--
INFO: ReadHtmlCache Behavior ::run [ RunTime:0.004000s ]
INFO: [ app_begin ] --END-- [ RunTime:0.007000s ]
NOTIC: [2048] Declaration of BaseAction::ajaxReturn() should be compatible with Action::ajaxReturn($data, $type = '') D:\wamp\www\tp\Lib\Action\BaseAction.class.php 第 38 行.
INFO: [ view_parse ] --START--
INFO: ParseTemplate Behavior ::run [ RunTime:0.049003s ]
INFO: [ view_parse ] --END-- [ RunTime:0.050003s ]
INFO: [ view_filter ] --START--
INFO: ContentReplace Behavior ::run [ RunTime:0.003000s ]
INFO: TokenBuild Behavior ::run [ RunTime:0.005001s ]
INFO: WriteHtmlCache Behavior ::run [ RunTime:0.003000s ]
INFO: ShowRuntime Behavior ::run [ RunTime:0.007000s ]
INFO: [ view_filter ] --END-- [ RunTime:0.024002s ]
INFO: [ view_end ] --START--
INFO: ShowPageTrace Behavior ::run [ RunTime:0.006000s ]
INFO: [ view_end ] --END-- [ RunTime:0.009000s ]

[ 2014-10-04T18:33:52+08:00 ] 127.0.0.1 /tp/index/Index/label1
INFO: [ route_check ] --START--
INFO: CheckRoute Behavior ::run [ RunTime:0.008001s ]
INFO: [ route_check ] --END-- [ RunTime:0.009001s ]
INFO: [ app_begin ] --START--
INFO: ReadHtmlCache Behavior ::run [ RunTime:0.006001s ]
INFO: [ app_begin ] --END-- [ RunTime:0.008001s ]
NOTIC: [2048] Declaration of BaseAction::ajaxReturn() should be compatible with Action::ajaxReturn($data, $type = '') D:\wamp\www\tp\Lib\Action\BaseAction.class.php 第 38 行.
INFO: [ view_parse ] --START--
INFO: ParseTemplate Behavior ::run [ RunTime:0.050003s ]
INFO: [ view_parse ] --END-- [ RunTime:0.052003s ]
INFO: [ view_filter ] --START--
INFO: ContentReplace Behavior ::run [ RunTime:0.004000s ]
INFO: TokenBuild Behavior ::run [ RunTime:0.005000s ]
INFO: WriteHtmlCache Behavior ::run [ RunTime:0.005001s ]
INFO: ShowRuntime Behavior ::run [ RunTime:0.006000s ]
INFO: [ view_filter ] --END-- [ RunTime:0.025001s ]
INFO: [ view_end ] --START--
INFO: ShowPageTrace Behavior ::run [ RunTime:0.005001s ]
INFO: [ view_end ] --END-- [ RunTime:0.007001s ]

