[ 2014-10-03T18:38:21+08:00 ] 127.0.0.1 /tp/
INFO: [ app_begin ] --START--
INFO: ReadHtmlCache Behavior ::run [ RunTime:0.064002s ]
INFO: [ app_begin ] --END-- [ RunTime:0.065002s ]
NOTIC: [2048] Declaration of BaseAction::ajaxReturn() should be compatible with Action::ajaxReturn($data, $type = '') D:\wamp\www\tp\Lib\Action\BaseAction.class.php 第 38 行.
INFO: [ view_parse ] --START--
INFO: ParseTemplate Behavior ::run [ RunTime:0.195004s ]
INFO: [ view_parse ] --END-- [ RunTime:0.197005s ]
INFO: [ view_filter ] --START--
INFO: ContentReplace Behavior ::run [ RunTime:0.006000s ]
INFO: TokenBuild Behavior ::run [ RunTime:0.034002s ]
INFO: WriteHtmlCache Behavior ::run [ RunTime:0.009001s ]
INFO: ShowRuntime Behavior ::run [ RunTime:0.010001s ]
INFO: [ view_filter ] --END-- [ RunTime:0.073004s ]
INFO: [ view_end ] --START--
INFO: ShowPageTrace Behavior ::run [ RunTime:0.007000s ]
INFO: [ view_end ] --END-- [ RunTime:0.008000s ]

[ 2014-10-03T18:38:26+08:00 ] 127.0.0.1 /tp/catalog/Catalog/getFollowCatalogs
INFO: [ route_check ] --START--
INFO: CheckRoute Behavior ::run [ RunTime:0.064004s ]
INFO: [ route_check ] --END-- [ RunTime:0.066004s ]
INFO: [ app_begin ] --START--
INFO: ReadHtmlCache Behavior ::run [ RunTime:0.005000s ]
INFO: [ app_begin ] --END-- [ RunTime:0.007000s ]
NOTIC: [2048] Declaration of BaseAction::ajaxReturn() should be compatible with Action::ajaxReturn($data, $type = '') D:\wamp\www\tp\Lib\Action\BaseAction.class.php 第 38 行.
INFO: [ view_parse ] --START--
INFO: ParseTemplate Behavior ::run [ RunTime:0.083005s ]
INFO: [ view_parse ] --END-- [ RunTime:0.084005s ]
INFO: [ view_filter ] --START--
INFO: ContentReplace Behavior ::run [ RunTime:0.004000s ]
INFO: TokenBuild Behavior ::run [ RunTime:0.006001s ]
INFO: WriteHtmlCache Behavior ::run [ RunTime:0.003000s ]
INFO: ShowRuntime Behavior ::run [ RunTime:0.006000s ]
INFO: [ view_filter ] --END-- [ RunTime:0.024001s ]
INFO: [ view_end ] --START--
INFO: ShowPageTrace Behavior ::run [ RunTime:0.005000s ]
INFO: [ view_end ] --END-- [ RunTime:0.009001s ]

[ 2014-10-03T18:38:27+08:00 ] 127.0.0.1 /tp/index/Index/getPictures
INFO: [ route_check ] --START--
INFO: CheckRoute Behavior ::run [ RunTime:0.122007s ]
INFO: [ route_check ] --END-- [ RunTime:0.125007s ]
INFO: [ app_begin ] --START--
INFO: ReadHtmlCache Behavior ::run [ RunTime:0.007000s ]
INFO: [ app_begin ] --END-- [ RunTime:0.008000s ]
NOTIC: [2048] Declaration of BaseAction::ajaxReturn() should be compatible with Action::ajaxReturn($data, $type = '') D:\wamp\www\tp\Lib\Action\BaseAction.class.php 第 38 行.
NOTIC: [8] Undefined index: lastPid D:\wamp\www\tp\Lib\Action\index\IndexAction.class.php 第 15 行.
SQL: tagsmedia.getCollection(picture) [ RunTime:0.001000s ]
NOTIC: [8] Undefined index: where D:\wamp\www\tp\ThinkPHP\Extend\Driver\Db\DbMongo.class.php 第 367 行.
NOTIC: [2] Invalid argument supplied for foreach() D:\wamp\www\tp\ThinkPHP\Extend\Driver\Db\DbMongo.class.php 第 648 行.
SQL: tagsmedia.picture.find({},["_id","author_id","image","pid","description"]).sort({"pid":-1}).limit(10) [ RunTime:0.002000s ]

[ 2014-10-03T18:38:38+08:00 ] 127.0.0.1 /tp/
INFO: [ app_begin ] --START--
INFO: ReadHtmlCache Behavior ::run [ RunTime:0.005001s ]
INFO: [ app_begin ] --END-- [ RunTime:0.007001s ]
NOTIC: [2048] Declaration of BaseAction::ajaxReturn() should be compatible with Action::ajaxReturn($data, $type = '') D:\wamp\www\tp\Lib\Action\BaseAction.class.php 第 38 行.
INFO: [ view_parse ] --START--
INFO: ParseTemplate Behavior ::run [ RunTime:0.053000s ]
INFO: [ view_parse ] --END-- [ RunTime:0.054000s ]
INFO: [ view_filter ] --START--
INFO: ContentReplace Behavior ::run [ RunTime:0.010000s ]
INFO: TokenBuild Behavior ::run [ RunTime:0.000000s ]
INFO: WriteHtmlCache Behavior ::run [ RunTime:0.010000s ]
INFO: ShowRuntime Behavior ::run [ RunTime:0.006000s ]
INFO: [ view_filter ] --END-- [ RunTime:0.027000s ]
INFO: [ view_end ] --START--
INFO: ShowPageTrace Behavior ::run [ RunTime:0.006001s ]
INFO: [ view_end ] --END-- [ RunTime:0.008001s ]

[ 2014-10-03T18:38:42+08:00 ] 127.0.0.1 /tp/catalog/Catalog/getFollowCatalogs
INFO: [ route_check ] --START--
INFO: CheckRoute Behavior ::run [ RunTime:0.007001s ]
INFO: [ route_check ] --END-- [ RunTime:0.009001s ]
INFO: [ app_begin ] --START--
INFO: ReadHtmlCache Behavior ::run [ RunTime:0.004000s ]
INFO: [ app_begin ] --END-- [ RunTime:0.006000s ]
NOTIC: [2048] Declaration of BaseAction::ajaxReturn() should be compatible with Action::ajaxReturn($data, $type = '') D:\wamp\www\tp\Lib\Action\BaseAction.class.php 第 38 行.
INFO: [ view_parse ] --START--
INFO: ParseTemplate Behavior ::run [ RunTime:0.062001s ]
INFO: [ view_parse ] --END-- [ RunTime:0.062001s ]
INFO: [ view_filter ] --START--
INFO: ContentReplace Behavior ::run [ RunTime:0.000000s ]
INFO: TokenBuild Behavior ::run [ RunTime:0.010000s ]
INFO: WriteHtmlCache Behavior ::run [ RunTime:0.000000s ]
INFO: ShowRuntime Behavior ::run [ RunTime:0.010000s ]
INFO: [ view_filter ] --END-- [ RunTime:0.020000s ]
INFO: [ view_end ] --START--
INFO: ShowPageTrace Behavior ::run [ RunTime:0.000000s ]
INFO: [ view_end ] --END-- [ RunTime:0.000000s ]

[ 2014-10-03T18:38:43+08:00 ] 127.0.0.1 /tp/index/Index/getPictures
INFO: [ route_check ] --START--
INFO: CheckRoute Behavior ::run [ RunTime:0.006000s ]
INFO: [ route_check ] --END-- [ RunTime:0.008000s ]
INFO: [ app_begin ] --START--
INFO: ReadHtmlCache Behavior ::run [ RunTime:0.000000s ]
INFO: [ app_begin ] --END-- [ RunTime:0.000000s ]
NOTIC: [2048] Declaration of BaseAction::ajaxReturn() should be compatible with Action::ajaxReturn($data, $type = '') D:\wamp\www\tp\Lib\Action\BaseAction.class.php 第 38 行.
NOTIC: [8] Undefined index: lastPid D:\wamp\www\tp\Lib\Action\index\IndexAction.class.php 第 15 行.
SQL: tagsmedia.getCollection(picture) [ RunTime:0.001001s ]
NOTIC: [8] Undefined index: where D:\wamp\www\tp\ThinkPHP\Extend\Driver\Db\DbMongo.class.php 第 367 行.
NOTIC: [2] Invalid argument supplied for foreach() D:\wamp\www\tp\ThinkPHP\Extend\Driver\Db\DbMongo.class.php 第 648 行.
SQL: tagsmedia.picture.find({},["_id","author_id","image","pid","description"]).sort({"pid":-1}).limit(10) [ RunTime:0.001000s ]

[ 2014-10-03T18:41:23+08:00 ] 127.0.0.1 /tp/
INFO: [ app_begin ] --START--
INFO: ReadHtmlCache Behavior ::run [ RunTime:0.009000s ]
INFO: [ app_begin ] --END-- [ RunTime:0.020000s ]
NOTIC: [2048] Declaration of BaseAction::ajaxReturn() should be compatible with Action::ajaxReturn($data, $type = '') D:\wamp\www\tp\Lib\Action\BaseAction.class.php 第 38 行.
INFO: [ view_parse ] --START--
INFO: ParseTemplate Behavior ::run [ RunTime:0.091000s ]
INFO: [ view_parse ] --END-- [ RunTime:0.091000s ]
INFO: [ view_filter ] --START--
INFO: ContentReplace Behavior ::run [ RunTime:0.010000s ]
INFO: TokenBuild Behavior ::run [ RunTime:0.010000s ]
INFO: WriteHtmlCache Behavior ::run [ RunTime:0.010000s ]
INFO: ShowRuntime Behavior ::run [ RunTime:0.019001s ]
INFO: [ view_filter ] --END-- [ RunTime:0.050002s ]
INFO: [ view_end ] --START--
INFO: ShowPageTrace Behavior ::run [ RunTime:0.007000s ]
INFO: [ view_end ] --END-- [ RunTime:0.009000s ]

[ 2014-10-03T18:41:25+08:00 ] 127.0.0.1 /tp/index/Index/getPictures
INFO: [ route_check ] --START--
INFO: CheckRoute Behavior ::run [ RunTime:0.048003s ]
INFO: [ route_check ] --END-- [ RunTime:0.050003s ]
INFO: [ app_begin ] --START--
INFO: ReadHtmlCache Behavior ::run [ RunTime:0.006000s ]
INFO: [ app_begin ] --END-- [ RunTime:0.007000s ]
NOTIC: [2048] Declaration of BaseAction::ajaxReturn() should be compatible with Action::ajaxReturn($data, $type = '') D:\wamp\www\tp\Lib\Action\BaseAction.class.php 第 38 行.
NOTIC: [8] Undefined index: lastPid D:\wamp\www\tp\Lib\Action\index\IndexAction.class.php 第 15 行.
SQL: tagsmedia.getCollection(picture) [ RunTime:0.000000s ]
NOTIC: [8] Undefined index: where D:\wamp\www\tp\ThinkPHP\Extend\Driver\Db\DbMongo.class.php 第 367 行.
NOTIC: [2] Invalid argument supplied for foreach() D:\wamp\www\tp\ThinkPHP\Extend\Driver\Db\DbMongo.class.php 第 648 行.
SQL: tagsmedia.picture.find({},["_id","author_id","image","pid","description"]).sort({"pid":-1}).limit(10) [ RunTime:0.010000s ]

[ 2014-10-03T18:41:27+08:00 ] 127.0.0.1 /tp/catalog/Catalog/getFollowCatalogs
INFO: [ route_check ] --START--
INFO: CheckRoute Behavior ::run [ RunTime:0.008000s ]
INFO: [ route_check ] --END-- [ RunTime:0.057003s ]
INFO: [ app_begin ] --START--
INFO: ReadHtmlCache Behavior ::run [ RunTime:0.005000s ]
INFO: [ app_begin ] --END-- [ RunTime:0.007000s ]
NOTIC: [2048] Declaration of BaseAction::ajaxReturn() should be compatible with Action::ajaxReturn($data, $type = '') D:\wamp\www\tp\Lib\Action\BaseAction.class.php 第 38 行.
INFO: [ view_parse ] --START--
INFO: ParseTemplate Behavior ::run [ RunTime:0.062004s ]
INFO: [ view_parse ] --END-- [ RunTime:0.063004s ]
INFO: [ view_filter ] --START--
INFO: ContentReplace Behavior ::run [ RunTime:0.003000s ]
INFO: TokenBuild Behavior ::run [ RunTime:0.004000s ]
INFO: WriteHtmlCache Behavior ::run [ RunTime:0.002000s ]
INFO: ShowRuntime Behavior ::run [ RunTime:0.003001s ]
INFO: [ view_filter ] --END-- [ RunTime:0.016001s ]
INFO: [ view_end ] --START--
INFO: ShowPageTrace Behavior ::run [ RunTime:0.000000s ]
INFO: [ view_end ] --END-- [ RunTime:0.000000s ]

[ 2014-10-03T18:41:30+08:00 ] 127.0.0.1 /tp/index/Index/getPictures
INFO: [ route_check ] --START--
INFO: CheckRoute Behavior ::run [ RunTime:0.010000s ]
INFO: [ route_check ] --END-- [ RunTime:0.010000s ]
INFO: [ app_begin ] --START--
INFO: ReadHtmlCache Behavior ::run [ RunTime:0.000000s ]
INFO: [ app_begin ] --END-- [ RunTime:0.000000s ]
NOTIC: [2048] Declaration of BaseAction::ajaxReturn() should be compatible with Action::ajaxReturn($data, $type = '') D:\wamp\www\tp\Lib\Action\BaseAction.class.php 第 38 行.
SQL: tagsmedia.getCollection(picture) [ RunTime:0.000000s ]
NOTIC: [8] Undefined offset: 0 D:\wamp\www\tp\ThinkPHP\Extend\Driver\Db\DbMongo.class.php 第 715 行.
SQL: tagsmedia.picture.find({"pid":{"$lt":1000000022}},["_id","author_id","image","pid","description"]).sort({"pid":-1}).limit(10) [ RunTime:0.000000s ]

[ 2014-10-03T18:41:35+08:00 ] 127.0.0.1 /tp/index/Index/getPictures
INFO: [ route_check ] --START--
INFO: CheckRoute Behavior ::run [ RunTime:0.010000s ]
INFO: [ route_check ] --END-- [ RunTime:0.010000s ]
INFO: [ app_begin ] --START--
INFO: ReadHtmlCache Behavior ::run [ RunTime:0.000000s ]
INFO: [ app_begin ] --END-- [ RunTime:0.000000s ]
NOTIC: [2048] Declaration of BaseAction::ajaxReturn() should be compatible with Action::ajaxReturn($data, $type = '') D:\wamp\www\tp\Lib\Action\BaseAction.class.php 第 38 行.
SQL: tagsmedia.getCollection(picture) [ RunTime:0.000000s ]
NOTIC: [8] Undefined offset: 0 D:\wamp\www\tp\ThinkPHP\Extend\Driver\Db\DbMongo.class.php 第 715 行.
SQL: tagsmedia.picture.find({"pid":{"$lt":1000000012}},["_id","author_id","image","pid","description"]).sort({"pid":-1}).limit(10) [ RunTime:0.000000s ]

[ 2014-10-03T18:41:37+08:00 ] 127.0.0.1 /tp/index/Index/getPictures
INFO: [ route_check ] --START--
INFO: CheckRoute Behavior ::run [ RunTime:0.006000s ]
INFO: [ route_check ] --END-- [ RunTime:0.008000s ]
INFO: [ app_begin ] --START--
INFO: ReadHtmlCache Behavior ::run [ RunTime:0.012000s ]
INFO: [ app_begin ] --END-- [ RunTime:0.014001s ]
NOTIC: [2048] Declaration of BaseAction::ajaxReturn() should be compatible with Action::ajaxReturn($data, $type = '') D:\wamp\www\tp\Lib\Action\BaseAction.class.php 第 38 行.
SQL: tagsmedia.getCollection(picture) [ RunTime:0.000000s ]
NOTIC: [8] Undefined offset: 0 D:\wamp\www\tp\ThinkPHP\Extend\Driver\Db\DbMongo.class.php 第 715 行.
SQL: tagsmedia.picture.find({"pid":{"$lt":1000000002}},["_id","author_id","image","pid","description"]).sort({"pid":-1}).limit(10) [ RunTime:0.001000s ]

[ 2014-10-03T18:41:46+08:00 ] 127.0.0.1 /tp/
INFO: [ app_begin ] --START--
INFO: ReadHtmlCache Behavior ::run [ RunTime:0.010000s ]
INFO: [ app_begin ] --END-- [ RunTime:0.011000s ]
NOTIC: [2048] Declaration of BaseAction::ajaxReturn() should be compatible with Action::ajaxReturn($data, $type = '') D:\wamp\www\tp\Lib\Action\BaseAction.class.php 第 38 行.
INFO: [ view_parse ] --START--
INFO: ParseTemplate Behavior ::run [ RunTime:0.053002s ]
INFO: [ view_parse ] --END-- [ RunTime:0.064002s ]
INFO: [ view_filter ] --START--
INFO: ContentReplace Behavior ::run [ RunTime:0.000000s ]
INFO: TokenBuild Behavior ::run [ RunTime:0.010000s ]
INFO: WriteHtmlCache Behavior ::run [ RunTime:0.000000s ]
INFO: ShowRuntime Behavior ::run [ RunTime:0.010000s ]
INFO: [ view_filter ] --END-- [ RunTime:0.020000s ]
INFO: [ view_end ] --START--
INFO: ShowPageTrace Behavior ::run [ RunTime:0.011000s ]
INFO: [ view_end ] --END-- [ RunTime:0.012000s ]

[ 2014-10-03T18:41:50+08:00 ] 127.0.0.1 /tp/catalog/Catalog/getFollowCatalogs
INFO: [ route_check ] --START--
INFO: CheckRoute Behavior ::run [ RunTime:0.006000s ]
INFO: [ route_check ] --END-- [ RunTime:0.008000s ]
INFO: [ app_begin ] --START--
INFO: ReadHtmlCache Behavior ::run [ RunTime:0.004000s ]
INFO: [ app_begin ] --END-- [ RunTime:0.006000s ]
NOTIC: [2048] Declaration of BaseAction::ajaxReturn() should be compatible with Action::ajaxReturn($data, $type = '') D:\wamp\www\tp\Lib\Action\BaseAction.class.php 第 38 行.
INFO: [ view_parse ] --START--
INFO: ParseTemplate Behavior ::run [ RunTime:0.066004s ]
INFO: [ view_parse ] --END-- [ RunTime:0.067004s ]
INFO: [ view_filter ] --START--
INFO: ContentReplace Behavior ::run [ RunTime:0.000000s ]
INFO: TokenBuild Behavior ::run [ RunTime:0.000000s ]
INFO: WriteHtmlCache Behavior ::run [ RunTime:0.010000s ]
INFO: ShowRuntime Behavior ::run [ RunTime:0.000000s ]
INFO: [ view_filter ] --END-- [ RunTime:0.010000s ]
INFO: [ view_end ] --START--
INFO: ShowPageTrace Behavior ::run [ RunTime:0.010000s ]
INFO: [ view_end ] --END-- [ RunTime:0.020000s ]

[ 2014-10-03T18:41:51+08:00 ] 127.0.0.1 /tp/index/Index/getPictures
INFO: [ route_check ] --START--
INFO: CheckRoute Behavior ::run [ RunTime:0.034002s ]
INFO: [ route_check ] --END-- [ RunTime:0.036002s ]
INFO: [ app_begin ] --START--
INFO: ReadHtmlCache Behavior ::run [ RunTime:0.008000s ]
INFO: [ app_begin ] --END-- [ RunTime:0.008000s ]
NOTIC: [2048] Declaration of BaseAction::ajaxReturn() should be compatible with Action::ajaxReturn($data, $type = '') D:\wamp\www\tp\Lib\Action\BaseAction.class.php 第 38 行.
NOTIC: [8] Undefined index: lastPid D:\wamp\www\tp\Lib\Action\index\IndexAction.class.php 第 15 行.
SQL: tagsmedia.getCollection(picture) [ RunTime:0.000000s ]
NOTIC: [8] Undefined index: where D:\wamp\www\tp\ThinkPHP\Extend\Driver\Db\DbMongo.class.php 第 367 行.
NOTIC: [2] Invalid argument supplied for foreach() D:\wamp\www\tp\ThinkPHP\Extend\Driver\Db\DbMongo.class.php 第 648 行.
SQL: tagsmedia.picture.find({},["_id","author_id","image","pid","description"]).sort({"pid":-1}).limit(10) [ RunTime:0.000000s ]

[ 2014-10-03T18:41:58+08:00 ] 127.0.0.1 /tp/index/Index/getPictures
INFO: [ route_check ] --START--
INFO: CheckRoute Behavior ::run [ RunTime:0.010000s ]
INFO: [ route_check ] --END-- [ RunTime:0.010000s ]
INFO: [ app_begin ] --START--
INFO: ReadHtmlCache Behavior ::run [ RunTime:0.000000s ]
INFO: [ app_begin ] --END-- [ RunTime:0.000000s ]
NOTIC: [2048] Declaration of BaseAction::ajaxReturn() should be compatible with Action::ajaxReturn($data, $type = '') D:\wamp\www\tp\Lib\Action\BaseAction.class.php 第 38 行.
SQL: tagsmedia.getCollection(picture) [ RunTime:0.000000s ]
NOTIC: [8] Undefined offset: 0 D:\wamp\www\tp\ThinkPHP\Extend\Driver\Db\DbMongo.class.php 第 715 行.
SQL: tagsmedia.picture.find({"pid":{"$lt":1000000022}},["_id","author_id","image","pid","description"]).sort({"pid":-1}).limit(10) [ RunTime:0.000000s ]

[ 2014-10-03T18:42:04+08:00 ] 127.0.0.1 /tp/index/Index/uploadPage
INFO: [ route_check ] --START--
INFO: CheckRoute Behavior ::run [ RunTime:0.000000s ]
INFO: [ route_check ] --END-- [ RunTime:0.010000s ]
INFO: [ app_begin ] --START--
INFO: ReadHtmlCache Behavior ::run [ RunTime:0.015000s ]
INFO: [ app_begin ] --END-- [ RunTime:0.016000s ]
NOTIC: [2048] Declaration of BaseAction::ajaxReturn() should be compatible with Action::ajaxReturn($data, $type = '') D:\wamp\www\tp\Lib\Action\BaseAction.class.php 第 38 行.
INFO: [ view_parse ] --START--
INFO: ParseTemplate Behavior ::run [ RunTime:0.098002s ]
INFO: [ view_parse ] --END-- [ RunTime:0.099002s ]
INFO: [ view_filter ] --START--
INFO: ContentReplace Behavior ::run [ RunTime:0.012000s ]
INFO: TokenBuild Behavior ::run [ RunTime:0.004000s ]
INFO: WriteHtmlCache Behavior ::run [ RunTime:0.003001s ]
INFO: ShowRuntime Behavior ::run [ RunTime:0.005000s ]
INFO: [ view_filter ] --END-- [ RunTime:0.028001s ]
INFO: [ view_end ] --START--
INFO: ShowPageTrace Behavior ::run [ RunTime:0.005000s ]
INFO: [ view_end ] --END-- [ RunTime:0.007000s ]

